<?xml version="1.0" encoding="utf-8"?>
<coverage line-rate="0.8802" branch-rate="0.7222" version="1.9" timestamp="1780728059" lines-covered="691" lines-valid="785" branches-covered="143" branches-valid="198">
  <sources>
    <source>D:\GIT\CharacterManager\src\</source>
  </sources>
  <packages>
    <package name="CharacterManager.Core" line-rate="0.8276" branch-rate="0.7283" complexity="325">
      <classes>
        <class name="CharacterManager.Core.Validation.CharacterValidator" filename="CharacterManager.Core\Validation\CharacterValidator.cs" line-rate="0.8564" branch-rate="0.7923" complexity="133">
          <methods>
            <method name="Validate" signature="(CharacterManager.Core.Characters.Character,CharacterManager.Core.Rules.Ruleset,System.Boolean)" line-rate="1" branch-rate="1" complexity="4">
              <lines>
                <line number="9" hits="12" branch="False" />
                <line number="10" hits="12" branch="False" />
                <line number="12" hits="12" branch="False" />
                <line number="13" hits="12" branch="False" />
                <line number="14" hits="12" branch="False" />
                <line number="15" hits="12" branch="False" />
                <line number="16" hits="12" branch="False" />
                <line number="17" hits="12" branch="False" />
                <line number="18" hits="12" branch="False" />
                <line number="19" hits="12" branch="False" />
                <line number="20" hits="12" branch="False" />
                <line number="21" hits="12" branch="False" />
                <line number="23" hits="12" branch="True" condition-coverage="100% (4/4)">
                  <conditions>
                    <condition number="100" type="jump" coverage="100%" />
                    <condition number="118" type="jump" coverage="100%" />
                  </conditions>
                </line>
                <line number="24" hits="1" branch="False" />
                <line number="25" hits="1" branch="False" />
                <line number="26" hits="1" branch="False" />
                <line number="28" hits="12" branch="False" />
                <line number="29" hits="12" branch="False" />
              </lines>
            </method>
            <method name="ValidateSchema" signature="(CharacterManager.Core.Characters.Character,System.Collections.Generic.List`1&lt;CharacterManager.Core.Validation.ValidationIssue&gt;)" line-rate="0.5" branch-rate="0.5" complexity="2">
              <lines>
                <line number="32" hits="12" branch="False" />
                <line number="33" hits="12" branch="True" condition-coverage="50% (1/2)">
                  <conditions>
                    <condition number="15" type="jump" coverage="50%" />
                  </conditions>
                </line>
                <line number="34" hits="0" branch="False" />
                <line number="35" hits="0" branch="False" />
                <line number="36" hits="0" branch="False" />
                <line number="37" hits="12" branch="False" />
              </lines>
            </method>
            <method name="ValidateRuleset" signature="(CharacterManager.Core.Characters.Character,CharacterManager.Core.Rules.Ruleset,System.Collections.Generic.List`1&lt;CharacterManager.Core.Validation.ValidationIssue&gt;)" line-rate="0.4" branch-rate="0.5" complexity="4">
              <lines>
                <line number="40" hits="12" branch="False" />
                <line number="41" hits="12" branch="True" condition-coverage="50% (1/2)">
                  <conditions>
                    <condition number="14" type="jump" coverage="50%" />
                  </conditions>
                </line>
                <line number="42" hits="0" branch="False" />
                <line number="43" hits="0" branch="False" />
                <line number="44" hits="0" branch="False" />
                <line number="47" hits="12" branch="True" condition-coverage="50% (1/2)">
                  <conditions>
                    <condition number="78" type="jump" coverage="50%" />
                  </conditions>
                </line>
                <line number="48" hits="0" branch="False" />
                <line number="49" hits="0" branch="False" />
                <line number="50" hits="0" branch="False" />
                <line number="51" hits="12" branch="False" />
              </lines>
            </method>
            <method name="ValidateStats" signature="(CharacterManager.Core.Characters.Character,CharacterManager.Core.Rules.Ruleset,System.Boolean,System.Collections.Generic.List`1&lt;CharacterManager.Core.Validation.ValidationIssue&gt;)" line-rate="0.9142" branch-rate="0.8887999999999999" complexity="18">
              <lines>
                <line number="54" hits="12" branch="False" />
                <line number="55" hits="72" branch="False" />
                <line number="57" hits="140" branch="True" condition-coverage="100% (2/2)">
                  <conditions>
                    <condition number="410" type="jump" coverage="100%" />
                  </conditions>
                </line>
                <line number="58" hits="52" branch="False" />
                <line number="59" hits="52" branch="True" condition-coverage="100% (2/2)">
                  <conditions>
                    <condition number="134" type="jump" coverage="100%" />
                  </conditions>
                </line>
                <line number="60" hits="1" branch="False" />
                <line number="61" hits="1" branch="False" />
                <line number="62" hits="1" branch="False" />
                <line number="65" hits="202" branch="False" />
                <line number="66" hits="51" branch="True" condition-coverage="50% (2/4)">
                  <conditions>
                    <condition number="236" type="jump" coverage="50%" />
                    <condition number="266" type="jump" coverage="50%" />
                  </conditions>
                </line>
                <line number="67" hits="0" branch="False" />
                <line number="68" hits="0" branch="False" />
                <line number="69" hits="0" branch="False" />
                <line number="70" hits="51" branch="False" />
                <line number="72" hits="12" branch="True" condition-coverage="100% (2/2)">
                  <conditions>
                    <condition number="436" type="jump" coverage="100%" />
                  </conditions>
                </line>
                <line number="73" hits="1" branch="False" />
                <line number="74" hits="1" branch="False" />
                <line number="77" hits="136" branch="True" condition-coverage="100% (2/2)">
                  <conditions>
                    <condition number="535" type="jump" coverage="100%" />
                  </conditions>
                </line>
                <line number="78" hits="52" branch="False" />
                <line number="79" hits="52" branch="True" condition-coverage="100% (2/2)">
                  <conditions>
                    <condition number="490" type="jump" coverage="100%" />
                  </conditions>
                </line>
                <line number="80" hits="1" branch="False" />
                <line number="81" hits="1" branch="False" />
                <line number="82" hits="1" branch="False" />
                <line number="84" hits="51" branch="False" />
                <line number="86" hits="11" branch="False" />
                <line number="87" hits="52" branch="False" />
                <line number="88" hits="51" branch="False" />
                <line number="89" hits="51" branch="False" />
                <line number="90" hits="11" branch="False" />
                <line number="91" hits="66" branch="False" />
                <line number="93" hits="11" branch="True" condition-coverage="100% (4/4)">
                  <conditions>
                    <condition number="714" type="jump" coverage="100%" />
                    <condition number="733" type="jump" coverage="100%" />
                  </conditions>
                </line>
                <line number="94" hits="2" branch="False" />
                <line number="95" hits="2" branch="False" />
                <line number="96" hits="2" branch="False" />
                <line number="97" hits="12" branch="False" />
              </lines>
            </method>
            <method name="ValidateMeters" signature="(CharacterManager.Core.Characters.Character,CharacterManager.Core.Rules.Ruleset,System.Collections.Generic.List`1&lt;CharacterManager.Core.Validation.ValidationIssue&gt;)" line-rate="1" branch-rate="1" complexity="1">
              <lines>
                <line number="100" hits="12" branch="False" />
                <line number="101" hits="12" branch="False" />
                <line number="102" hits="12" branch="False" />
                <line number="103" hits="12" branch="False" />
                <line number="105" hits="12" branch="False" />
                <line number="106" hits="12" branch="False" />
                <line number="107" hits="12" branch="False" />
                <line number="108" hits="12" branch="False" />
              </lines>
            </method>
            <method name="ValidateMeter" signature="(System.String,CharacterManager.Core.Characters.MeterState,CharacterManager.Core.Rules.Ruleset,System.Collections.Generic.List`1&lt;CharacterManager.Core.Validation.ValidationIssue&gt;)" line-rate="0.8" branch-rate="0.8332999999999999" complexity="6">
              <lines>
                <line number="111" hits="36" branch="False" />
                <line number="112" hits="108" branch="False" />
                <line number="113" hits="36" branch="True" condition-coverage="50% (1/2)">
                  <conditions>
                    <condition number="44" type="jump" coverage="50%" />
                  </conditions>
                </line>
                <line number="114" hits="0" branch="False" />
                <line number="115" hits="0" branch="False" />
                <line number="118" hits="36" branch="True" condition-coverage="100% (4/4)">
                  <conditions>
                    <condition number="64" type="jump" coverage="100%" />
                    <condition number="85" type="jump" coverage="100%" />
                  </conditions>
                </line>
                <line number="119" hits="2" branch="False" />
                <line number="120" hits="2" branch="False" />
                <line number="121" hits="2" branch="False" />
                <line number="122" hits="36" branch="False" />
              </lines>
            </method>
            <method name="ValidateMeterLock" signature="(CharacterManager.Core.Characters.Character,System.String,System.String,System.Collections.Generic.List`1&lt;CharacterManager.Core.Validation.ValidationIssue&gt;)" line-rate="0.3529" branch-rate="0.1875" complexity="16">
              <lines>
                <line number="125" hits="36" branch="False" />
                <line number="126" hits="39" branch="True" condition-coverage="50% (1/2)">
                  <conditions>
                    <condition number="6" type="jump" coverage="50%" />
                  </conditions>
                </line>
                <line number="127" hits="36" branch="True" condition-coverage="50% (1/2)">
                  <conditions>
                    <condition number="44" type="jump" coverage="50%" />
                  </conditions>
                </line>
                <line number="128" hits="36" branch="False" />
                <line number="129" hits="36" branch="False" />
                <line number="132" hits="0" branch="True" condition-coverage="0% (0/6)">
                  <conditions>
                    <condition number="67" type="jump" coverage="0%" />
                    <condition number="80" type="jump" coverage="0%" />
                    <condition number="93" type="jump" coverage="0%" />
                  </conditions>
                </line>
                <line number="133" hits="0" branch="False" />
                <line number="134" hits="0" branch="False" />
                <line number="135" hits="0" branch="False" />
                <line number="136" hits="0" branch="False" />
                <line number="137" hits="0" branch="False" />
                <line number="138" hits="0" branch="False" />
                <line number="140" hits="0" branch="True" condition-coverage="16.66% (1/6)">
                  <conditions>
                    <condition number="155" type="jump" coverage="0%" />
                    <condition number="164" type="jump" coverage="0%" />
                    <condition number="182" type="jump" coverage="50%" />
                  </conditions>
                </line>
                <line number="141" hits="0" branch="False" />
                <line number="142" hits="0" branch="False" />
                <line number="143" hits="0" branch="False" />
                <line number="144" hits="36" branch="False" />
              </lines>
            </method>
            <method name="ValidateDebilities" signature="(CharacterManager.Core.Characters.Character,CharacterManager.Core.Rules.Ruleset,System.Collections.Generic.List`1&lt;CharacterManager.Core.Validation.ValidationIssue&gt;)" line-rate="1" branch-rate="1" complexity="4">
              <lines>
                <line number="147" hits="12" branch="False" />
                <line number="148" hits="108" branch="False" />
                <line number="149" hits="38" branch="True" condition-coverage="100% (2/2)">
                  <conditions>
                    <condition number="148" type="jump" coverage="100%" />
                  </conditions>
                </line>
                <line number="150" hits="1" branch="False" />
                <line number="151" hits="1" branch="True" condition-coverage="100% (2/2)">
                  <conditions>
                    <condition number="94" type="jump" coverage="100%" />
                  </conditions>
                </line>
                <line number="152" hits="1" branch="False" />
                <line number="153" hits="1" branch="False" />
                <line number="154" hits="1" branch="False" />
                <line number="155" hits="1" branch="False" />
                <line number="156" hits="12" branch="False" />
              </lines>
            </method>
            <method name="ValidateMomentum" signature="(CharacterManager.Core.Characters.Character,CharacterManager.Core.Rules.Ruleset,System.Collections.Generic.List`1&lt;CharacterManager.Core.Validation.ValidationIssue&gt;)" line-rate="1" branch-rate="0.9" complexity="10">
              <lines>
                <line number="159" hits="12" branch="False" />
                <line number="160" hits="12" branch="False" />
                <line number="161" hits="12" branch="True" condition-coverage="75% (3/4)">
                  <conditions>
                    <condition number="42" type="jump" coverage="50%" />
                    <condition number="68" type="jump" coverage="100%" />
                  </conditions>
                </line>
                <line number="162" hits="1" branch="False" />
                <line number="163" hits="1" branch="False" />
                <line number="164" hits="1" branch="False" />
                <line number="166" hits="12" branch="True" condition-coverage="100% (6/6)">
                  <conditions>
                    <condition number="200" type="jump" coverage="100%" />
                    <condition number="219" type="jump" coverage="100%" />
                    <condition number="248" type="jump" coverage="100%" />
                  </conditions>
                </line>
                <line number="167" hits="1" branch="False" />
                <line number="168" hits="1" branch="False" />
                <line number="169" hits="1" branch="False" />
                <line number="170" hits="12" branch="False" />
              </lines>
            </method>
            <method name="ValidateAssets" signature="(CharacterManager.Core.Characters.Character,CharacterManager.Core.Rules.Ruleset,System.Boolean,System.Collections.Generic.List`1&lt;CharacterManager.Core.Validation.ValidationIssue&gt;)" line-rate="0.8845999999999999" branch-rate="0.8887999999999999" complexity="18">
              <lines>
                <line number="173" hits="12" branch="False" />
                <line number="174" hits="12" branch="True" condition-coverage="100% (4/4)">
                  <conditions>
                    <condition number="2" type="jump" coverage="100%" />
                    <condition number="36" type="jump" coverage="100%" />
                  </conditions>
                </line>
                <line number="175" hits="1" branch="False" />
                <line number="176" hits="1" branch="False" />
                <line number="177" hits="1" branch="False" />
                <line number="179" hits="960" branch="False" />
                <line number="180" hits="96" branch="True" condition-coverage="100% (2/2)">
                  <conditions>
                    <condition number="363" type="jump" coverage="100%" />
                  </conditions>
                </line>
                <line number="181" hits="30" branch="False" />
                <line number="182" hits="30" branch="True" condition-coverage="50% (1/2)">
                  <conditions>
                    <condition number="226" type="jump" coverage="50%" />
                  </conditions>
                </line>
                <line number="183" hits="0" branch="False" />
                <line number="184" hits="0" branch="False" />
                <line number="185" hits="0" branch="False" />
                <line number="188" hits="30" branch="True" condition-coverage="100% (4/4)">
                  <conditions>
                    <condition number="282" type="jump" coverage="100%" />
                    <condition number="303" type="jump" coverage="100%" />
                  </conditions>
                </line>
                <line number="189" hits="1" branch="False" />
                <line number="190" hits="1" branch="False" />
                <line number="191" hits="1" branch="False" />
                <line number="192" hits="30" branch="False" />
                <line number="194" hits="97" branch="True" condition-coverage="100% (2/2)">
                  <conditions>
                    <condition number="604" type="jump" coverage="100%" />
                  </conditions>
                </line>
                <line number="195" hits="1" branch="False" />
                <line number="196" hits="12" branch="False" />
                <line number="197" hits="1" branch="True" condition-coverage="75% (3/4)">
                  <conditions>
                    <condition number="524" type="jump" coverage="50%" />
                    <condition number="543" type="jump" coverage="100%" />
                  </conditions>
                </line>
                <line number="198" hits="1" branch="False" />
                <line number="199" hits="1" branch="False" />
                <line number="200" hits="1" branch="False" />
                <line number="201" hits="1" branch="False" />
                <line number="202" hits="12" branch="False" />
              </lines>
            </method>
            <method name="ValidateProgressTracks" signature="(CharacterManager.Core.Characters.Character,CharacterManager.Core.Rules.Ruleset,System.Collections.Generic.List`1&lt;CharacterManager.Core.Validation.ValidationIssue&gt;)" line-rate="0.7857" branch-rate="0.8571" complexity="14">
              <lines>
                <line number="205" hits="12" branch="False" />
                <line number="206" hits="64" branch="True" condition-coverage="100% (2/2)">
                  <conditions>
                    <condition number="303" type="jump" coverage="100%" />
                  </conditions>
                </line>
                <line number="207" hits="20" branch="False" />
                <line number="208" hits="20" branch="False" />
                <line number="209" hits="20" branch="True" condition-coverage="100% (8/8)">
                  <conditions>
                    <condition number="31" type="jump" coverage="100%" />
                    <condition number="36" type="jump" coverage="100%" />
                    <condition number="47" type="jump" coverage="100%" />
                    <condition number="69" type="jump" coverage="100%" />
                  </conditions>
                </line>
                <line number="210" hits="1" branch="False" />
                <line number="211" hits="1" branch="False" />
                <line number="212" hits="1" branch="False" />
                <line number="214" hits="20" branch="True" condition-coverage="50% (2/4)">
                  <conditions>
                    <condition number="163" type="jump" coverage="50%" />
                    <condition number="197" type="jump" coverage="50%" />
                  </conditions>
                </line>
                <line number="215" hits="0" branch="False" />
                <line number="216" hits="0" branch="False" />
                <line number="217" hits="0" branch="False" />
                <line number="218" hits="20" branch="False" />
                <line number="219" hits="12" branch="False" />
              </lines>
            </method>
            <method name="ValidateVows" signature="(CharacterManager.Core.Characters.Character,CharacterManager.Core.Rules.Ruleset,System.Boolean,System.Collections.Generic.List`1&lt;CharacterManager.Core.Validation.ValidationIssue&gt;)" line-rate="1" branch-rate="0.8845999999999999" complexity="26">
              <lines>
                <line number="222" hits="12" branch="False" />
                <line number="223" hits="30" branch="False" />
                <line number="224" hits="12" branch="True" condition-coverage="100% (4/4)">
                  <conditions>
                    <condition number="50" type="jump" coverage="100%" />
                    <condition number="73" type="jump" coverage="100%" />
                  </conditions>
                </line>
                <line number="225" hits="3" branch="False" />
                <line number="226" hits="3" branch="False" />
                <line number="227" hits="3" branch="False" />
                <line number="229" hits="22" branch="True" condition-coverage="100% (4/4)">
                  <conditions>
                    <condition number="167" type="jump" coverage="100%" />
                    <condition number="214" type="jump" coverage="100%" />
                  </conditions>
                </line>
                <line number="230" hits="2" branch="False" />
                <line number="231" hits="2" branch="False" />
                <line number="232" hits="2" branch="False" />
                <line number="234" hits="30" branch="True" condition-coverage="100% (4/4)">
                  <conditions>
                    <condition number="251" type="jump" coverage="100%" />
                    <condition number="300" type="jump" coverage="100%" />
                  </conditions>
                </line>
                <line number="235" hits="2" branch="False" />
                <line number="236" hits="2" branch="False" />
                <line number="237" hits="2" branch="False" />
                <line number="239" hits="60" branch="True" condition-coverage="100% (2/2)">
                  <conditions>
                    <condition number="761" type="jump" coverage="100%" />
                  </conditions>
                </line>
                <line number="240" hits="18" branch="False" />
                <line number="241" hits="18" branch="False" />
                <line number="242" hits="18" branch="True" condition-coverage="75% (3/4)">
                  <conditions>
                    <condition number="377" type="jump" coverage="50%" />
                    <condition number="398" type="jump" coverage="100%" />
                  </conditions>
                </line>
                <line number="243" hits="1" branch="False" />
                <line number="244" hits="1" branch="False" />
                <line number="245" hits="1" branch="False" />
                <line number="247" hits="18" branch="True" condition-coverage="75% (3/4)">
                  <conditions>
                    <condition number="499" type="jump" coverage="50%" />
                    <condition number="520" type="jump" coverage="100%" />
                  </conditions>
                </line>
                <line number="248" hits="1" branch="False" />
                <line number="249" hits="1" branch="False" />
                <line number="250" hits="1" branch="False" />
                <line number="252" hits="18" branch="True" condition-coverage="75% (3/4)">
                  <conditions>
                    <condition number="616" type="jump" coverage="50%" />
                    <condition number="651" type="jump" coverage="100%" />
                  </conditions>
                </line>
                <line number="253" hits="1" branch="False" />
                <line number="254" hits="1" branch="False" />
                <line number="255" hits="1" branch="False" />
                <line number="256" hits="18" branch="False" />
                <line number="257" hits="12" branch="False" />
              </lines>
            </method>
            <method name="ValidateBonds" signature="(CharacterManager.Core.Characters.Character,CharacterManager.Core.Rules.Ruleset,System.Collections.Generic.List`1&lt;CharacterManager.Core.Validation.ValidationIssue&gt;)" line-rate="1" branch-rate="1" complexity="8">
              <lines>
                <line number="260" hits="12" branch="False" />
                <line number="261" hits="16" branch="False" />
                <line number="262" hits="12" branch="True" condition-coverage="100% (2/2)">
                  <conditions>
                    <condition number="60" type="jump" coverage="100%" />
                  </conditions>
                </line>
                <line number="263" hits="1" branch="False" />
                <line number="264" hits="1" branch="False" />
                <line number="265" hits="1" branch="False" />
                <line number="267" hits="32" branch="True" condition-coverage="100% (2/2)">
                  <conditions>
                    <condition number="290" type="jump" coverage="100%" />
                  </conditions>
                </line>
                <line number="268" hits="4" branch="False" />
                <line number="269" hits="4" branch="True" condition-coverage="100% (2/2)">
                  <conditions>
                    <condition number="184" type="jump" coverage="100%" />
                  </conditions>
                </line>
                <line number="270" hits="1" branch="False" />
                <line number="271" hits="1" branch="False" />
                <line number="272" hits="1" branch="False" />
                <line number="273" hits="4" branch="False" />
                <line number="275" hits="47" branch="True" condition-coverage="100% (2/2)">
                  <conditions>
                    <condition number="474" type="jump" coverage="100%" />
                  </conditions>
                </line>
                <line number="276" hits="1" branch="False" />
                <line number="277" hits="1" branch="False" />
                <line number="278" hits="1" branch="False" />
                <line number="279" hits="12" branch="False" />
              </lines>
            </method>
            <method name="Error" signature="(System.String,System.String,System.String,System.String)" line-rate="1" branch-rate="1" complexity="1">
              <lines>
                <line number="281" hits="25" branch="False" />
              </lines>
            </method>
            <method name="Warning" signature="(System.String,System.String,System.String,System.String)" line-rate="1" branch-rate="1" complexity="1">
              <lines>
                <line number="283" hits="2" branch="False" />
              </lines>
            </method>
          </methods>
          <lines>
            <line number="9" hits="12" branch="False" />
            <line number="10" hits="12" branch="False" />
            <line number="12" hits="12" branch="False" />
            <line number="13" hits="12" branch="False" />
            <line number="14" hits="12" branch="False" />
            <line number="15" hits="12" branch="False" />
            <line number="16" hits="12" branch="False" />
            <line number="17" hits="12" branch="False" />
            <line number="18" hits="12" branch="False" />
            <line number="19" hits="12" branch="False" />
            <line number="20" hits="12" branch="False" />
            <line number="21" hits="12" branch="False" />
            <line number="23" hits="12" branch="True" condition-coverage="100% (4/4)">
              <conditions>
                <condition number="100" type="jump" coverage="100%" />
                <condition number="118" type="jump" coverage="100%" />
              </conditions>
            </line>
            <line number="24" hits="1" branch="False" />
            <line number="25" hits="1" branch="False" />
            <line number="26" hits="1" branch="False" />
            <line number="28" hits="12" branch="False" />
            <line number="29" hits="12" branch="False" />
            <line number="32" hits="12" branch="False" />
            <line number="33" hits="12" branch="True" condition-coverage="50% (1/2)">
              <conditions>
                <condition number="15" type="jump" coverage="50%" />
              </conditions>
            </line>
            <line number="34" hits="0" branch="False" />
            <line number="35" hits="0" branch="False" />
            <line number="36" hits="0" branch="False" />
            <line number="37" hits="12" branch="False" />
            <line number="40" hits="12" branch="False" />
            <line number="41" hits="12" branch="True" condition-coverage="50% (1/2)">
              <conditions>
                <condition number="14" type="jump" coverage="50%" />
              </conditions>
            </line>
            <line number="42" hits="0" branch="False" />
            <line number="43" hits="0" branch="False" />
            <line number="44" hits="0" branch="False" />
            <line number="47" hits="12" branch="True" condition-coverage="50% (1/2)">
              <conditions>
                <condition number="78" type="jump" coverage="50%" />
              </conditions>
            </line>
            <line number="48" hits="0" branch="False" />
            <line number="49" hits="0" branch="False" />
            <line number="50" hits="0" branch="False" />
            <line number="51" hits="12" branch="False" />
            <line number="54" hits="12" branch="False" />
            <line number="55" hits="72" branch="False" />
            <line number="57" hits="140" branch="True" condition-coverage="100% (2/2)">
              <conditions>
                <condition number="410" type="jump" coverage="100%" />
              </conditions>
            </line>
            <line number="58" hits="52" branch="False" />
            <line number="59" hits="52" branch="True" condition-coverage="100% (2/2)">
              <conditions>
                <condition number="134" type="jump" coverage="100%" />
              </conditions>
            </line>
            <line number="60" hits="1" branch="False" />
            <line number="61" hits="1" branch="False" />
            <line number="62" hits="1" branch="False" />
            <line number="65" hits="202" branch="False" />
            <line number="66" hits="51" branch="True" condition-coverage="50% (2/4)">
              <conditions>
                <condition number="236" type="jump" coverage="50%" />
                <condition number="266" type="jump" coverage="50%" />
              </conditions>
            </line>
            <line number="67" hits="0" branch="False" />
            <line number="68" hits="0" branch="False" />
            <line number="69" hits="0" branch="False" />
            <line number="70" hits="51" branch="False" />
            <line number="72" hits="12" branch="True" condition-coverage="100% (2/2)">
              <conditions>
                <condition number="436" type="jump" coverage="100%" />
              </conditions>
            </line>
            <line number="73" hits="1" branch="False" />
            <line number="74" hits="1" branch="False" />
            <line number="77" hits="136" branch="True" condition-coverage="100% (2/2)">
              <conditions>
                <condition number="535" type="jump" coverage="100%" />
              </conditions>
            </line>
            <line number="78" hits="52" branch="False" />
            <line number="79" hits="52" branch="True" condition-coverage="100% (2/2)">
              <conditions>
                <condition number="490" type="jump" coverage="100%" />
              </conditions>
            </line>
            <line number="80" hits="1" branch="False" />
            <line number="81" hits="1" branch="False" />
            <line number="82" hits="1" branch="False" />
            <line number="84" hits="51" branch="False" />
            <line number="86" hits="11" branch="False" />
            <line number="87" hits="52" branch="False" />
            <line number="88" hits="51" branch="False" />
            <line number="89" hits="51" branch="False" />
            <line number="90" hits="11" branch="False" />
            <line number="91" hits="66" branch="False" />
            <line number="93" hits="11" branch="True" condition-coverage="100% (4/4)">
              <conditions>
                <condition number="714" type="jump" coverage="100%" />
                <condition number="733" type="jump" coverage="100%" />
              </conditions>
            </line>
            <line number="94" hits="2" branch="False" />
            <line number="95" hits="2" branch="False" />
            <line number="96" hits="2" branch="False" />
            <line number="97" hits="12" branch="False" />
            <line number="100" hits="12" branch="False" />
            <line number="101" hits="12" branch="False" />
            <line number="102" hits="12" branch="False" />
            <line number="103" hits="12" branch="False" />
            <line number="105" hits="12" branch="False" />
            <line number="106" hits="12" branch="False" />
            <line number="107" hits="12" branch="False" />
            <line number="108" hits="12" branch="False" />
            <line number="111" hits="36" branch="False" />
            <line number="112" hits="108" branch="False" />
            <line number="113" hits="36" branch="True" condition-coverage="50% (1/2)">
              <conditions>
                <condition number="44" type="jump" coverage="50%" />
              </conditions>
            </line>
            <line number="114" hits="0" branch="False" />
            <line number="115" hits="0" branch="False" />
            <line number="118" hits="36" branch="True" condition-coverage="100% (4/4)">
              <conditions>
                <condition number="64" type="jump" coverage="100%" />
                <condition number="85" type="jump" coverage="100%" />
              </conditions>
            </line>
            <line number="119" hits="2" branch="False" />
            <line number="120" hits="2" branch="False" />
            <line number="121" hits="2" branch="False" />
            <line number="122" hits="36" branch="False" />
            <line number="125" hits="36" branch="False" />
            <line number="126" hits="39" branch="True" condition-coverage="50% (1/2)">
              <conditions>
                <condition number="6" type="jump" coverage="50%" />
              </conditions>
            </line>
            <line number="127" hits="36" branch="True" condition-coverage="50% (1/2)">
              <conditions>
                <condition number="44" type="jump" coverage="50%" />
              </conditions>
            </line>
            <line number="128" hits="36" branch="False" />
            <line number="129" hits="36" branch="False" />
            <line number="132" hits="0" branch="True" condition-coverage="0% (0/6)">
              <conditions>
                <condition number="67" type="jump" coverage="0%" />
                <condition number="80" type="jump" coverage="0%" />
                <condition number="93" type="jump" coverage="0%" />
              </conditions>
            </line>
            <line number="133" hits="0" branch="False" />
            <line number="134" hits="0" branch="False" />
            <line number="135" hits="0" branch="False" />
            <line number="136" hits="0" branch="False" />
            <line number="137" hits="0" branch="False" />
            <line number="138" hits="0" branch="False" />
            <line number="140" hits="0" branch="True" condition-coverage="16.66% (1/6)">
              <conditions>
                <condition number="155" type="jump" coverage="0%" />
                <condition number="164" type="jump" coverage="0%" />
                <condition number="182" type="jump" coverage="50%" />
              </conditions>
            </line>
            <line number="141" hits="0" branch="False" />
            <line number="142" hits="0" branch="False" />
            <line number="143" hits="0" branch="False" />
            <line number="144" hits="36" branch="False" />
            <line number="147" hits="12" branch="False" />
            <line number="148" hits="108" branch="False" />
            <line number="149" hits="38" branch="True" condition-coverage="100% (2/2)">
              <conditions>
                <condition number="148" type="jump" coverage="100%" />
              </conditions>
            </line>
            <line number="150" hits="1" branch="False" />
            <line number="151" hits="1" branch="True" condition-coverage="100% (2/2)">
              <conditions>
                <condition number="94" type="jump" coverage="100%" />
              </conditions>
            </line>
            <line number="152" hits="1" branch="False" />
            <line number="153" hits="1" branch="False" />
            <line number="154" hits="1" branch="False" />
            <line number="155" hits="1" branch="False" />
            <line number="156" hits="12" branch="False" />
            <line number="159" hits="12" branch="False" />
            <line number="160" hits="12" branch="False" />
            <line number="161" hits="12" branch="True" condition-coverage="75% (3/4)">
              <conditions>
                <condition number="42" type="jump" coverage="50%" />
                <condition number="68" type="jump" coverage="100%" />
              </conditions>
            </line>
            <line number="162" hits="1" branch="False" />
            <line number="163" hits="1" branch="False" />
            <line number="164" hits="1" branch="False" />
            <line number="166" hits="12" branch="True" condition-coverage="100% (6/6)">
              <conditions>
                <condition number="200" type="jump" coverage="100%" />
                <condition number="219" type="jump" coverage="100%" />
                <condition number="248" type="jump" coverage="100%" />
              </conditions>
            </line>
            <line number="167" hits="1" branch="False" />
            <line number="168" hits="1" branch="False" />
            <line number="169" hits="1" branch="False" />
            <line number="170" hits="12" branch="False" />
            <line number="173" hits="12" branch="False" />
            <line number="174" hits="12" branch="True" condition-coverage="100% (4/4)">
              <conditions>
                <condition number="2" type="jump" coverage="100%" />
                <condition number="36" type="jump" coverage="100%" />
              </conditions>
            </line>
            <line number="175" hits="1" branch="False" />
            <line number="176" hits="1" branch="False" />
            <line number="177" hits="1" branch="False" />
            <line number="179" hits="960" branch="False" />
            <line number="180" hits="96" branch="True" condition-coverage="100% (2/2)">
              <conditions>
                <condition number="363" type="jump" coverage="100%" />
              </conditions>
            </line>
            <line number="181" hits="30" branch="False" />
            <line number="182" hits="30" branch="True" condition-coverage="50% (1/2)">
              <conditions>
                <condition number="226" type="jump" coverage="50%" />
              </conditions>
            </line>
            <line number="183" hits="0" branch="False" />
            <line number="184" hits="0" branch="False" />
            <line number="185" hits="0" branch="False" />
            <line number="188" hits="30" branch="True" condition-coverage="100% (4/4)">
              <conditions>
                <condition number="282" type="jump" coverage="100%" />
                <condition number="303" type="jump" coverage="100%" />
              </conditions>
            </line>
            <line number="189" hits="1" branch="False" />
            <line number="190" hits="1" branch="False" />
            <line number="191" hits="1" branch="False" />
            <line number="192" hits="30" branch="False" />
            <line number="194" hits="97" branch="True" condition-coverage="100% (2/2)">
              <conditions>
                <condition number="604" type="jump" coverage="100%" />
              </conditions>
            </line>
            <line number="195" hits="1" branch="False" />
            <line number="196" hits="12" branch="False" />
            <line number="197" hits="1" branch="True" condition-coverage="75% (3/4)">
              <conditions>
                <condition number="524" type="jump" coverage="50%" />
                <condition number="543" type="jump" coverage="100%" />
              </conditions>
            </line>
            <line number="198" hits="1" branch="False" />
            <line number="199" hits="1" branch="False" />
            <line number="200" hits="1" branch="False" />
            <line number="201" hits="1" branch="False" />
            <line number="202" hits="12" branch="False" />
            <line number="205" hits="12" branch="False" />
            <line number="206" hits="64" branch="True" condition-coverage="100% (2/2)">
              <conditions>
                <condition number="303" type="jump" coverage="100%" />
              </conditions>
            </line>
            <line number="207" hits="20" branch="False" />
            <line number="208" hits="20" branch="False" />
            <line number="209" hits="20" branch="True" condition-coverage="100% (8/8)">
              <conditions>
                <condition number="31" type="jump" coverage="100%" />
                <condition number="36" type="jump" coverage="100%" />
                <condition number="47" type="jump" coverage="100%" />
                <condition number="69" type="jump" coverage="100%" />
              </conditions>
            </line>
            <line number="210" hits="1" branch="False" />
            <line number="211" hits="1" branch="False" />
            <line number="212" hits="1" branch="False" />
            <line number="214" hits="20" branch="True" condition-coverage="50% (2/4)">
              <conditions>
                <condition number="163" type="jump" coverage="50%" />
                <condition number="197" type="jump" coverage="50%" />
              </conditions>
            </line>
            <line number="215" hits="0" branch="False" />
            <line number="216" hits="0" branch="False" />
            <line number="217" hits="0" branch="False" />
            <line number="218" hits="20" branch="False" />
            <line number="219" hits="12" branch="False" />
            <line number="222" hits="12" branch="False" />
            <line number="223" hits="30" branch="False" />
            <line number="224" hits="12" branch="True" condition-coverage="100% (4/4)">
              <conditions>
                <condition number="50" type="jump" coverage="100%" />
                <condition number="73" type="jump" coverage="100%" />
              </conditions>
            </line>
            <line number="225" hits="3" branch="False" />
            <line number="226" hits="3" branch="False" />
            <line number="227" hits="3" branch="False" />
            <line number="229" hits="22" branch="True" condition-coverage="100% (4/4)">
              <conditions>
                <condition number="167" type="jump" coverage="100%" />
                <condition number="214" type="jump" coverage="100%" />
              </conditions>
            </line>
            <line number="230" hits="2" branch="False" />
            <line number="231" hits="2" branch="False" />
            <line number="232" hits="2" branch="False" />
            <line number="234" hits="30" branch="True" condition-coverage="100% (4/4)">
              <conditions>
                <condition number="251" type="jump" coverage="100%" />
                <condition number="300" type="jump" coverage="100%" />
              </conditions>
            </line>
            <line number="235" hits="2" branch="False" />
            <line number="236" hits="2" branch="False" />
            <line number="237" hits="2" branch="False" />
            <line number="239" hits="60" branch="True" condition-coverage="100% (2/2)">
              <conditions>
                <condition number="761" type="jump" coverage="100%" />
              </conditions>
            </line>
            <line number="240" hits="18" branch="False" />
            <line number="241" hits="18" branch="False" />
            <line number="242" hits="18" branch="True" condition-coverage="75% (3/4)">
              <conditions>
                <condition number="377" type="jump" coverage="50%" />
                <condition number="398" type="jump" coverage="100%" />
              </conditions>
            </line>
            <line number="243" hits="1" branch="False" />
            <line number="244" hits="1" branch="False" />
            <line number="245" hits="1" branch="False" />
            <line number="247" hits="18" branch="True" condition-coverage="75% (3/4)">
              <conditions>
                <condition number="499" type="jump" coverage="50%" />
                <condition number="520" type="jump" coverage="100%" />
              </conditions>
            </line>
            <line number="248" hits="1" branch="False" />
            <line number="249" hits="1" branch="False" />
            <line number="250" hits="1" branch="False" />
            <line number="252" hits="18" branch="True" condition-coverage="75% (3/4)">
              <conditions>
                <condition number="616" type="jump" coverage="50%" />
                <condition number="651" type="jump" coverage="100%" />
              </conditions>
            </line>
            <line number="253" hits="1" branch="False" />
            <line number="254" hits="1" branch="False" />
            <line number="255" hits="1" branch="False" />
            <line number="256" hits="18" branch="False" />
            <line number="257" hits="12" branch="False" />
            <line number="260" hits="12" branch="False" />
            <line number="261" hits="16" branch="False" />
            <line number="262" hits="12" branch="True" condition-coverage="100% (2/2)">
              <conditions>
                <condition number="60" type="jump" coverage="100%" />
              </conditions>
            </line>
            <line number="263" hits="1" branch="False" />
            <line number="264" hits="1" branch="False" />
            <line number="265" hits="1" branch="False" />
            <line number="267" hits="32" branch="True" condition-coverage="100% (2/2)">
              <conditions>
                <condition number="290" type="jump" coverage="100%" />
              </conditions>
            </line>
            <line number="268" hits="4" branch="False" />
            <line number="269" hits="4" branch="True" condition-coverage="100% (2/2)">
              <conditions>
                <condition number="184" type="jump" coverage="100%" />
              </conditions>
            </line>
            <line number="270" hits="1" branch="False" />
            <line number="271" hits="1" branch="False" />
            <line number="272" hits="1" branch="False" />
            <line number="273" hits="4" branch="False" />
            <line number="275" hits="47" branch="True" condition-coverage="100% (2/2)">
              <conditions>
                <condition number="474" type="jump" coverage="100%" />
              </conditions>
            </line>
            <line number="276" hits="1" branch="False" />
            <line number="277" hits="1" branch="False" />
            <line number="278" hits="1" branch="False" />
            <line number="279" hits="12" branch="False" />
            <line number="281" hits="25" branch="False" />
            <line number="283" hits="2" branch="False" />
          </lines>
        </class>
        <class name="CharacterManager.Core.Validation.ConditionMeterChangeValidator" filename="CharacterManager.Core\Validation\ConditionMeterChangeValidator.cs" line-rate="1" branch-rate="0.875" complexity="9">
          <methods>
            <method name="ValidateIncreaseLocks" signature="(CharacterManager.Core.Characters.Character,CharacterManager.Core.Characters.Character)" line-rate="1" branch-rate="1" complexity="1">
              <lines>
                <line number="8" hits="1" branch="False" />
                <line number="9" hits="1" branch="False" />
                <line number="10" hits="1" branch="False" />
                <line number="11" hits="1" branch="False" />
                <line number="12" hits="1" branch="False" />
                <line number="13" hits="1" branch="False" />
                <line number="14" hits="1" branch="False" />
              </lines>
            </method>
            <method name="ValidateMeter" signature="(CharacterManager.Core.Characters.Character,CharacterManager.Core.Characters.Character,System.String,System.String,CharacterManager.Core.Characters.MeterState,CharacterManager.Core.Characters.MeterState,System.Collections.Generic.List`1&lt;CharacterManager.Core.Validation.ValidationIssue&gt;)" line-rate="1" branch-rate="0.875" complexity="8">
              <lines>
                <line number="24" hits="3" branch="False" />
                <line number="25" hits="6" branch="True" condition-coverage="100% (2/2)">
                  <conditions>
                    <condition number="37" type="jump" coverage="100%" />
                  </conditions>
                </line>
                <line number="26" hits="5" branch="True" condition-coverage="50% (1/2)">
                  <conditions>
                    <condition number="6" type="jump" coverage="50%" />
                  </conditions>
                </line>
                <line number="28" hits="3" branch="True" condition-coverage="100% (4/4)">
                  <conditions>
                    <condition number="67" type="jump" coverage="100%" />
                    <condition number="90" type="jump" coverage="100%" />
                  </conditions>
                </line>
                <line number="29" hits="1" branch="False" />
                <line number="30" hits="1" branch="False" />
                <line number="31" hits="1" branch="False" />
                <line number="32" hits="1" branch="False" />
                <line number="33" hits="1" branch="False" />
                <line number="34" hits="1" branch="False" />
                <line number="35" hits="1" branch="False" />
                <line number="36" hits="1" branch="False" />
                <line number="37" hits="3" branch="False" />
              </lines>
            </method>
          </methods>
          <lines>
            <line number="8" hits="1" branch="False" />
            <line number="9" hits="1" branch="False" />
            <line number="10" hits="1" branch="False" />
            <line number="11" hits="1" branch="False" />
            <line number="12" hits="1" branch="False" />
            <line number="13" hits="1" branch="False" />
            <line number="14" hits="1" branch="False" />
            <line number="24" hits="3" branch="False" />
            <line number="25" hits="6" branch="True" condition-coverage="100% (2/2)">
              <conditions>
                <condition number="37" type="jump" coverage="100%" />
              </conditions>
            </line>
            <line number="26" hits="5" branch="True" condition-coverage="50% (1/2)">
              <conditions>
                <condition number="6" type="jump" coverage="50%" />
              </conditions>
            </line>
            <line number="28" hits="3" branch="True" condition-coverage="100% (4/4)">
              <conditions>
                <condition number="67" type="jump" coverage="100%" />
                <condition number="90" type="jump" coverage="100%" />
              </conditions>
            </line>
            <line number="29" hits="1" branch="False" />
            <line number="30" hits="1" branch="False" />
            <line number="31" hits="1" branch="False" />
            <line number="32" hits="1" branch="False" />
            <line number="33" hits="1" branch="False" />
            <line number="34" hits="1" branch="False" />
            <line number="35" hits="1" branch="False" />
            <line number="36" hits="1" branch="False" />
            <line number="37" hits="3" branch="False" />
          </lines>
        </class>
        <class name="CharacterManager.Core.Validation.ValidationResult" filename="CharacterManager.Core\Validation\ValidationResult.cs" line-rate="1" branch-rate="1" complexity="3">
          <methods>
            <method name="get_Errors" signature="()" line-rate="1" branch-rate="1" complexity="1">
              <lines>
                <line number="3" hits="40" branch="False" />
              </lines>
            </method>
            <method name="get_IsValid" signature="()" line-rate="1" branch-rate="1" complexity="1">
              <lines>
                <line number="5" hits="2" branch="False" />
              </lines>
            </method>
            <method name="FromIssues" signature="(System.Collections.Generic.IEnumerable`1&lt;CharacterManager.Core.Validation.ValidationIssue&gt;)" line-rate="1" branch-rate="1" complexity="1">
              <lines>
                <line number="8" hits="13" branch="False" />
                <line number="9" hits="13" branch="False" />
                <line number="10" hits="13" branch="False" />
                <line number="11" hits="28" branch="False" />
                <line number="12" hits="41" branch="False" />
                <line number="13" hits="13" branch="False" />
              </lines>
            </method>
          </methods>
          <lines>
            <line number="3" hits="40" branch="False" />
            <line number="5" hits="2" branch="False" />
            <line number="8" hits="13" branch="False" />
            <line number="9" hits="13" branch="False" />
            <line number="10" hits="13" branch="False" />
            <line number="11" hits="28" branch="False" />
            <line number="12" hits="41" branch="False" />
            <line number="13" hits="13" branch="False" />
          </lines>
        </class>
        <class name="CharacterManager.Core.Validation.ValidationIssue" filename="CharacterManager.Core\Validation\ValidationResult.cs" line-rate="0.8332999999999999" branch-rate="1" complexity="6">
          <methods>
            <method name="get_Code" signature="()" line-rate="1" branch-rate="1" complexity="1">
              <lines>
                <line number="17" hits="60" branch="False" />
              </lines>
            </method>
            <method name="get_Message" signature="()" line-rate="0" branch-rate="1" complexity="1">
              <lines>
                <line number="18" hits="0" branch="False" />
              </lines>
            </method>
            <method name="get_Field" signature="()" line-rate="1" branch-rate="1" complexity="1">
              <lines>
                <line number="19" hits="11" branch="False" />
              </lines>
            </method>
            <method name="get_Step" signature="()" line-rate="1" branch-rate="1" complexity="1">
              <lines>
                <line number="20" hits="3" branch="False" />
              </lines>
            </method>
            <method name="get_Severity" signature="()" line-rate="1" branch-rate="1" complexity="1">
              <lines>
                <line number="21" hits="84" branch="False" />
              </lines>
            </method>
            <method name=".ctor" signature="(System.String,System.String,System.String,System.String,CharacterManager.Core.Validation.ValidationSeverity)" line-rate="1" branch-rate="1" complexity="1">
              <lines>
                <line number="16" hits="28" branch="False" />
              </lines>
            </method>
          </methods>
          <lines>
            <line number="17" hits="60" branch="False" />
            <line number="18" hits="0" branch="False" />
            <line number="19" hits="11" branch="False" />
            <line number="20" hits="3" branch="False" />
            <line number="21" hits="84" branch="False" />
            <line number="16" hits="28" branch="False" />
          </lines>
        </class>
        <class name="CharacterManager.Core.Rules.AssetDefinition" filename="CharacterManager.Core\Rules\AssetDefinition.cs" line-rate="0.7" branch-rate="1" complexity="10">
          <methods>
            <method name="get_Id" signature="()" line-rate="1" branch-rate="1" complexity="1">
              <lines>
                <line number="4" hits="1241" branch="False" />
              </lines>
            </method>
            <method name="get_Name" signature="()" line-rate="0" branch-rate="1" complexity="1">
              <lines>
                <line number="5" hits="0" branch="False" />
              </lines>
            </method>
            <method name="get_Type" signature="()" line-rate="1" branch-rate="1" complexity="1">
              <lines>
                <line number="6" hits="4" branch="False" />
              </lines>
            </method>
            <method name="get_Summary" signature="()" line-rate="0" branch-rate="1" complexity="1">
              <lines>
                <line number="7" hits="0" branch="False" />
              </lines>
            </method>
            <method name="get_Abilities" signature="()" line-rate="1" branch-rate="1" complexity="1">
              <lines>
                <line number="8" hits="79" branch="False" />
              </lines>
            </method>
            <method name="get_RequiresCompanionName" signature="()" line-rate="1" branch-rate="1" complexity="1">
              <lines>
                <line number="9" hits="31" branch="False" />
              </lines>
            </method>
            <method name="get_PermitsDuplicates" signature="()" line-rate="1" branch-rate="1" complexity="1">
              <lines>
                <line number="10" hits="1" branch="False" />
              </lines>
            </method>
            <method name="get_SourceReference" signature="()" line-rate="0" branch-rate="1" complexity="1">
              <lines>
                <line number="11" hits="0" branch="False" />
              </lines>
            </method>
            <method name="get_LicensingStatus" signature="()" line-rate="1" branch-rate="1" complexity="1">
              <lines>
                <line number="12" hits="158" branch="False" />
              </lines>
            </method>
            <method name=".ctor" signature="(System.String,System.String,System.String,System.String,System.Collections.Generic.IReadOnlyList`1&lt;CharacterManager.Core.Rules.AssetAbilityDefinition&gt;,System.Boolean,System.Boolean,System.String,System.String)" line-rate="1" branch-rate="1" complexity="1">
              <lines>
                <line number="3" hits="79" branch="False" />
              </lines>
            </method>
          </methods>
          <lines>
            <line number="4" hits="1241" branch="False" />
            <line number="5" hits="0" branch="False" />
            <line number="6" hits="4" branch="False" />
            <line number="7" hits="0" branch="False" />
            <line number="8" hits="79" branch="False" />
            <line number="9" hits="31" branch="False" />
            <line number="10" hits="1" branch="False" />
            <line number="11" hits="0" branch="False" />
            <line number="12" hits="158" branch="False" />
            <line number="3" hits="79" branch="False" />
          </lines>
        </class>
        <class name="CharacterManager.Core.Rules.AssetAbilityDefinition" filename="CharacterManager.Core\Rules\AssetDefinition.cs" line-rate="1" branch-rate="1" complexity="1">
          <methods>
            <method name="get_Id" signature="()" line-rate="1" branch-rate="1" complexity="1">
              <lines>
                <line number="14" hits="237" branch="False" />
              </lines>
            </method>
          </methods>
          <lines>
            <line number="14" hits="237" branch="False" />
          </lines>
        </class>
        <class name="CharacterManager.Core.Rules.MoveDefinition" filename="CharacterManager.Core\Rules\MoveDefinition.cs" line-rate="1" branch-rate="1" complexity="1">
          <methods>
            <method name="get_Id" signature="()" line-rate="1" branch-rate="1" complexity="1">
              <lines>
                <line number="3" hits="131" branch="False" />
              </lines>
            </method>
          </methods>
          <lines>
            <line number="3" hits="131" branch="False" />
          </lines>
        </class>
        <class name="CharacterManager.Core.Rules.Ruleset" filename="CharacterManager.Core\Rules\Ruleset.cs" line-rate="0.8665999999999999" branch-rate="1" complexity="15">
          <methods>
            <method name="get_Id" signature="()" line-rate="1" branch-rate="1" complexity="1">
              <lines>
                <line number="4" hits="49" branch="False" />
              </lines>
            </method>
            <method name="get_Name" signature="()" line-rate="0" branch-rate="1" complexity="1">
              <lines>
                <line number="5" hits="0" branch="False" />
              </lines>
            </method>
            <method name="get_RulesetVersion" signature="()" line-rate="1" branch-rate="1" complexity="1">
              <lines>
                <line number="6" hits="18" branch="False" />
              </lines>
            </method>
            <method name="get_ContentVersion" signature="()" line-rate="1" branch-rate="1" complexity="1">
              <lines>
                <line number="7" hits="18" branch="False" />
              </lines>
            </method>
            <method name="get_LicensingStatus" signature="()" line-rate="1" branch-rate="1" complexity="1">
              <lines>
                <line number="8" hits="1" branch="False" />
              </lines>
            </method>
            <method name="get_Stats" signature="()" line-rate="1" branch-rate="1" complexity="1">
              <lines>
                <line number="9" hits="65" branch="False" />
              </lines>
            </method>
            <method name="get_StartingCharacter" signature="()" line-rate="1" branch-rate="1" complexity="1">
              <lines>
                <line number="10" hits="52" branch="False" />
              </lines>
            </method>
            <method name="get_Meters" signature="()" line-rate="1" branch-rate="1" complexity="1">
              <lines>
                <line number="11" hits="37" branch="False" />
              </lines>
            </method>
            <method name="get_Momentum" signature="()" line-rate="1" branch-rate="1" complexity="1">
              <lines>
                <line number="12" hits="13" branch="False" />
              </lines>
            </method>
            <method name="get_Debilities" signature="()" line-rate="1" branch-rate="1" complexity="1">
              <lines>
                <line number="13" hits="17" branch="False" />
              </lines>
            </method>
            <method name="get_Ranks" signature="()" line-rate="1" branch-rate="1" complexity="1">
              <lines>
                <line number="14" hits="38" branch="False" />
              </lines>
            </method>
            <method name="get_ProgressTrackTypes" signature="()" line-rate="0" branch-rate="1" complexity="1">
              <lines>
                <line number="15" hits="0" branch="False" />
              </lines>
            </method>
            <method name="get_Moves" signature="()" line-rate="1" branch-rate="1" complexity="1">
              <lines>
                <line number="16" hits="4" branch="False" />
              </lines>
            </method>
            <method name="get_Assets" signature="()" line-rate="1" branch-rate="1" complexity="1">
              <lines>
                <line number="17" hits="23" branch="False" />
              </lines>
            </method>
            <method name=".ctor" signature="(System.String,System.String,System.String,System.String,System.String,System.Collections.Generic.IReadOnlyList`1&lt;CharacterManager.Core.Rules.StatDefinition&gt;,CharacterManager.Core.Rules.StartingCharacterDefinition,System.Collections.Generic.IReadOnlyList`1&lt;CharacterManager.Core.Rules.MeterDefinition&gt;,CharacterManager.Core.Rules.MomentumRules,System.Collections.Generic.IReadOnlyList`1&lt;CharacterManager.Core.Rules.DebilityDefinition&gt;,System.Collections.Generic.IReadOnlyList`1&lt;System.String&gt;,System.Collections.Generic.IReadOnlyList`1&lt;System.String&gt;,System.Collections.Generic.IReadOnlyList`1&lt;CharacterManager.Core.Rules.MoveDefinition&gt;,System.Collections.Generic.IReadOnlyList`1&lt;CharacterManager.Core.Rules.AssetDefinition&gt;)" line-rate="1" branch-rate="1" complexity="1">
              <lines>
                <line number="3" hits="1" branch="False" />
              </lines>
            </method>
          </methods>
          <lines>
            <line number="4" hits="49" branch="False" />
            <line number="5" hits="0" branch="False" />
            <line number="6" hits="18" branch="False" />
            <line number="7" hits="18" branch="False" />
            <line number="8" hits="1" branch="False" />
            <line number="9" hits="65" branch="False" />
            <line number="10" hits="52" branch="False" />
            <line number="11" hits="37" branch="False" />
            <line number="12" hits="13" branch="False" />
            <line number="13" hits="17" branch="False" />
            <line number="14" hits="38" branch="False" />
            <line number="15" hits="0" branch="False" />
            <line number="16" hits="4" branch="False" />
            <line number="17" hits="23" branch="False" />
            <line number="3" hits="1" branch="False" />
          </lines>
        </class>
        <class name="CharacterManager.Core.Rules.StartingCharacterDefinition" filename="CharacterManager.Core\Rules\Ruleset.cs" line-rate="0.4545" branch-rate="1" complexity="11">
          <methods>
            <method name="get_StatArray" signature="()" line-rate="1" branch-rate="1" complexity="1">
              <lines>
                <line number="20" hits="12" branch="False" />
              </lines>
            </method>
            <method name="get_Health" signature="()" line-rate="0" branch-rate="1" complexity="1">
              <lines>
                <line number="21" hits="0" branch="False" />
              </lines>
            </method>
            <method name="get_Spirit" signature="()" line-rate="0" branch-rate="1" complexity="1">
              <lines>
                <line number="22" hits="0" branch="False" />
              </lines>
            </method>
            <method name="get_Supply" signature="()" line-rate="0" branch-rate="1" complexity="1">
              <lines>
                <line number="23" hits="0" branch="False" />
              </lines>
            </method>
            <method name="get_Momentum" signature="()" line-rate="0" branch-rate="1" complexity="1">
              <lines>
                <line number="24" hits="0" branch="False" />
              </lines>
            </method>
            <method name="get_MomentumMax" signature="()" line-rate="0" branch-rate="1" complexity="1">
              <lines>
                <line number="25" hits="0" branch="False" />
              </lines>
            </method>
            <method name="get_MomentumReset" signature="()" line-rate="0" branch-rate="1" complexity="1">
              <lines>
                <line number="26" hits="0" branch="False" />
              </lines>
            </method>
            <method name="get_RequiredAssetCount" signature="()" line-rate="1" branch-rate="1" complexity="1">
              <lines>
                <line number="27" hits="12" branch="False" />
              </lines>
            </method>
            <method name="get_MaxStartingBonds" signature="()" line-rate="1" branch-rate="1" complexity="1">
              <lines>
                <line number="28" hits="13" branch="False" />
              </lines>
            </method>
            <method name="get_RequiredActiveVowCount" signature="()" line-rate="1" branch-rate="1" complexity="1">
              <lines>
                <line number="29" hits="16" branch="False" />
              </lines>
            </method>
            <method name=".ctor" signature="(System.Collections.Generic.IReadOnlyList`1&lt;System.Int32&gt;,System.Int32,System.Int32,System.Int32,System.Int32,System.Int32,System.Int32,System.Int32,System.Int32,System.Int32)" line-rate="1" branch-rate="1" complexity="1">
              <lines>
                <line number="19" hits="1" branch="False" />
              </lines>
            </method>
          </methods>
          <lines>
            <line number="20" hits="12" branch="False" />
            <line number="21" hits="0" branch="False" />
            <line number="22" hits="0" branch="False" />
            <line number="23" hits="0" branch="False" />
            <line number="24" hits="0" branch="False" />
            <line number="25" hits="0" branch="False" />
            <line number="26" hits="0" branch="False" />
            <line number="27" hits="12" branch="False" />
            <line number="28" hits="13" branch="False" />
            <line number="29" hits="16" branch="False" />
            <line number="19" hits="1" branch="False" />
          </lines>
        </class>
        <class name="CharacterManager.Core.Rules.MeterDefinition" filename="CharacterManager.Core\Rules\Ruleset.cs" line-rate="1" branch-rate="1" complexity="1">
          <methods>
            <method name="get_Id" signature="()" line-rate="1" branch-rate="1" complexity="1">
              <lines>
                <line number="31" hits="155" branch="False" />
              </lines>
            </method>
          </methods>
          <lines>
            <line number="31" hits="155" branch="False" />
          </lines>
        </class>
        <class name="CharacterManager.Core.Rules.MomentumRules" filename="CharacterManager.Core\Rules\Ruleset.cs" line-rate="1" branch-rate="1" complexity="4">
          <methods>
            <method name="get_Minimum" signature="()" line-rate="1" branch-rate="1" complexity="1">
              <lines>
                <line number="34" hits="13" branch="False" />
              </lines>
            </method>
            <method name="get_BaseMax" signature="()" line-rate="1" branch-rate="1" complexity="1">
              <lines>
                <line number="35" hits="13" branch="False" />
              </lines>
            </method>
            <method name="get_ResetByMarkedDebilityCount" signature="()" line-rate="1" branch-rate="1" complexity="1">
              <lines>
                <line number="36" hits="14" branch="False" />
              </lines>
            </method>
            <method name=".ctor" signature="(System.Int32,System.Int32,System.Collections.Generic.IReadOnlyList`1&lt;CharacterManager.Core.Rules.MomentumResetRule&gt;)" line-rate="1" branch-rate="1" complexity="1">
              <lines>
                <line number="33" hits="1" branch="False" />
              </lines>
            </method>
          </methods>
          <lines>
            <line number="34" hits="13" branch="False" />
            <line number="35" hits="13" branch="False" />
            <line number="36" hits="14" branch="False" />
            <line number="33" hits="1" branch="False" />
          </lines>
        </class>
        <class name="CharacterManager.Core.Rules.MomentumResetRule" filename="CharacterManager.Core\Rules\Ruleset.cs" line-rate="1" branch-rate="1" complexity="1">
          <methods>
            <method name="get_MarkedCount" signature="()" line-rate="1" branch-rate="1" complexity="1">
              <lines>
                <line number="38" hits="71" branch="False" />
              </lines>
            </method>
          </methods>
          <lines>
            <line number="38" hits="71" branch="False" />
          </lines>
        </class>
        <class name="CharacterManager.Core.Rules.DebilityDefinition" filename="CharacterManager.Core\Rules\Ruleset.cs" line-rate="0.625" branch-rate="1" complexity="8">
          <methods>
            <method name="get_Id" signature="()" line-rate="1" branch-rate="1" complexity="1">
              <lines>
                <line number="41" hits="114" branch="False" />
              </lines>
            </method>
            <method name="get_Name" signature="()" line-rate="0" branch-rate="1" complexity="1">
              <lines>
                <line number="42" hits="0" branch="False" />
              </lines>
            </method>
            <method name="get_Category" signature="()" line-rate="1" branch-rate="1" complexity="1">
              <lines>
                <line number="43" hits="1" branch="False" />
              </lines>
            </method>
            <method name="get_BlocksMeterIncrease" signature="()" line-rate="1" branch-rate="1" complexity="1">
              <lines>
                <line number="44" hits="3" branch="False" />
              </lines>
            </method>
            <method name="get_IsPermanentByDefault" signature="()" line-rate="0" branch-rate="1" complexity="1">
              <lines>
                <line number="45" hits="0" branch="False" />
              </lines>
            </method>
            <method name="get_RequiresLinkedVow" signature="()" line-rate="0" branch-rate="1" complexity="1">
              <lines>
                <line number="46" hits="0" branch="False" />
              </lines>
            </method>
            <method name="get_SourceReference" signature="()" line-rate="1" branch-rate="1" complexity="1">
              <lines>
                <line number="47" hits="8" branch="False" />
              </lines>
            </method>
            <method name=".ctor" signature="(System.String,System.String,System.String,System.String,System.Boolean,System.Boolean,System.String)" line-rate="1" branch-rate="1" complexity="1">
              <lines>
                <line number="40" hits="8" branch="False" />
              </lines>
            </method>
          </methods>
          <lines>
            <line number="41" hits="114" branch="False" />
            <line number="42" hits="0" branch="False" />
            <line number="43" hits="1" branch="False" />
            <line number="44" hits="3" branch="False" />
            <line number="45" hits="0" branch="False" />
            <line number="46" hits="0" branch="False" />
            <line number="47" hits="8" branch="False" />
            <line number="40" hits="8" branch="False" />
          </lines>
        </class>
        <class name="CharacterManager.Core.Rules.StatDefinition" filename="CharacterManager.Core\Rules\StatDefinition.cs" line-rate="0.7142000000000001" branch-rate="1" complexity="7">
          <methods>
            <method name="get_Id" signature="()" line-rate="1" branch-rate="1" complexity="1">
              <lines>
                <line number="4" hits="221" branch="False" />
              </lines>
            </method>
            <method name="get_Name" signature="()" line-rate="0" branch-rate="1" complexity="1">
              <lines>
                <line number="5" hits="0" branch="False" />
              </lines>
            </method>
            <method name="get_Minimum" signature="()" line-rate="1" branch-rate="1" complexity="1">
              <lines>
                <line number="6" hits="51" branch="False" />
              </lines>
            </method>
            <method name="get_Maximum" signature="()" line-rate="1" branch-rate="1" complexity="1">
              <lines>
                <line number="7" hits="51" branch="False" />
              </lines>
            </method>
            <method name="get_Summary" signature="()" line-rate="0" branch-rate="1" complexity="1">
              <lines>
                <line number="8" hits="0" branch="False" />
              </lines>
            </method>
            <method name="get_SourceReference" signature="()" line-rate="1" branch-rate="1" complexity="1">
              <lines>
                <line number="9" hits="5" branch="False" />
              </lines>
            </method>
            <method name=".ctor" signature="(System.String,System.String,System.Int32,System.Int32,System.String,System.String)" line-rate="1" branch-rate="1" complexity="1">
              <lines>
                <line number="3" hits="5" branch="False" />
              </lines>
            </method>
          </methods>
          <lines>
            <line number="4" hits="221" branch="False" />
            <line number="5" hits="0" branch="False" />
            <line number="6" hits="51" branch="False" />
            <line number="7" hits="51" branch="False" />
            <line number="8" hits="0" branch="False" />
            <line number="9" hits="5" branch="False" />
            <line number="3" hits="5" branch="False" />
          </lines>
        </class>
        <class name="CharacterManager.Core.Rolling.ActionRoll" filename="CharacterManager.Core\Rolling\ActionRoll.cs" line-rate="0.909" branch-rate="1" complexity="7">
          <methods>
            <method name="get_ActionDie" signature="()" line-rate="1" branch-rate="1" complexity="1">
              <lines>
[...]
                <line number="90" hits="1" branch="True" condition-coverage="100% (2/2)">
                  <conditions>
                    <condition number="17" type="jump" coverage="100%" />
                  </conditions>
                </line>
                <line number="91" hits="1" branch="False" />
                <line number="92" hits="1" branch="False" />
                <line number="93" hits="1" branch="False" />
                <line number="95" hits="1" branch="False" />
                <line number="96" hits="1" branch="False" />
              </lines>
            </method>
            <method name="ExistsAsync" signature="(System.Guid,System.Threading.CancellationToken)" line-rate="1" branch-rate="1" complexity="1">
              <lines>
                <line number="99" hits="1" branch="False" />
                <line number="100" hits="1" branch="False" />
                <line number="101" hits="1" branch="False" />
              </lines>
            </method>
            <method name="GetCharacterPath" signature="(System.Guid)" line-rate="1" branch-rate="1" complexity="1">
              <lines>
                <line number="135" hits="8" branch="False" />
              </lines>
            </method>
            <method name="TryParseIdFromFileName" signature="(System.String)" line-rate="1" branch-rate="0.5" complexity="4">
              <lines>
                <line number="138" hits="1" branch="False" />
                <line number="139" hits="1" branch="False" />
                <line number="140" hits="1" branch="True" condition-coverage="50% (2/4)">
                  <conditions>
                    <condition number="21" type="jump" coverage="50%" />
                    <condition number="31" type="jump" coverage="50%" />
                  </conditions>
                </line>
                <line number="141" hits="1" branch="False" />
              </lines>
            </method>
            <method name=".ctor" signature="(System.String)" line-rate="1" branch-rate="1" complexity="1">
              <lines>
                <line number="13" hits="4" branch="False" />
                <line number="14" hits="4" branch="False" />
                <line number="15" hits="4" branch="False" />
                <line number="17" hits="4" branch="False" />
                <line number="18" hits="4" branch="False" />
                <line number="19" hits="4" branch="False" />
                <line number="20" hits="4" branch="False" />
                <line number="21" hits="4" branch="False" />
                <line number="22" hits="4" branch="False" />
                <line number="23" hits="4" branch="False" />
              </lines>
            </method>
          </methods>
          <lines>
            <line number="88" hits="1" branch="False" />
            <line number="89" hits="1" branch="False" />
            <line number="90" hits="1" branch="True" condition-coverage="100% (2/2)">
              <conditions>
                <condition number="17" type="jump" coverage="100%" />
              </conditions>
            </line>
            <line number="91" hits="1" branch="False" />
            <line number="92" hits="1" branch="False" />
            <line number="93" hits="1" branch="False" />
            <line number="95" hits="1" branch="False" />
            <line number="96" hits="1" branch="False" />
            <line number="99" hits="1" branch="False" />
            <line number="100" hits="1" branch="False" />
            <line number="101" hits="1" branch="False" />
            <line number="135" hits="8" branch="False" />
            <line number="138" hits="1" branch="False" />
            <line number="139" hits="1" branch="False" />
            <line number="140" hits="1" branch="True" condition-coverage="50% (2/4)">
              <conditions>
                <condition number="21" type="jump" coverage="50%" />
                <condition number="31" type="jump" coverage="50%" />
              </conditions>
            </line>
            <line number="141" hits="1" branch="False" />
            <line number="13" hits="4" branch="False" />
            <line number="14" hits="4" branch="False" />
            <line number="15" hits="4" branch="False" />
            <line number="17" hits="4" branch="False" />
            <line number="18" hits="4" branch="False" />
            <line number="19" hits="4" branch="False" />
            <line number="20" hits="4" branch="False" />
            <line number="21" hits="4" branch="False" />
            <line number="22" hits="4" branch="False" />
            <line number="23" hits="4" branch="False" />
          </lines>
        </class>
        <class name="CharacterManager.Infrastructure.Characters.LocalJsonCharacterRepository/&lt;&gt;c" filename="CharacterManager.Infrastructure\Characters\LocalJsonCharacterRepository.cs" line-rate="1" branch-rate="0.5" complexity="2">
          <methods>
            <method name="&lt;ListAsync&gt;b__4_0" signature="(CharacterManager.Core.Characters.CharacterListEntry)" line-rate="1" branch-rate="0.5" complexity="2">
              <lines>
                <line number="57" hits="2" branch="True" condition-coverage="50% (1/2)">
                  <conditions>
                    <condition number="14" type="jump" coverage="50%" />
                  </conditions>
                </line>
              </lines>
            </method>
          </methods>
          <lines>
            <line number="57" hits="2" branch="True" condition-coverage="50% (1/2)">
              <conditions>
                <condition number="14" type="jump" coverage="50%" />
              </conditions>
            </line>
          </lines>
        </class>
        <class name="CharacterManager.Infrastructure.Characters.LocalJsonCharacterRepository/&lt;GetAsync&gt;d__5" filename="CharacterManager.Infrastructure\Characters\LocalJsonCharacterRepository.cs" line-rate="1" branch-rate="1" complexity="2">
          <methods>
            <method name="MoveNext" signature="()" line-rate="1" branch-rate="1" complexity="2">
              <lines>
                <line number="62" hits="3" branch="False" />
                <line number="63" hits="3" branch="False" />
                <line number="64" hits="3" branch="True" condition-coverage="100% (2/2)">
                  <conditions>
                    <condition number="57" type="jump" coverage="100%" />
                  </conditions>
                </line>
                <line number="65" hits="1" branch="False" />
                <line number="66" hits="1" branch="False" />
                <line number="69" hits="2" branch="False" />
                <line number="70" hits="3" branch="False" />
              </lines>
            </method>
          </methods>
          <lines>
            <line number="62" hits="3" branch="False" />
            <line number="63" hits="3" branch="False" />
            <line number="64" hits="3" branch="True" condition-coverage="100% (2/2)">
              <conditions>
                <condition number="57" type="jump" coverage="100%" />
              </conditions>
            </line>
            <line number="65" hits="1" branch="False" />
            <line number="66" hits="1" branch="False" />
            <line number="69" hits="2" branch="False" />
            <line number="70" hits="3" branch="False" />
          </lines>
        </class>
        <class name="CharacterManager.Infrastructure.Characters.LocalJsonCharacterRepository/&lt;ListAsync&gt;d__4" filename="CharacterManager.Infrastructure\Characters\LocalJsonCharacterRepository.cs" line-rate="1" branch-rate="0.625" complexity="16">
          <methods>
            <method name="MoveNext" signature="()" line-rate="1" branch-rate="0.625" complexity="16">
              <lines>
                <line number="26" hits="2" branch="False" />
                <line number="27" hits="2" branch="False" />
                <line number="29" hits="2" branch="False" />
                <line number="30" hits="10" branch="True" condition-coverage="100% (2/2)">
                  <conditions>
                    <condition number="565" type="jump" coverage="100%" />
                  </conditions>
                </line>
                <line number="31" hits="2" branch="False" />
                <line number="32" hits="2" branch="False" />
                <line number="33" hits="2" branch="True" condition-coverage="100% (2/2)">
                  <conditions>
                    <condition number="265" type="jump" coverage="100%" />
                  </conditions>
                </line>
                <line number="34" hits="1" branch="False" />
                <line number="35" hits="1" branch="True" condition-coverage="50% (2/4)">
                  <conditions>
                    <condition number="352" type="jump" coverage="50%" />
                    <condition number="375" type="jump" coverage="50%" />
                  </conditions>
                </line>
                <line number="36" hits="1" branch="False" />
                <line number="37" hits="1" branch="False" />
                <line number="38" hits="1" branch="False" />
                <line number="39" hits="1" branch="False" />
                <line number="40" hits="1" branch="False" />
                <line number="41" hits="1" branch="False" />
                <line number="42" hits="1" branch="False" />
                <line number="43" hits="1" branch="False" />
                <line number="46" hits="1" branch="True" condition-coverage="50% (4/8)">
                  <conditions>
                    <condition number="455" type="jump" coverage="50%" />
                    <condition number="467" type="jump" coverage="50%" />
                    <condition number="487" type="jump" coverage="50%" />
                    <condition number="499" type="jump" coverage="50%" />
                  </conditions>
                </line>
                <line number="47" hits="1" branch="False" />
                <line number="48" hits="1" branch="False" />
                <line number="49" hits="1" branch="False" />
                <line number="50" hits="1" branch="False" />
                <line number="51" hits="1" branch="False" />
                <line number="52" hits="1" branch="False" />
                <line number="53" hits="1" branch="False" />
                <line number="54" hits="1" branch="False" />
                <line number="56" hits="2" branch="False" />
                <line number="58" hits="2" branch="False" />
                <line number="59" hits="2" branch="False" />
              </lines>
            </method>
          </methods>
          <lines>
            <line number="26" hits="2" branch="False" />
            <line number="27" hits="2" branch="False" />
            <line number="29" hits="2" branch="False" />
            <line number="30" hits="10" branch="True" condition-coverage="100% (2/2)">
              <conditions>
                <condition number="565" type="jump" coverage="100%" />
              </conditions>
            </line>
            <line number="31" hits="2" branch="False" />
            <line number="32" hits="2" branch="False" />
            <line number="33" hits="2" branch="True" condition-coverage="100% (2/2)">
              <conditions>
                <condition number="265" type="jump" coverage="100%" />
              </conditions>
            </line>
            <line number="34" hits="1" branch="False" />
            <line number="35" hits="1" branch="True" condition-coverage="50% (2/4)">
              <conditions>
                <condition number="352" type="jump" coverage="50%" />
                <condition number="375" type="jump" coverage="50%" />
              </conditions>
            </line>
            <line number="36" hits="1" branch="False" />
            <line number="37" hits="1" branch="False" />
            <line number="38" hits="1" branch="False" />
            <line number="39" hits="1" branch="False" />
            <line number="40" hits="1" branch="False" />
            <line number="41" hits="1" branch="False" />
            <line number="42" hits="1" branch="False" />
            <line number="43" hits="1" branch="False" />
            <line number="46" hits="1" branch="True" condition-coverage="50% (4/8)">
              <conditions>
                <condition number="455" type="jump" coverage="50%" />
                <condition number="467" type="jump" coverage="50%" />
                <condition number="487" type="jump" coverage="50%" />
                <condition number="499" type="jump" coverage="50%" />
              </conditions>
            </line>
            <line number="47" hits="1" branch="False" />
            <line number="48" hits="1" branch="False" />
            <line number="49" hits="1" branch="False" />
            <line number="50" hits="1" branch="False" />
            <line number="51" hits="1" branch="False" />
            <line number="52" hits="1" branch="False" />
            <line number="53" hits="1" branch="False" />
            <line number="54" hits="1" branch="False" />
            <line number="56" hits="2" branch="False" />
            <line number="58" hits="2" branch="False" />
            <line number="59" hits="2" branch="False" />
          </lines>
        </class>
        <class name="CharacterManager.Infrastructure.Characters.LocalJsonCharacterRepository/&lt;LoadFromPathAsync&gt;d__9" filename="CharacterManager.Infrastructure\Characters\LocalJsonCharacterRepository.cs" line-rate="0.5909" branch-rate="0.8332999999999999" complexity="6">
          <methods>
            <method name="MoveNext" signature="()" line-rate="0.5909" branch-rate="0.8332999999999999" complexity="6">
              <lines>
                <line number="104" hits="4" branch="False" />
                <line number="106" hits="4" branch="False" />
                <line number="107" hits="4" branch="False" />
                <line number="108" hits="4" branch="False" />
                <line number="109" hits="3" branch="True" condition-coverage="50% (1/2)">
                  <conditions>
                    <condition number="234" type="jump" coverage="50%" />
                  </conditions>
                </line>
                <line number="110" hits="0" branch="False" />
                <line number="111" hits="0" branch="False" />
                <line number="114" hits="3" branch="True" condition-coverage="100% (2/2)">
                  <conditions>
                    <condition number="298" type="jump" coverage="100%" />
                  </conditions>
                </line>
                <line number="115" hits="2" branch="False" />
                <line number="116" hits="2" branch="False" />
                <line number="119" hits="1" branch="True" condition-coverage="100% (2/2)">
                  <conditions>
                    <condition number="387" type="jump" coverage="100%" />
                  </conditions>
                </line>
                <line number="120" hits="0" branch="False" />
                <line number="121" hits="1" branch="False" />
                <line number="122" hits="1" branch="False" />
                <line number="123" hits="1" branch="False" />
                <line number="125" hits="0" branch="False" />
                <line number="126" hits="0" branch="False" />
                <line number="127" hits="0" branch="False" />
                <line number="129" hits="0" branch="False" />
                <line number="130" hits="0" branch="False" />
                <line number="131" hits="0" branch="False" />
                <line number="133" hits="4" branch="False" />
              </lines>
            </method>
          </methods>
          <lines>
            <line number="104" hits="4" branch="False" />
            <line number="106" hits="4" branch="False" />
            <line number="107" hits="4" branch="False" />
            <line number="108" hits="4" branch="False" />
            <line number="109" hits="3" branch="True" condition-coverage="50% (1/2)">
              <conditions>
                <condition number="234" type="jump" coverage="50%" />
              </conditions>
            </line>
            <line number="110" hits="0" branch="False" />
            <line number="111" hits="0" branch="False" />
            <line number="114" hits="3" branch="True" condition-coverage="100% (2/2)">
              <conditions>
                <condition number="298" type="jump" coverage="100%" />
              </conditions>
            </line>
            <line number="115" hits="2" branch="False" />
            <line number="116" hits="2" branch="False" />
            <line number="119" hits="1" branch="True" condition-coverage="100% (2/2)">
              <conditions>
                <condition number="387" type="jump" coverage="100%" />
              </conditions>
            </line>
            <line number="120" hits="0" branch="False" />
            <line number="121" hits="1" branch="False" />
            <line number="122" hits="1" branch="False" />
            <line number="123" hits="1" branch="False" />
            <line number="125" hits="0" branch="False" />
            <line number="126" hits="0" branch="False" />
            <line number="127" hits="0" branch="False" />
            <line number="129" hits="0" branch="False" />
            <line number="130" hits="0" branch="False" />
            <line number="131" hits="0" branch="False" />
            <line number="133" hits="4" branch="False" />
          </lines>
        </class>
        <class name="CharacterManager.Infrastructure.Characters.LocalJsonCharacterRepository/&lt;SaveAsync&gt;d__6" filename="CharacterManager.Infrastructure\Characters\LocalJsonCharacterRepository.cs" line-rate="1" branch-rate="1" complexity="2">
          <methods>
            <method name="MoveNext" signature="()" line-rate="1" branch-rate="1" complexity="2">
              <lines>
                <line number="73" hits="3" branch="False" />
                <line number="74" hits="3" branch="False" />
                <line number="76" hits="3" branch="False" />
                <line number="77" hits="3" branch="False" />
                <line number="78" hits="3" branch="False" />
                <line number="79" hits="3" branch="False" />
                <line number="80" hits="3" branch="False" />
                <line number="81" hits="3" branch="False" />
                <line number="82" hits="3" branch="True" condition-coverage="100% (2/2)">
                  <conditions>
                    <condition number="486" type="jump" coverage="100%" />
                  </conditions>
                </line>
                <line number="84" hits="3" branch="False" />
                <line number="85" hits="3" branch="False" />
              </lines>
            </method>
          </methods>
          <lines>
            <line number="73" hits="3" branch="False" />
            <line number="74" hits="3" branch="False" />
            <line number="76" hits="3" branch="False" />
            <line number="77" hits="3" branch="False" />
            <line number="78" hits="3" branch="False" />
            <line number="79" hits="3" branch="False" />
            <line number="80" hits="3" branch="False" />
            <line number="81" hits="3" branch="False" />
            <line number="82" hits="3" branch="True" condition-coverage="100% (2/2)">
              <conditions>
                <condition number="486" type="jump" coverage="100%" />
              </conditions>
            </line>
            <line number="84" hits="3" branch="False" />
            <line number="85" hits="3" branch="False" />
          </lines>
        </class>
      </classes>
    </package>
  </packages>
</coverage>