<?xml version="1.0" encoding="utf-8"?>
<TestRun id="37903e68-3eed-44c3-856d-f63e96204e6b" name="Eli@DESKTOP-OMOJ29N 2026-06-06 09:40:59" runUser="DESKTOP-OMOJ29N\Eli" xmlns="http://microsoft.com/schemas/VisualStudio/TeamTest/2010">
  <Times creation="2026-06-06T09:40:59.0234932+03:00" queuing="2026-06-06T09:40:59.0234934+03:00" start="2026-06-06T09:40:56.8248028+03:00" finish="2026-06-06T09:40:59.3201513+03:00" />
  <TestSettings name="default" id="f60c60c2-3ad8-4659-8f0e-2c0342fbcbbf">
    <Deployment runDeploymentRoot="Eli_DESKTOP-OMOJ29N_2026-06-06_09_40_59" />
  </TestSettings>
  <Results>
    <UnitTestResult executionId="5f7dba79-5d58-4dfc-979d-8b39bf3ff2e3" testId="236744a4-0b11-4a3b-adc3-845b06e2b880" testName="CharacterManager.Backend.Unit.Tests.Characters.CharacterValidatorTests.DebilityBlocksMatchingMeterIncrease" computerName="DESKTOP-OMOJ29N" duration="00:00:00.0009046" startTime="2026-06-06T09:40:59.0025683+03:00" endTime="2026-06-06T09:40:59.0025684+03:00" testType="13cdc9d9-ddb5-4fa4-a97d-d965ccfc6d4b" outcome="Passed" testListId="8c84fa94-04c1-424b-9868-57a2d4851a1d" relativeResultsDirectory="5f7dba79-5d58-4dfc-979d-8b39bf3ff2e3" />
    <UnitTestResult executionId="cd6c9597-45c3-4d16-8008-151e16c339cc" testId="747f734f-ee55-5f32-cd6d-559d484ce226" testName="CharacterManager.Backend.Unit.Tests.Characters.CharacterValidatorTests.ProgressTracksMustStayWithinFortyTicks" computerName="DESKTOP-OMOJ29N" duration="00:00:00.0005158" startTime="2026-06-06T09:40:59.0024168+03:00" endTime="2026-06-06T09:40:59.0024169+03:00" testType="13cdc9d9-ddb5-4fa4-a97d-d965ccfc6d4b" outcome="Passed" testListId="8c84fa94-04c1-424b-9868-57a2d4851a1d" relativeResultsDirectory="cd6c9597-45c3-4d16-8008-151e16c339cc" />
    <UnitTestResult executionId="72f0b82e-7ab3-4636-a0b8-7787fee3a3d8" testId="17546752-6482-c643-1d10-3a16c7d67276" testName="CharacterManager.Backend.Unit.Tests.Characters.LocalJsonCharacterRepositoryTests.UnsupportedSchemaVersionIsLoadableButNeedsReview" computerName="DESKTOP-OMOJ29N" duration="00:00:00.0105637" startTime="2026-06-06T09:40:59.0550800+03:00" endTime="2026-06-06T09:40:59.0550803+03:00" testType="13cdc9d9-ddb5-4fa4-a97d-d965ccfc6d4b" outcome="Passed" testListId="8c84fa94-04c1-424b-9868-57a2d4851a1d" relativeResultsDirectory="72f0b82e-7ab3-4636-a0b8-7787fee3a3d8" />
    <UnitTestResult executionId="c514ed23-cb05-4efc-897e-c2484116396f" testId="c19d8e7b-9d03-3164-3137-53480f81f3d5" testName="CharacterManager.Backend.Unit.Tests.Characters.LocalJsonCharacterRepositoryTests.ListReportsInvalidJsonWithoutThrowing" computerName="DESKTOP-OMOJ29N" duration="00:00:00.0049838" startTime="2026-06-06T09:40:59.0603846+03:00" endTime="2026-06-06T09:40:59.0603847+03:00" testType="13cdc9d9-ddb5-4fa4-a97d-d965ccfc6d4b" outcome="Passed" testListId="8c84fa94-04c1-424b-9868-57a2d4851a1d" relativeResultsDirectory="c514ed23-cb05-4efc-897e-c2484116396f" />
    <UnitTestResult executionId="b4ceef50-1998-4851-8f86-34dc6176466e" testId="5509f1e8-e7ec-dd43-66ab-538a14808763" testName="CharacterManager.Backend.Unit.Tests.Characters.CharacterValidatorTests.FinalizedCharacterRequiresNameThreeAssetsAndStartingVows" computerName="DESKTOP-OMOJ29N" duration="00:00:00.0005593" startTime="2026-06-06T09:40:59.0031010+03:00" endTime="2026-06-06T09:40:59.0031011+03:00" testType="13cdc9d9-ddb5-4fa4-a97d-d965ccfc6d4b" outcome="Passed" testListId="8c84fa94-04c1-424b-9868-57a2d4851a1d" relativeResultsDirectory="b4ceef50-1998-4851-8f86-34dc6176466e" />
    <UnitTestResult executionId="6037ce92-9ef3-41cd-9f1b-87b0297ff049" testId="c04857b2-46e3-f1e6-d996-333f7ef87e95" testName="CharacterManager.Backend.Unit.Tests.Characters.CharacterValidatorTests.DraftCanBeIncompleteWithoutFinalizationErrors" computerName="DESKTOP-OMOJ29N" duration="00:00:00.0008064" startTime="2026-06-06T09:40:59.0020835+03:00" endTime="2026-06-06T09:40:59.0020836+03:00" testType="13cdc9d9-ddb5-4fa4-a97d-d965ccfc6d4b" outcome="Passed" testListId="8c84fa94-04c1-424b-9868-57a2d4851a1d" relativeResultsDirectory="6037ce92-9ef3-41cd-9f1b-87b0297ff049" />
    <UnitTestResult executionId="c6a1bc7f-5c71-4efe-a472-9de740fdc2ab" testId="9c17b282-df8d-742d-126b-459397f06184" testName="CharacterManager.Backend.Unit.Tests.Characters.CharacterValidatorTests.VowAndBondValidationUsesStructuredFields" computerName="DESKTOP-OMOJ29N" duration="00:00:00.0012191" startTime="2026-06-06T09:40:59.0018553+03:00" endTime="2026-06-06T09:40:59.0018554+03:00" testType="13cdc9d9-ddb5-4fa4-a97d-d965ccfc6d4b" outcome="Passed" testListId="8c84fa94-04c1-424b-9868-57a2d4851a1d" relativeResultsDirectory="c6a1bc7f-5c71-4efe-a472-9de740fdc2ab" />
    <UnitTestResult executionId="f4d7c6b7-d9cf-4582-88a3-ea3c26d9804f" testId="ea21e159-f66d-7300-4023-b2281978c2a8" testName="CharacterManager.Backend.Unit.Tests.Rolling.ActionRollTests.OutcomeIsWeakHitWhenActionScoreBeatsOneChallengeDie" computerName="DESKTOP-OMOJ29N" duration="00:00:00.0070161" startTime="2026-06-06T09:40:58.9658738+03:00" endTime="2026-06-06T09:40:58.9658902+03:00" testType="13cdc9d9-ddb5-4fa4-a97d-d965ccfc6d4b" outcome="Passed" testListId="8c84fa94-04c1-424b-9868-57a2d4851a1d" relativeResultsDirectory="f4d7c6b7-d9cf-4582-88a3-ea3c26d9804f" />
    <UnitTestResult executionId="09a0e40d-e090-4de9-8e5a-a1c6782db98a" testId="5ecca942-fd99-be78-4d36-ac0cb651d2b4" testName="CharacterManager.Backend.Unit.Tests.Characters.LocalJsonCharacterRepositoryTests.SavesAndLoadsCharacterRoundtrip" computerName="DESKTOP-OMOJ29N" duration="00:00:00.0859473" startTime="2026-06-06T09:40:59.0434929+03:00" endTime="2026-06-06T09:40:59.0434936+03:00" testType="13cdc9d9-ddb5-4fa4-a97d-d965ccfc6d4b" outcome="Passed" testListId="8c84fa94-04c1-424b-9868-57a2d4851a1d" relativeResultsDirectory="09a0e40d-e090-4de9-8e5a-a1c6782db98a" />
    <UnitTestResult executionId="f861ecd5-f2f8-4585-a6d9-85049f70eb28" testId="75b84d60-8db1-eb67-9fd3-b47c83b803ce" testName="CharacterManager.Backend.Unit.Tests.Characters.CharacterValidatorTests.DuplicateAssetsAndMissingCompanionNameAreInvalid" computerName="DESKTOP-OMOJ29N" duration="00:00:00.0220319" startTime="2026-06-06T09:40:58.9780557+03:00" endTime="2026-06-06T09:40:58.9780558+03:00" testType="13cdc9d9-ddb5-4fa4-a97d-d965ccfc6d4b" outcome="Passed" testListId="8c84fa94-04c1-424b-9868-57a2d4851a1d" relativeResultsDirectory="f861ecd5-f2f8-4585-a6d9-85049f70eb28" />
    <UnitTestResult executionId="228c6220-9019-431b-b026-4642f6e948e4" testId="9c99d689-0bd9-8a5c-0e92-e0d2433f6d1a" testName="CharacterManager.Backend.Unit.Tests.Rolling.ActionRollTests.OutcomeIsStrongHitWhenActionScoreBeatsBothChallengeDice" computerName="DESKTOP-OMOJ29N" duration="00:00:00.0000727" startTime="2026-06-06T09:40:58.9738371+03:00" endTime="2026-06-06T09:40:58.9738372+03:00" testType="13cdc9d9-ddb5-4fa4-a97d-d965ccfc6d4b" outcome="Passed" testListId="8c84fa94-04c1-424b-9868-57a2d4851a1d" relativeResultsDirectory="228c6220-9019-431b-b026-4642f6e948e4" />
    <UnitTestResult executionId="ae19b74c-a292-4364-a47c-349b69025f55" testId="ee331188-17e9-0a1b-1fc7-1fc48408f89a" testName="CharacterManager.Backend.Unit.Tests.Characters.CharacterValidatorTests.UnknownStatsAndDebilitiesAreErrors" computerName="DESKTOP-OMOJ29N" duration="00:00:00.0009108" startTime="2026-06-06T09:40:59.0015455+03:00" endTime="2026-06-06T09:40:59.0015456+03:00" testType="13cdc9d9-ddb5-4fa4-a97d-d965ccfc6d4b" outcome="Passed" testListId="8c84fa94-04c1-424b-9868-57a2d4851a1d" relativeResultsDirectory="ae19b74c-a292-4364-a47c-349b69025f55" />
    <UnitTestResult executionId="0dbf4538-ff99-4b0f-9fb8-93a72175fce0" testId="d9b07004-8ede-ee02-e9f8-63dc3078bffa" testName="CharacterManager.Backend.Unit.Tests.Characters.CharacterValidatorTests.FinalizedCharacterRequiresBothBackgroundAndIncitingVows" computerName="DESKTOP-OMOJ29N" duration="00:00:00.0005676" startTime="2026-06-06T09:40:59.0051810+03:00" endTime="2026-06-06T09:40:59.0051810+03:00" testType="13cdc9d9-ddb5-4fa4-a97d-d965ccfc6d4b" outcome="Passed" testListId="8c84fa94-04c1-424b-9868-57a2d4851a1d" relativeResultsDirectory="0dbf4538-ff99-4b0f-9fb8-93a72175fce0" />
    <UnitTestResult executionId="a42dadeb-4e83-42ff-8a28-6b7cad2cd859" testId="31328d30-35a0-25c7-9cc6-ed011f50a86c" testName="CharacterManager.Backend.Unit.Tests.Rules.RulesetCatalogTests.IronswornCatalogContainsMvpMetadata" computerName="DESKTOP-OMOJ29N" duration="00:00:00.0225933" startTime="2026-06-06T09:40:58.9785921+03:00" endTime="2026-06-06T09:40:58.9785922+03:00" testType="13cdc9d9-ddb5-4fa4-a97d-d965ccfc6d4b" outcome="Passed" testListId="8c84fa94-04c1-424b-9868-57a2d4851a1d" relativeResultsDirectory="a42dadeb-4e83-42ff-8a28-6b7cad2cd859" />
    <UnitTestResult executionId="daed9281-69c4-4d00-9aa1-67b33ae7918b" testId="d7b47673-31e0-9171-3a3d-64a585676852" testName="CharacterManager.Backend.Unit.Tests.Characters.CharacterValidatorTests.MarkedDebilitiesDeriveMomentumMaximumAndReset" computerName="DESKTOP-OMOJ29N" duration="00:00:00.0006830" startTime="2026-06-06T09:40:58.9789550+03:00" endTime="2026-06-06T09:40:58.9789550+03:00" testType="13cdc9d9-ddb5-4fa4-a97d-d965ccfc6d4b" outcome="Passed" testListId="8c84fa94-04c1-424b-9868-57a2d4851a1d" relativeResultsDirectory="daed9281-69c4-4d00-9aa1-67b33ae7918b" />
    <UnitTestResult executionId="8c9af893-9734-461c-b7e9-d3e65ddd5548" testId="8a24a513-dcf4-4c30-c2ef-cbd081642021" testName="CharacterManager.Backend.Unit.Tests.Rolling.ActionRollTests.OutcomeIsMissWhenActionScoreBeatsNeitherChallengeDie" computerName="DESKTOP-OMOJ29N" duration="00:00:00.0001089" startTime="2026-06-06T09:40:58.9730279+03:00" endTime="2026-06-06T09:40:58.9730281+03:00" testType="13cdc9d9-ddb5-4fa4-a97d-d965ccfc6d4b" outcome="Passed" testListId="8c84fa94-04c1-424b-9868-57a2d4851a1d" relativeResultsDirectory="8c9af893-9734-461c-b7e9-d3e65ddd5548" />
    <UnitTestResult executionId="bd08568c-171a-4e76-b976-714ca6805448" testId="faf2c8cd-25f6-0f93-9352-2ca83fa6ae89" testName="CharacterManager.Backend.Unit.Tests.Characters.CharacterValidatorTests.CompleteStandardCharacterIsValidForFinalization" computerName="DESKTOP-OMOJ29N" duration="00:00:00.0003127" startTime="2026-06-06T09:40:59.0054796+03:00" endTime="2026-06-06T09:40:59.0054797+03:00" testType="13cdc9d9-ddb5-4fa4-a97d-d965ccfc6d4b" outcome="Passed" testListId="8c84fa94-04c1-424b-9868-57a2d4851a1d" relativeResultsDirectory="bd08568c-171a-4e76-b976-714ca6805448" />
    <UnitTestResult executionId="7c3a9233-4d90-47d5-b8bf-5852ddae0627" testId="735a424c-3077-6b69-a915-eb87e739d9a2" testName="CharacterManager.Backend.Unit.Tests.Characters.CharacterValidatorTests.FinalizedStandardCharacterRequiresAllStats" computerName="DESKTOP-OMOJ29N" duration="00:00:00.0003802" startTime="2026-06-06T09:40:59.0027503+03:00" endTime="2026-06-06T09:40:59.0027504+03:00" testType="13cdc9d9-ddb5-4fa4-a97d-d965ccfc6d4b" outcome="Passed" testListId="8c84fa94-04c1-424b-9868-57a2d4851a1d" relativeResultsDirectory="7c3a9233-4d90-47d5-b8bf-5852ddae0627" />
    <UnitTestResult executionId="a933dd0c-efde-4936-bd2a-2810e5a3309c" testId="0e3503fe-03eb-3c72-aadc-6894f5d71293" testName="CharacterManager.Backend.Unit.Tests.Characters.CharacterValidatorTests.FinalizedStandardCharacterRequiresStartingStatDistribution" computerName="DESKTOP-OMOJ29N" duration="00:00:00.0004483" startTime="2026-06-06T09:40:59.0048795+03:00" endTime="2026-06-06T09:40:59.0048796+03:00" testType="13cdc9d9-ddb5-4fa4-a97d-d965ccfc6d4b" outcome="Passed" testListId="8c84fa94-04c1-424b-9868-57a2d4851a1d" relativeResultsDirectory="a933dd0c-efde-4936-bd2a-2810e5a3309c" />
    <UnitTestResult executionId="d0e8e9ba-63fd-4808-b17d-59fa6462625c" testId="9ae67305-948c-2915-027e-e4712182fdc2" testName="CharacterManager.Backend.Unit.Tests.Characters.CharacterValidatorTests.MetersMustStayWithinZeroToFive" computerName="DESKTOP-OMOJ29N" duration="00:00:00.0006320" startTime="2026-06-06T09:40:59.0022516+03:00" endTime="2026-06-06T09:40:59.0022516+03:00" testType="13cdc9d9-ddb5-4fa4-a97d-d965ccfc6d4b" outcome="Passed" testListId="8c84fa94-04c1-424b-9868-57a2d4851a1d" relativeResultsDirectory="d0e8e9ba-63fd-4808-b17d-59fa6462625c" />
    <UnitTestResult executionId="f2ca86a2-3975-4d85-9220-3eabc40e72f3" testId="a33a10ab-9945-b222-4546-656049989996" testName="CharacterManager.Backend.Unit.Tests.Rules.RulesetCatalogTests.CatalogIdsAreUnique" computerName="DESKTOP-OMOJ29N" duration="00:00:00.0012644" startTime="2026-06-06T09:40:59.0012840+03:00" endTime="2026-06-06T09:40:59.0012841+03:00" testType="13cdc9d9-ddb5-4fa4-a97d-d965ccfc6d4b" outcome="Passed" testListId="8c84fa94-04c1-424b-9868-57a2d4851a1d" relativeResultsDirectory="f2ca86a2-3975-4d85-9220-3eabc40e72f3" />
    <UnitTestResult executionId="4708c4ff-2fe6-4a6e-8922-bb88b688b2a8" testId="88b8f4de-994e-1da4-080b-f34086b9af85" testName="CharacterManager.Backend.Unit.Tests.Characters.LocalJsonCharacterRepositoryTests.DeleteRemovesPersistedCharacter" computerName="DESKTOP-OMOJ29N" duration="00:00:00.0044820" startTime="2026-06-06T09:40:59.0652155+03:00" endTime="2026-06-06T09:40:59.0652158+03:00" testType="13cdc9d9-ddb5-4fa4-a97d-d965ccfc6d4b" outcome="Passed" testListId="8c84fa94-04c1-424b-9868-57a2d4851a1d" relativeResultsDirectory="4708c4ff-2fe6-4a6e-8922-bb88b688b2a8" />
    <UnitTestResult executionId="a9e286ac-38f3-430a-ba22-bd706ffd8395" testId="7876fbd3-19f5-2e15-0408-a6824ae52b4f" testName="CharacterManager.Backend.Unit.Tests.Characters.CharacterValidatorTests.MomentumOutsideDerivedRangeIsInvalid" computerName="DESKTOP-OMOJ29N" duration="00:00:00.0009306" startTime="2026-06-06T09:40:58.9797781+03:00" endTime="2026-06-06T09:40:58.9797782+03:00" testType="13cdc9d9-ddb5-4fa4-a97d-d965ccfc6d4b" outcome="Passed" testListId="8c84fa94-04c1-424b-9868-57a2d4851a1d" relativeResultsDirectory="a9e286ac-38f3-430a-ba22-bd706ffd8395" />
  </Results>
  <TestDefinitions>
    <UnitTest name="CharacterManager.Backend.Unit.Tests.Rolling.ActionRollTests.OutcomeIsWeakHitWhenActionScoreBeatsOneChallengeDie" storage="d:\git\charactermanager\tests\backend\unit\bin\debug\net8.0\charactermanager.backend.unit.tests.dll" id="ea21e159-f66d-7300-4023-b2281978c2a8">
      <Execution id="f4d7c6b7-d9cf-4582-88a3-ea3c26d9804f" />
      <TestMethod codeBase="D:\GIT\CharacterManager\tests\backend\Unit\bin\Debug\net8.0\CharacterManager.Backend.Unit.Tests.dll" adapterTypeName="executor://xunit/VsTestRunner2/netcoreapp" className="CharacterManager.Backend.Unit.Tests.Rolling.ActionRollTests" name="OutcomeIsWeakHitWhenActionScoreBeatsOneChallengeDie" />
    </UnitTest>
    <UnitTest name="CharacterManager.Backend.Unit.Tests.Rolling.ActionRollTests.OutcomeIsMissWhenActionScoreBeatsNeitherChallengeDie" storage="d:\git\charactermanager\tests\backend\unit\bin\debug\net8.0\charactermanager.backend.unit.tests.dll" id="8a24a513-dcf4-4c30-c2ef-cbd081642021">
      <Execution id="8c9af893-9734-461c-b7e9-d3e65ddd5548" />
      <TestMethod codeBase="D:\GIT\CharacterManager\tests\backend\Unit\bin\Debug\net8.0\CharacterManager.Backend.Unit.Tests.dll" adapterTypeName="executor://xunit/VsTestRunner2/netcoreapp" className="CharacterManager.Backend.Unit.Tests.Rolling.ActionRollTests" name="OutcomeIsMissWhenActionScoreBeatsNeitherChallengeDie" />
    </UnitTest>
    <UnitTest name="CharacterManager.Backend.Unit.Tests.Characters.CharacterValidatorTests.MarkedDebilitiesDeriveMomentumMaximumAndReset" storage="d:\git\charactermanager\tests\backend\unit\bin\debug\net8.0\charactermanager.backend.unit.tests.dll" id="d7b47673-31e0-9171-3a3d-64a585676852">
      <Execution id="daed9281-69c4-4d00-9aa1-67b33ae7918b" />
      <TestMethod codeBase="D:\GIT\CharacterManager\tests\backend\Unit\bin\Debug\net8.0\CharacterManager.Backend.Unit.Tests.dll" adapterTypeName="executor://xunit/VsTestRunner2/netcoreapp" className="CharacterManager.Backend.Unit.Tests.Characters.CharacterValidatorTests" name="MarkedDebilitiesDeriveMomentumMaximumAndReset" />
    </UnitTest>
    <UnitTest name="CharacterManager.Backend.Unit.Tests.Rules.RulesetCatalogTests.CatalogIdsAreUnique" storage="d:\git\charactermanager\tests\backend\unit\bin\debug\net8.0\charactermanager.backend.unit.tests.dll" id="a33a10ab-9945-b222-4546-656049989996">
      <Execution id="f2ca86a2-3975-4d85-9220-3eabc40e72f3" />
      <TestMethod codeBase="D:\GIT\CharacterManager\tests\backend\Unit\bin\Debug\net8.0\CharacterManager.Backend.Unit.Tests.dll" adapterTypeName="executor://xunit/VsTestRunner2/netcoreapp" className="CharacterManager.Backend.Unit.Tests.Rules.RulesetCatalogTests" name="CatalogIdsAreUnique" />
    </UnitTest>
    <UnitTest name="CharacterManager.Backend.Unit.Tests.Rules.RulesetCatalogTests.IronswornCatalogContainsMvpMetadata" storage="d:\git\charactermanager\tests\backend\unit\bin\debug\net8.0\charactermanager.backend.unit.tests.dll" id="31328d30-35a0-25c7-9cc6-ed011f50a86c">
      <Execution id="a42dadeb-4e83-42ff-8a28-6b7cad2cd859" />
      <TestMethod codeBase="D:\GIT\CharacterManager\tests\backend\Unit\bin\Debug\net8.0\CharacterManager.Backend.Unit.Tests.dll" adapterTypeName="executor://xunit/VsTestRunner2/netcoreapp" className="CharacterManager.Backend.Unit.Tests.Rules.RulesetCatalogTests" name="IronswornCatalogContainsMvpMetadata" />
    </UnitTest>
    <UnitTest name="CharacterManager.Backend.Unit.Tests.Characters.CharacterValidatorTests.DebilityBlocksMatchingMeterIncrease" storage="d:\git\charactermanager\tests\backend\unit\bin\debug\net8.0\charactermanager.backend.unit.tests.dll" id="236744a4-0b11-4a3b-adc3-845b06e2b880">
      <Execution id="5f7dba79-5d58-4dfc-979d-8b39bf3ff2e3" />
      <TestMethod codeBase="D:\GIT\CharacterManager\tests\backend\Unit\bin\Debug\net8.0\CharacterManager.Backend.Unit.Tests.dll" adapterTypeName="executor://xunit/VsTestRunner2/netcoreapp" className="CharacterManager.Backend.Unit.Tests.Characters.CharacterValidatorTests" name="DebilityBlocksMatchingMeterIncrease" />
    </UnitTest>
    <UnitTest name="CharacterManager.Backend.Unit.Tests.Characters.LocalJsonCharacterRepositoryTests.ListReportsInvalidJsonWithoutThrowing" storage="d:\git\charactermanager\tests\backend\unit\bin\debug\net8.0\charactermanager.backend.unit.tests.dll" id="c19d8e7b-9d03-3164-3137-53480f81f3d5">
      <Execution id="c514ed23-cb05-4efc-897e-c2484116396f" />
      <TestMethod codeBase="D:\GIT\CharacterManager\tests\backend\Unit\bin\Debug\net8.0\CharacterManager.Backend.Unit.Tests.dll" adapterTypeName="executor://xunit/VsTestRunner2/netcoreapp" className="CharacterManager.Backend.Unit.Tests.Characters.LocalJsonCharacterRepositoryTests" name="ListReportsInvalidJsonWithoutThrowing" />
    </UnitTest>
    <UnitTest name="CharacterManager.Backend.Unit.Tests.Rolling.ActionRollTests.OutcomeIsStrongHitWhenActionScoreBeatsBothChallengeDice" storage="d:\git\charactermanager\tests\backend\unit\bin\debug\net8.0\charactermanager.backend.unit.tests.dll" id="9c99d689-0bd9-8a5c-0e92-e0d2433f6d1a">
      <Execution id="228c6220-9019-431b-b026-4642f6e948e4" />
      <TestMethod codeBase="D:\GIT\CharacterManager\tests\backend\Unit\bin\Debug\net8.0\CharacterManager.Backend.Unit.Tests.dll" adapterTypeName="executor://xunit/VsTestRunner2/netcoreapp" className="CharacterManager.Backend.Unit.Tests.Rolling.ActionRollTests" name="OutcomeIsStrongHitWhenActionScoreBeatsBothChallengeDice" />
    </UnitTest>
    <UnitTest name="CharacterManager.Backend.Unit.Tests.Characters.LocalJsonCharacterRepositoryTests.DeleteRemovesPersistedCharacter" storage="d:\git\charactermanager\tests\backend\unit\bin\debug\net8.0\charactermanager.backend.unit.tests.dll" id="88b8f4de-994e-1da4-080b-f34086b9af85">
      <Execution id="4708c4ff-2fe6-4a6e-8922-bb88b688b2a8" />
      <TestMethod codeBase="D:\GIT\CharacterManager\tests\backend\Unit\bin\Debug\net8.0\CharacterManager.Backend.Unit.Tests.dll" adapterTypeName="executor://xunit/VsTestRunner2/netcoreapp" className="CharacterManager.Backend.Unit.Tests.Characters.LocalJsonCharacterRepositoryTests" name="DeleteRemovesPersistedCharacter" />
    </UnitTest>
    <UnitTest name="CharacterManager.Backend.Unit.Tests.Characters.CharacterValidatorTests.VowAndBondValidationUsesStructuredFields" storage="d:\git\charactermanager\tests\backend\unit\bin\debug\net8.0\charactermanager.backend.unit.tests.dll" id="9c17b282-df8d-742d-126b-459397f06184">
      <Execution id="c6a1bc7f-5c71-4efe-a472-9de740fdc2ab" />
      <TestMethod codeBase="D:\GIT\CharacterManager\tests\backend\Unit\bin\Debug\net8.0\CharacterManager.Backend.Unit.Tests.dll" adapterTypeName="executor://xunit/VsTestRunner2/netcoreapp" className="CharacterManager.Backend.Unit.Tests.Characters.CharacterValidatorTests" name="VowAndBondValidationUsesStructuredFields" />
    </UnitTest>
    <UnitTest name="CharacterManager.Backend.Unit.Tests.Characters.CharacterValidatorTests.DuplicateAssetsAndMissingCompanionNameAreInvalid" storage="d:\git\charactermanager\tests\backend\unit\bin\debug\net8.0\charactermanager.backend.unit.tests.dll" id="75b84d60-8db1-eb67-9fd3-b47c83b803ce">
      <Execution id="f861ecd5-f2f8-4585-a6d9-85049f70eb28" />
      <TestMethod codeBase="D:\GIT\CharacterManager\tests\backend\Unit\bin\Debug\net8.0\CharacterManager.Backend.Unit.Tests.dll" adapterTypeName="executor://xunit/VsTestRunner2/netcoreapp" className="CharacterManager.Backend.Unit.Tests.Characters.CharacterValidatorTests" name="DuplicateAssetsAndMissingCompanionNameAreInvalid" />
    </UnitTest>
    <UnitTest name="CharacterManager.Backend.Unit.Tests.Characters.LocalJsonCharacterRepositoryTests.SavesAndLoadsCharacterRoundtrip" storage="d:\git\charactermanager\tests\backend\unit\bin\debug\net8.0\charactermanager.backend.unit.tests.dll" id="5ecca942-fd99-be78-4d36-ac0cb651d2b4">
      <Execution id="09a0e40d-e090-4de9-8e5a-a1c6782db98a" />
      <TestMethod codeBase="D:\GIT\CharacterManager\tests\backend\Unit\bin\Debug\net8.0\CharacterManager.Backend.Unit.Tests.dll" adapterTypeName="executor://xunit/VsTestRunner2/netcoreapp" className="CharacterManager.Backend.Unit.Tests.Characters.LocalJsonCharacterRepositoryTests" name="SavesAndLoadsCharacterRoundtrip" />
    </UnitTest>
    <UnitTest name="CharacterManager.Backend.Unit.Tests.Characters.CharacterValidatorTests.DraftCanBeIncompleteWithoutFinalizationErrors" storage="d:\git\charactermanager\tests\backend\unit\bin\debug\net8.0\charactermanager.backend.unit.tests.dll" id="c04857b2-46e3-f1e6-d996-333f7ef87e95">
      <Execution id="6037ce92-9ef3-41cd-9f1b-87b0297ff049" />
      <TestMethod codeBase="D:\GIT\CharacterManager\tests\backend\Unit\bin\Debug\net8.0\CharacterManager.Backend.Unit.Tests.dll" adapterTypeName="executor://xunit/VsTestRunner2/netcoreapp" className="CharacterManager.Backend.Unit.Tests.Characters.CharacterValidatorTests" name="DraftCanBeIncompleteWithoutFinalizationErrors" />
    </UnitTest>
    <UnitTest name="CharacterManager.Backend.Unit.Tests.Characters.CharacterValidatorTests.MetersMustStayWithinZeroToFive" storage="d:\git\charactermanager\tests\backend\unit\bin\debug\net8.0\charactermanager.backend.unit.tests.dll" id="9ae67305-948c-2915-027e-e4712182fdc2">
      <Execution id="d0e8e9ba-63fd-4808-b17d-59fa6462625c" />
      <TestMethod codeBase="D:\GIT\CharacterManager\tests\backend\Unit\bin\Debug\net8.0\CharacterManager.Backend.Unit.Tests.dll" adapterTypeName="executor://xunit/VsTestRunner2/netcoreapp" className="CharacterManager.Backend.Unit.Tests.Characters.CharacterValidatorTests" name="MetersMustStayWithinZeroToFive" />
    </UnitTest>
    <UnitTest name="CharacterManager.Backend.Unit.Tests.Characters.CharacterValidatorTests.CompleteStandardCharacterIsValidForFinalization" storage="d:\git\charactermanager\tests\backend\unit\bin\debug\net8.0\charactermanager.backend.unit.tests.dll" id="faf2c8cd-25f6-0f93-9352-2ca83fa6ae89">
      <Execution id="bd08568c-171a-4e76-b976-714ca6805448" />
      <TestMethod codeBase="D:\GIT\CharacterManager\tests\backend\Unit\bin\Debug\net8.0\CharacterManager.Backend.Unit.Tests.dll" adapterTypeName="executor://xunit/VsTestRunner2/netcoreapp" className="CharacterManager.Backend.Unit.Tests.Characters.CharacterValidatorTests" name="CompleteStandardCharacterIsValidForFinalization" />
    </UnitTest>
    <UnitTest name="CharacterManager.Backend.Unit.Tests.Characters.CharacterValidatorTests.UnknownStatsAndDebilitiesAreErrors" storage="d:\git\charactermanager\tests\backend\unit\bin\debug\net8.0\charactermanager.backend.unit.tests.dll" id="ee331188-17e9-0a1b-1fc7-1fc48408f89a">
      <Execution id="ae19b74c-a292-4364-a47c-349b69025f55" />
      <TestMethod codeBase="D:\GIT\CharacterManager\tests\backend\Unit\bin\Debug\net8.0\CharacterManager.Backend.Unit.Tests.dll" adapterTypeName="executor://xunit/VsTestRunner2/netcoreapp" className="CharacterManager.Backend.Unit.Tests.Characters.CharacterValidatorTests" name="UnknownStatsAndDebilitiesAreErrors" />
    </UnitTest>
    <UnitTest name="CharacterManager.Backend.Unit.Tests.Characters.CharacterValidatorTests.FinalizedCharacterRequiresBothBackgroundAndIncitingVows" storage="d:\git\charactermanager\tests\backend\unit\bin\debug\net8.0\charactermanager.backend.unit.tests.dll" id="d9b07004-8ede-ee02-e9f8-63dc3078bffa">
      <Execution id="0dbf4538-ff99-4b0f-9fb8-93a72175fce0" />
      <TestMethod codeBase="D:\GIT\CharacterManager\tests\backend\Unit\bin\Debug\net8.0\CharacterManager.Backend.Unit.Tests.dll" adapterTypeName="executor://xunit/VsTestRunner2/netcoreapp" className="CharacterManager.Backend.Unit.Tests.Characters.CharacterValidatorTests" name="FinalizedCharacterRequiresBothBackgroundAndIncitingVows" />
    </UnitTest>
    <UnitTest name="CharacterManager.Backend.Unit.Tests.Characters.CharacterValidatorTests.FinalizedStandardCharacterRequiresStartingStatDistribution" storage="d:\git\charactermanager\tests\backend\unit\bin\debug\net8.0\charactermanager.backend.unit.tests.dll" id="0e3503fe-03eb-3c72-aadc-6894f5d71293">
      <Execution id="a933dd0c-efde-4936-bd2a-2810e5a3309c" />
      <TestMethod codeBase="D:\GIT\CharacterManager\tests\backend\Unit\bin\Debug\net8.0\CharacterManager.Backend.Unit.Tests.dll" adapterTypeName="executor://xunit/VsTestRunner2/netcoreapp" className="CharacterManager.Backend.Unit.Tests.Characters.CharacterValidatorTests" name="FinalizedStandardCharacterRequiresStartingStatDistribution" />
    </UnitTest>
    <UnitTest name="CharacterManager.Backend.Unit.Tests.Characters.CharacterValidatorTests.FinalizedStandardCharacterRequiresAllStats" storage="d:\git\charactermanager\tests\backend\unit\bin\debug\net8.0\charactermanager.backend.unit.tests.dll" id="735a424c-3077-6b69-a915-eb87e739d9a2">
      <Execution id="7c3a9233-4d90-47d5-b8bf-5852ddae0627" />
      <TestMethod codeBase="D:\GIT\CharacterManager\tests\backend\Unit\bin\Debug\net8.0\CharacterManager.Backend.Unit.Tests.dll" adapterTypeName="executor://xunit/VsTestRunner2/netcoreapp" className="CharacterManager.Backend.Unit.Tests.Characters.CharacterValidatorTests" name="FinalizedStandardCharacterRequiresAllStats" />
    </UnitTest>
    <UnitTest name="CharacterManager.Backend.Unit.Tests.Characters.CharacterValidatorTests.MomentumOutsideDerivedRangeIsInvalid" storage="d:\git\charactermanager\tests\backend\unit\bin\debug\net8.0\charactermanager.backend.unit.tests.dll" id="7876fbd3-19f5-2e15-0408-a6824ae52b4f">
      <Execution id="a9e286ac-38f3-430a-ba22-bd706ffd8395" />
      <TestMethod codeBase="D:\GIT\CharacterManager\tests\backend\Unit\bin\Debug\net8.0\CharacterManager.Backend.Unit.Tests.dll" adapterTypeName="executor://xunit/VsTestRunner2/netcoreapp" className="CharacterManager.Backend.Unit.Tests.Characters.CharacterValidatorTests" name="MomentumOutsideDerivedRangeIsInvalid" />
    </UnitTest>
    <UnitTest name="CharacterManager.Backend.Unit.Tests.Characters.LocalJsonCharacterRepositoryTests.UnsupportedSchemaVersionIsLoadableButNeedsReview" storage="d:\git\charactermanager\tests\backend\unit\bin\debug\net8.0\charactermanager.backend.unit.tests.dll" id="17546752-6482-c643-1d10-3a16c7d67276">
      <Execution id="72f0b82e-7ab3-4636-a0b8-7787fee3a3d8" />
      <TestMethod codeBase="D:\GIT\CharacterManager\tests\backend\Unit\bin\Debug\net8.0\CharacterManager.Backend.Unit.Tests.dll" adapterTypeName="executor://xunit/VsTestRunner2/netcoreapp" className="CharacterManager.Backend.Unit.Tests.Characters.LocalJsonCharacterRepositoryTests" name="UnsupportedSchemaVersionIsLoadableButNeedsReview" />
    </UnitTest>
    <UnitTest name="CharacterManager.Backend.Unit.Tests.Characters.CharacterValidatorTests.ProgressTracksMustStayWithinFortyTicks" storage="d:\git\charactermanager\tests\backend\unit\bin\debug\net8.0\charactermanager.backend.unit.tests.dll" id="747f734f-ee55-5f32-cd6d-559d484ce226">
      <Execution id="cd6c9597-45c3-4d16-8008-151e16c339cc" />
      <TestMethod codeBase="D:\GIT\CharacterManager\tests\backend\Unit\bin\Debug\net8.0\CharacterManager.Backend.Unit.Tests.dll" adapterTypeName="executor://xunit/VsTestRunner2/netcoreapp" className="CharacterManager.Backend.Unit.Tests.Characters.CharacterValidatorTests" name="ProgressTracksMustStayWithinFortyTicks" />
    </UnitTest>
    <UnitTest name="CharacterManager.Backend.Unit.Tests.Characters.CharacterValidatorTests.FinalizedCharacterRequiresNameThreeAssetsAndStartingVows" storage="d:\git\charactermanager\tests\backend\unit\bin\debug\net8.0\charactermanager.backend.unit.tests.dll" id="5509f1e8-e7ec-dd43-66ab-538a14808763">
      <Execution id="b4ceef50-1998-4851-8f86-34dc6176466e" />
      <TestMethod codeBase="D:\GIT\CharacterManager\tests\backend\Unit\bin\Debug\net8.0\CharacterManager.Backend.Unit.Tests.dll" adapterTypeName="executor://xunit/VsTestRunner2/netcoreapp" className="CharacterManager.Backend.Unit.Tests.Characters.CharacterValidatorTests" name="FinalizedCharacterRequiresNameThreeAssetsAndStartingVows" />
    </UnitTest>
  </TestDefinitions>
  <TestEntries>
    <TestEntry testId="236744a4-0b11-4a3b-adc3-845b06e2b880" executionId="5f7dba79-5d58-4dfc-979d-8b39bf3ff2e3" testListId="8c84fa94-04c1-424b-9868-57a2d4851a1d" />
    <TestEntry testId="747f734f-ee55-5f32-cd6d-559d484ce226" executionId="cd6c9597-45c3-4d16-8008-151e16c339cc" testListId="8c84fa94-04c1-424b-9868-57a2d4851a1d" />
    <TestEntry testId="17546752-6482-c643-1d10-3a16c7d67276" executionId="72f0b82e-7ab3-4636-a0b8-7787fee3a3d8" testListId="8c84fa94-04c1-424b-9868-57a2d4851a1d" />
    <TestEntry testId="c19d8e7b-9d03-3164-3137-53480f81f3d5" executionId="c514ed23-cb05-4efc-897e-c2484116396f" testListId="8c84fa94-04c1-424b-9868-57a2d4851a1d" />
    <TestEntry testId="5509f1e8-e7ec-dd43-66ab-538a14808763" executionId="b4ceef50-1998-4851-8f86-34dc6176466e" testListId="8c84fa94-04c1-424b-9868-57a2d4851a1d" />
    <TestEntry testId="c04857b2-46e3-f1e6-d996-333f7ef87e95" executionId="6037ce92-9ef3-41cd-9f1b-87b0297ff049" testListId="8c84fa94-04c1-424b-9868-57a2d4851a1d" />
    <TestEntry testId="9c17b282-df8d-742d-126b-459397f06184" executionId="c6a1bc7f-5c71-4efe-a472-9de740fdc2ab" testListId="8c84fa94-04c1-424b-9868-57a2d4851a1d" />
    <TestEntry testId="ea21e159-f66d-7300-4023-b2281978c2a8" executionId="f4d7c6b7-d9cf-4582-88a3-ea3c26d9804f" testListId="8c84fa94-04c1-424b-9868-57a2d4851a1d" />
    <TestEntry testId="5ecca942-fd99-be78-4d36-ac0cb651d2b4" executionId="09a0e40d-e090-4de9-8e5a-a1c6782db98a" testListId="8c84fa94-04c1-424b-9868-57a2d4851a1d" />
    <TestEntry testId="75b84d60-8db1-eb67-9fd3-b47c83b803ce" executionId="f861ecd5-f2f8-4585-a6d9-85049f70eb28" testListId="8c84fa94-04c1-424b-9868-57a2d4851a1d" />
    <TestEntry testId="9c99d689-0bd9-8a5c-0e92-e0d2433f6d1a" executionId="228c6220-9019-431b-b026-4642f6e948e4" testListId="8c84fa94-04c1-424b-9868-57a2d4851a1d" />
    <TestEntry testId="ee331188-17e9-0a1b-1fc7-1fc48408f89a" executionId="ae19b74c-a292-4364-a47c-349b69025f55" testListId="8c84fa94-04c1-424b-9868-57a2d4851a1d" />
    <TestEntry testId="d9b07004-8ede-ee02-e9f8-63dc3078bffa" executionId="0dbf4538-ff99-4b0f-9fb8-93a72175fce0" testListId="8c84fa94-04c1-424b-9868-57a2d4851a1d" />
    <TestEntry testId="31328d30-35a0-25c7-9cc6-ed011f50a86c" executionId="a42dadeb-4e83-42ff-8a28-6b7cad2cd859" testListId="8c84fa94-04c1-424b-9868-57a2d4851a1d" />
    <TestEntry testId="d7b47673-31e0-9171-3a3d-64a585676852" executionId="daed9281-69c4-4d00-9aa1-67b33ae7918b" testListId="8c84fa94-04c1-424b-9868-57a2d4851a1d" />
    <TestEntry testId="8a24a513-dcf4-4c30-c2ef-cbd081642021" executionId="8c9af893-9734-461c-b7e9-d3e65ddd5548" testListId="8c84fa94-04c1-424b-9868-57a2d4851a1d" />
    <TestEntry testId="faf2c8cd-25f6-0f93-9352-2ca83fa6ae89" executionId="bd08568c-171a-4e76-b976-714ca6805448" testListId="8c84fa94-04c1-424b-9868-57a2d4851a1d" />
    <TestEntry testId="735a424c-3077-6b69-a915-eb87e739d9a2" executionId="7c3a9233-4d90-47d5-b8bf-5852ddae0627" testListId="8c84fa94-04c1-424b-9868-57a2d4851a1d" />
    <TestEntry testId="0e3503fe-03eb-3c72-aadc-6894f5d71293" executionId="a933dd0c-efde-4936-bd2a-2810e5a3309c" testListId="8c84fa94-04c1-424b-9868-57a2d4851a1d" />
    <TestEntry testId="9ae67305-948c-2915-027e-e4712182fdc2" executionId="d0e8e9ba-63fd-4808-b17d-59fa6462625c" testListId="8c84fa94-04c1-424b-9868-57a2d4851a1d" />
    <TestEntry testId="a33a10ab-9945-b222-4546-656049989996" executionId="f2ca86a2-3975-4d85-9220-3eabc40e72f3" testListId="8c84fa94-04c1-424b-9868-57a2d4851a1d" />
    <TestEntry testId="88b8f4de-994e-1da4-080b-f34086b9af85" executionId="4708c4ff-2fe6-4a6e-8922-bb88b688b2a8" testListId="8c84fa94-04c1-424b-9868-57a2d4851a1d" />
    <TestEntry testId="7876fbd3-19f5-2e15-0408-a6824ae52b4f" executionId="a9e286ac-38f3-430a-ba22-bd706ffd8395" testListId="8c84fa94-04c1-424b-9868-57a2d4851a1d" />
  </TestEntries>
  <TestLists>
    <TestList name="Results Not in a List" id="8c84fa94-04c1-424b-9868-57a2d4851a1d" />
    <TestList name="All Loaded Results" id="19431567-8539-422a-85d7-44ee4e166bda" />
  </TestLists>
  <ResultSummary outcome="Completed">
    <Counters total="23" executed="23" passed="23" failed="0" error="0" timeout="0" aborted="0" inconclusive="0" passedButRunAborted="0" notRunnable="0" notExecuted="0" disconnected="0" warning="0" completed="0" inProgress="0" pending="0" />
    <Output>
      <StdOut>[xUnit.net 00:00:00.00] xUnit.net VSTest Adapter v2.8.2+699d445a1a (64-bit .NET 8.0.27)&#xD;
[xUnit.net 00:00:00.07]   Discovering: CharacterManager.Backend.Unit.Tests&#xD;
[xUnit.net 00:00:00.10]   Discovered:  CharacterManager.Backend.Unit.Tests&#xD;
[xUnit.net 00:00:00.10]   Starting:    CharacterManager.Backend.Unit.Tests&#xD;
[xUnit.net 00:00:00.25]   Finished:    CharacterManager.Backend.Unit.Tests&#xD;
</StdOut>
    </Output>
    <CollectorDataEntries>
      <Collector agentName="DESKTOP-OMOJ29N" uri="datacollector://microsoft/CoverletCodeCoverage/1.0" collectorDisplayName="XPlat code coverage">
        <UriAttachments>
          <UriAttachment>
            <A href="DESKTOP-OMOJ29N\coverage.cobertura.xml"></A>
          </UriAttachment>
        </UriAttachments>
      </Collector>
    </CollectorDataEntries>
  </ResultSummary>
</TestRun>