<?xml version="1.0" encoding="utf-8"?>
<coverage line-rate="0.8837999999999999" branch-rate="0.5503" version="1.9" timestamp="1780728065" lines-covered="1035" lines-valid="1171" branches-covered="175" branches-valid="318">
  <sources>
    <source>D:\GIT\CharacterManager\src\</source>
  </sources>
  <packages>
    <package name="CharacterManager.Api" line-rate="0.9533" branch-rate="0.5083" complexity="193">
      <classes>
        <class name="Program" filename="CharacterManager.Api\Program.cs" line-rate="0.9437000000000001" branch-rate="0.5434" complexity="53">
          <methods>
            <method name="&lt;Main&gt;$" signature="(System.String[])" line-rate="0.9070999999999999" branch-rate="0.3333" complexity="12">
              <lines>
                <line number="9" hits="10" branch="False" />
                <line number="11" hits="10" branch="False" />
                <line number="12" hits="10" branch="False" />
                <line number="13" hits="10" branch="False" />
                <line number="14" hits="20" branch="False" />
                <line number="16" hits="10" branch="False" />
                <line number="17" hits="10" branch="False" />
                <line number="18" hits="10" branch="False" />
                <line number="19" hits="10" branch="False" />
                <line number="20" hits="10" branch="False" />
                <line number="21" hits="0" branch="True" condition-coverage="0% (0/4)">
                  <conditions>
                    <condition number="11" type="jump" coverage="0%" />
                    <condition number="24" type="jump" coverage="0%" />
                  </conditions>
                </line>
                <line number="22" hits="10" branch="False" />
                <line number="23" hits="10" branch="False" />
                <line number="24" hits="20" branch="False" />
                <line number="25" hits="20" branch="False" />
                <line number="26" hits="10" branch="False" />
                <line number="27" hits="10" branch="False" />
                <line number="28" hits="10" branch="False" />
                <line number="29" hits="10" branch="False" />
                <line number="30" hits="10" branch="False" />
                <line number="31" hits="8" branch="False" />
                <line number="32" hits="8" branch="True" condition-coverage="50% (1/2)">
                  <conditions>
                    <condition number="23" type="jump" coverage="50%" />
                  </conditions>
                </line>
                <line number="33" hits="8" branch="False" />
                <line number="34" hits="8" branch="True" condition-coverage="50% (1/2)">
                  <conditions>
                    <condition number="43" type="jump" coverage="50%" />
                  </conditions>
                </line>
                <line number="35" hits="8" branch="False" />
                <line number="36" hits="8" branch="False" />
                <line number="37" hits="10" branch="False" />
                <line number="38" hits="8" branch="False" />
                <line number="39" hits="18" branch="False" />
                <line number="41" hits="10" branch="False" />
                <line number="43" hits="10" branch="False" />
                <line number="45" hits="11" branch="True" condition-coverage="50% (2/4)">
                  <conditions>
                    <condition number="31" type="jump" coverage="50%" />
                    <condition number="43" type="jump" coverage="50%" />
                  </conditions>
                </line>
                <line number="46" hits="11" branch="False" />
                <line number="47" hits="11" branch="False" />
                <line number="48" hits="11" branch="False" />
                <line number="49" hits="11" branch="False" />
                <line number="51" hits="10" branch="False" />
                <line number="52" hits="0" branch="False" />
                <line number="53" hits="0" branch="False" />
                <line number="54" hits="10" branch="False" />
                <line number="56" hits="10" branch="False" />
                <line number="57" hits="1" branch="False" />
                <line number="58" hits="1" branch="False" />
                <line number="59" hits="11" branch="False" />
                <line number="61" hits="10" branch="False" />
                <line number="63" hits="10" branch="False" />
                <line number="64" hits="1" branch="False" />
                <line number="65" hits="1" branch="False" />
                <line number="66" hits="1" branch="False" />
                <line number="67" hits="11" branch="False" />
                <line number="69" hits="10" branch="False" />
                <line number="70" hits="2" branch="False" />
                <line number="71" hits="2" branch="False" />
                <line number="72" hits="2" branch="False" />
                <line number="73" hits="2" branch="False" />
                <line number="74" hits="2" branch="False" />
                <line number="75" hits="12" branch="False" />
                <line number="77" hits="10" branch="False" />
                <line number="78" hits="3" branch="False" />
                <line number="79" hits="3" branch="False" />
                <line number="80" hits="3" branch="False" />
                <line number="81" hits="15" branch="False" />
                <line number="82" hits="3" branch="False" />
                <line number="83" hits="3" branch="False" />
                <line number="84" hits="3" branch="False" />
                <line number="85" hits="3" branch="False" />
                <line number="86" hits="3" branch="False" />
                <line number="87" hits="3" branch="False" />
                <line number="88" hits="3" branch="False" />
                <line number="89" hits="10" branch="False" />
                <line number="90" hits="3" branch="False" />
                <line number="91" hits="13" branch="False" />
                <line number="93" hits="10" branch="False" />
                <line number="94" hits="6" branch="False" />
                <line number="95" hits="6" branch="False" />
                <line number="96" hits="6" branch="False" />
                <line number="97" hits="6" branch="False" />
                <line number="98" hits="0" branch="False" />
                <line number="99" hits="0" branch="False" />
                <line number="100" hits="10" branch="False" />
                <line number="101" hits="10" branch="False" />
                <line number="102" hits="6" branch="False" />
                <line number="103" hits="66" branch="False" />
                <line number="104" hits="6" branch="False" />
                <line number="105" hits="6" branch="False" />
                <line number="106" hits="6" branch="False" />
                <line number="107" hits="10" branch="False" />
                <line number="108" hits="6" branch="False" />
                <line number="109" hits="16" branch="False" />
                <line number="111" hits="10" branch="False" />
                <line number="112" hits="3" branch="False" />
                <line number="113" hits="3" branch="False" />
                <line number="114" hits="3" branch="False" />
                <line number="115" hits="2" branch="False" />
                <line number="116" hits="2" branch="False" />
                <line number="117" hits="10" branch="False" />
                <line number="118" hits="10" branch="False" />
                <line number="119" hits="1" branch="False" />
                <line number="120" hits="0" branch="False" />
                <line number="121" hits="0" branch="False" />
                <line number="122" hits="10" branch="False" />
                <line number="123" hits="10" branch="False" />
                <line number="124" hits="1" branch="False" />
                <line number="125" hits="13" branch="False" />
                <line number="127" hits="10" branch="False" />
                <line number="128" hits="5" branch="False" />
                <line number="129" hits="5" branch="False" />
                <line number="130" hits="1" branch="False" />
                <line number="131" hits="1" branch="False" />
                <line number="132" hits="10" branch="False" />
                <line number="133" hits="10" branch="False" />
                <line number="134" hits="4" branch="False" />
                <line number="135" hits="4" branch="False" />
                <line number="136" hits="0" branch="False" />
                <line number="137" hits="0" branch="False" />
                <line number="138" hits="10" branch="False" />
                <line number="139" hits="10" branch="False" />
                <line number="140" hits="4" branch="False" />
                <line number="141" hits="4" branch="False" />
                <line number="142" hits="4" branch="False" />
                <line number="143" hits="4" branch="False" />
                <line number="144" hits="4" branch="False" />
                <line number="145" hits="1" branch="False" />
                <line number="146" hits="1" branch="False" />
                <line number="147" hits="10" branch="False" />
                <line number="148" hits="3" branch="False" />
                <line number="149" hits="10" branch="False" />
                <line number="150" hits="3" branch="False" />
                <line number="151" hits="3" branch="False" />
                <line number="152" hits="3" branch="False" />
                <line number="153" hits="15" branch="False" />
                <line number="155" hits="10" branch="False" />
                <line number="156" hits="1" branch="False" />
                <line number="157" hits="1" branch="False" />
                <line number="158" hits="1" branch="False" />
                <line number="159" hits="0" branch="False" />
                <line number="160" hits="0" branch="False" />
                <line number="161" hits="10" branch="False" />
                <line number="162" hits="10" branch="False" />
                <line number="163" hits="1" branch="False" />
                <line number="164" hits="1" branch="False" />
                <line number="165" hits="0" branch="False" />
                <line number="166" hits="0" branch="False" />
                <line number="167" hits="10" branch="False" />
                <line number="168" hits="10" branch="False" />
                <line number="169" hits="1" branch="False" />
                <line number="170" hits="11" branch="False" />
                <line number="172" hits="10" branch="False" />
                <line number="173" hits="3" branch="False" />
                <line number="174" hits="3" branch="False" />
                <line number="175" hits="3" branch="False" />
                <line number="176" hits="0" branch="False" />
                <line number="177" hits="0" branch="False" />
                <line number="178" hits="10" branch="False" />
                <line number="179" hits="10" branch="False" />
                <line number="180" hits="3" branch="False" />
                <line number="181" hits="3" branch="False" />
                <line number="182" hits="0" branch="False" />
                <line number="183" hits="0" branch="False" />
                <line number="184" hits="10" branch="False" />
                <line number="185" hits="10" branch="False" />
                <line number="186" hits="3" branch="False" />
                <line number="187" hits="3" branch="False" />
                <line number="188" hits="3" branch="False" />
                <line number="189" hits="2" branch="False" />
                <line number="190" hits="2" branch="False" />
                <line number="191" hits="10" branch="False" />
                <line number="192" hits="10" branch="False" />
                <line number="193" hits="1" branch="False" />
                <line number="194" hits="1" branch="False" />
                <line number="195" hits="1" branch="False" />
                <line number="196" hits="13" branch="False" />
                <line number="198" hits="10" branch="False" />
                <line number="199" hits="2" branch="False" />
                <line number="200" hits="2" branch="False" />
                <line number="201" hits="1" branch="False" />
                <line number="202" hits="1" branch="False" />
                <line number="203" hits="10" branch="False" />
                <line number="204" hits="10" branch="False" />
                <line number="205" hits="1" branch="False" />
                <line number="206" hits="1" branch="False" />
                <line number="207" hits="12" branch="False" />
                <line number="209" hits="10" branch="False" />
              </lines>
            </method>
            <method name="&lt;&lt;Main&gt;$&gt;g__NormalizeCharacter|0_15" signature="(CharacterManager.Core.Characters.Character,CharacterManager.Core.Rules.Ruleset)" line-rate="1" branch-rate="1" complexity="1">
              <lines>
                <line number="212" hits="12" branch="False" />
                <line number="213" hits="12" branch="False" />
                <line number="214" hits="12" branch="False" />
                <line number="215" hits="12" branch="False" />
                <line number="216" hits="12" branch="False" />
                <line number="217" hits="12" branch="False" />
                <line number="218" hits="12" branch="False" />
                <line number="219" hits="12" branch="False" />
                <line number="220" hits="12" branch="False" />
                <line number="221" hits="12" branch="False" />
                <line number="222" hits="12" branch="False" />
              </lines>
            </method>
            <method name="&lt;&lt;Main&gt;$&gt;g__GetLockedMeter|0_16" signature="(CharacterManager.Core.Characters.Character,System.String,System.String,CharacterManager.Core.Characters.MeterState)" line-rate="1" branch-rate="0.75" complexity="4">
              <lines>
                <line number="225" hits="36" branch="False" />
                <line number="226" hits="39" branch="True" condition-coverage="50% (1/2)">
                  <conditions>
                    <condition number="6" type="jump" coverage="50%" />
                  </conditions>
                </line>
                <line number="227" hits="36" branch="True" condition-coverage="100% (2/2)">
                  <conditions>
                    <condition number="54" type="jump" coverage="100%" />
                  </conditions>
                </line>
                <line number="228" hits="36" branch="False" />
                <line number="229" hits="36" branch="False" />
                <line number="230" hits="36" branch="False" />
                <line number="231" hits="36" branch="False" />
                <line number="232" hits="36" branch="False" />
              </lines>
            </method>
            <method name="&lt;&lt;Main&gt;$&gt;g__MapRulesetSummary|0_17" signature="(CharacterManager.Core.Rules.Ruleset)" line-rate="1" branch-rate="1" complexity="1">
              <lines>
                <line number="234" hits="1" branch="False" />
                <line number="235" hits="1" branch="False" />
                <line number="236" hits="1" branch="False" />
                <line number="237" hits="1" branch="False" />
                <line number="238" hits="1" branch="False" />
                <line number="239" hits="1" branch="False" />
              </lines>
            </method>
            <method name="&lt;&lt;Main&gt;$&gt;g__MapRuleset|0_18" signature="(CharacterManager.Core.Rules.Ruleset)" line-rate="1" branch-rate="1" complexity="1">
              <lines>
                <line number="241" hits="1" branch="False" />
                <line number="242" hits="1" branch="False" />
                <line number="243" hits="1" branch="False" />
                <line number="244" hits="1" branch="False" />
                <line number="245" hits="1" branch="False" />
                <line number="246" hits="1" branch="False" />
                <line number="247" hits="1" branch="False" />
                <line number="248" hits="1" branch="False" />
                <line number="249" hits="1" branch="False" />
                <line number="250" hits="1" branch="False" />
                <line number="251" hits="1" branch="False" />
                <line number="252" hits="1" branch="False" />
                <line number="253" hits="1" branch="False" />
                <line number="254" hits="1" branch="False" />
              </lines>
            </method>
            <method name="&lt;&lt;Main&gt;$&gt;g__MapSummary|0_19" signature="(CharacterManager.Core.Characters.CharacterListEntry,CharacterManager.Core.Validation.ValidationResult)" line-rate="0.9714" branch-rate="0.5832999999999999" complexity="24">
              <lines>
                <line number="257" hits="3" branch="False" />
                <line number="258" hits="3" branch="True" condition-coverage="100% (2/2)">
                  <conditions>
                    <condition number="12" type="jump" coverage="100%" />
                  </conditions>
                </line>
                <line number="259" hits="1" branch="False" />
                <line number="260" hits="1" branch="True" condition-coverage="50% (4/8)">
                  <conditions>
                    <condition number="33" type="jump" coverage="50%" />
                    <condition number="58" type="jump" coverage="50%" />
                    <condition number="104" type="jump" coverage="50%" />
                    <condition number="119" type="jump" coverage="50%" />
                  </conditions>
                </line>
                <line number="261" hits="1" branch="False" />
                <line number="262" hits="1" branch="False" />
                <line number="263" hits="1" branch="False" />
                <line number="264" hits="1" branch="False" />
                <line number="265" hits="1" branch="False" />
                <line number="266" hits="1" branch="False" />
                <line number="267" hits="1" branch="False" />
                <line number="268" hits="1" branch="False" />
                <line number="269" hits="1" branch="False" />
                <line number="270" hits="1" branch="False" />
                <line number="271" hits="1" branch="False" />
                <line number="274" hits="2" branch="False" />
                <line number="275" hits="2" branch="True" condition-coverage="57.14% (8/14)">
                  <conditions>
                    <condition number="184" type="jump" coverage="100%" />
                    <condition number="206" type="jump" coverage="100%" />
                    <condition number="245" type="jump" coverage="50%" />
                    <condition number="267" type="jump" coverage="50%" />
                    <condition number="270" type="jump" coverage="50%" />
                    <condition number="452" type="jump" coverage="50%" />
                    <condition number="467" type="jump" coverage="0%" />
                  </conditions>
                </line>
                <line number="276" hits="2" branch="False" />
                <line number="277" hits="2" branch="False" />
                <line number="278" hits="2" branch="False" />
                <line number="279" hits="2" branch="False" />
                <line number="280" hits="2" branch="False" />
                <line number="281" hits="2" branch="False" />
                <line number="282" hits="2" branch="False" />
                <line number="283" hits="2" branch="False" />
                <line number="284" hits="2" branch="False" />
                <line number="285" hits="2" branch="False" />
                <line number="286" hits="2" branch="False" />
                <line number="287" hits="2" branch="False" />
                <line number="288" hits="2" branch="False" />
                <line number="289" hits="2" branch="False" />
                <line number="290" hits="2" branch="False" />
                <line number="291" hits="0" branch="False" />
                <line number="292" hits="2" branch="False" />
                <line number="293" hits="3" branch="False" />
              </lines>
            </method>
            <method name="&lt;&lt;Main&gt;$&gt;g__MapCharacterDto|0_20" signature="(CharacterManager.Core.Characters.Character)" line-rate="1" branch-rate="1" complexity="1">
              <lines>
                <line number="295" hits="11" branch="False" />
                <line number="296" hits="11" branch="False" />
                <line number="297" hits="11" branch="False" />
                <line number="298" hits="11" branch="False" />
                <line number="299" hits="11" branch="False" />
                <line number="300" hits="11" branch="False" />
                <line number="301" hits="11" branch="False" />
                <line number="302" hits="11" branch="False" />
                <line number="303" hits="11" branch="False" />
                <line number="304" hits="11" branch="False" />
                <line number="305" hits="11" branch="False" />
                <line number="306" hits="11" branch="False" />
                <line number="307" hits="11" branch="False" />
                <line number="308" hits="11" branch="False" />
                <line number="309" hits="11" branch="False" />
                <line number="310" hits="11" branch="False" />
                <line number="311" hits="11" branch="False" />
                <line number="312" hits="11" branch="False" />
                <line number="313" hits="11" branch="False" />
                <line number="314" hits="11" branch="False" />
                <line number="315" hits="11" branch="False" />
                <line number="316" hits="11" branch="False" />
              </lines>
            </method>
            <method name="&lt;&lt;Main&gt;$&gt;g__MapCharacterFromDto|0_21" signature="(CharacterDto)" line-rate="1" branch-rate="1" complexity="1">
              <lines>
                <line number="318" hits="7" branch="False" />
                <line number="319" hits="7" branch="False" />
                <line number="320" hits="7" branch="False" />
                <line number="321" hits="7" branch="False" />
                <line number="322" hits="7" branch="False" />
                <line number="323" hits="7" branch="False" />
                <line number="324" hits="7" branch="False" />
                <line number="325" hits="7" branch="False" />
                <line number="326" hits="7" branch="False" />
                <line number="327" hits="7" branch="False" />
                <line number="328" hits="7" branch="False" />
                <line number="329" hits="7" branch="False" />
                <line number="330" hits="7" branch="False" />
                <line number="331" hits="7" branch="False" />
                <line number="332" hits="7" branch="False" />
                <line number="333" hits="7" branch="False" />
                <line number="334" hits="7" branch="False" />
                <line number="335" hits="7" branch="False" />
                <line number="336" hits="7" branch="False" />
                <line number="337" hits="7" branch="False" />
                <line number="338" hits="7" branch="False" />
                <line number="339" hits="7" branch="False" />
              </lines>
            </method>
            <method name="&lt;&lt;Main&gt;$&gt;g__MapValidation|0_22" signature="(CharacterManager.Core.Validation.ValidationResult)" line-rate="1" branch-rate="1" complexity="1">
              <lines>
                <line number="341" hits="4" branch="False" />
                <line number="342" hits="4" branch="False" />
                <line number="343" hits="4" branch="False" />
                <line number="344" hits="4" branch="False" />
              </lines>
            </method>
            <method name="&lt;&lt;Main&gt;$&gt;g__MapIssue|0_23" signature="(CharacterManager.Core.Validation.ValidationIssue)" line-rate="1" branch-rate="0.5" complexity="2">
              <lines>
                <line number="346" hits="14" branch="True" condition-coverage="50% (1/2)">
                  <conditions>
                    <condition number="30" type="jump" coverage="50%" />
                  </conditions>
                </line>
                <line number="347" hits="14" branch="False" />
                <line number="348" hits="14" branch="False" />
                <line number="349" hits="14" branch="False" />
                <line number="350" hits="14" branch="False" />
                <line number="351" hits="14" branch="False" />
              </lines>
            </method>
            <method name="&lt;&lt;Main&gt;$&gt;g__Error|0_24" signature="(System.String,System.String,System.String)" line-rate="1" branch-rate="1" complexity="1">
              <lines>
                <line number="353" hits="5" branch="False" />
              </lines>
            </method>
            <method name="&lt;&lt;Main&gt;$&gt;g__ToContractStatus|0_25" signature="(CharacterManager.Core.Characters.CharacterStatus)" line-rate="1" branch-rate="1" complexity="2">
              <lines>
                <line number="355" hits="13" branch="True" condition-coverage="100% (2/2)">
                  <conditions>
                    <condition number="6" type="jump" coverage="100%" />
                  </conditions>
                </line>
                <line number="356" hits="13" branch="False" />
                <line number="357" hits="2" branch="False" />
                <line number="358" hits="11" branch="False" />
                <line number="359" hits="13" branch="False" />
              </lines>
            </method>
            <method name="&lt;&lt;Main&gt;$&gt;g__FromContractStatus|0_26" signature="(System.String)" line-rate="1" branch-rate="0.5" complexity="2">
              <lines>
                <line number="361" hits="7" branch="True" condition-coverage="50% (1/2)">
                  <conditions>
                    <condition number="12" type="jump" coverage="50%" />
                  </conditions>
                </line>
                <line number="362" hits="7" branch="False" />
                <line number="363" hits="7" branch="False" />
              </lines>
            </method>
          </methods>
          <lines>
            <line number="9" hits="10" branch="False" />
            <line number="11" hits="10" branch="False" />
            <line number="12" hits="10" branch="False" />
            <line number="13" hits="10" branch="False" />
            <line number="14" hits="20" branch="False" />
            <line number="16" hits="10" branch="False" />
            <line number="17" hits="10" branch="False" />
            <line number="18" hits="10" branch="False" />
            <line number="19" hits="10" branch="False" />
            <line number="20" hits="10" branch="False" />
            <line number="21" hits="0" branch="True" condition-coverage="0% (0/4)">
              <conditions>
                <condition number="11" type="jump" coverage="0%" />
                <condition number="24" type="jump" coverage="0%" />
              </conditions>
            </line>
            <line number="22" hits="10" branch="False" />
            <line number="23" hits="10" branch="False" />
            <line number="24" hits="20" branch="False" />
            <line number="25" hits="20" branch="False" />
            <line number="26" hits="10" branch="False" />
            <line number="27" hits="10" branch="False" />
            <line number="28" hits="10" branch="False" />
            <line number="29" hits="10" branch="False" />
            <line number="30" hits="10" branch="False" />
            <line number="31" hits="8" branch="False" />
            <line number="32" hits="8" branch="True" condition-coverage="50% (1/2)">
              <conditions>
                <condition number="23" type="jump" coverage="50%" />
              </conditions>
            </line>
            <line number="33" hits="8" branch="False" />
            <line number="34" hits="8" branch="True" condition-coverage="50% (1/2)">
              <conditions>
                <condition number="43" type="jump" coverage="50%" />
              </conditions>
            </line>
            <line number="35" hits="8" branch="False" />
            <line number="36" hits="8" branch="False" />
            <line number="37" hits="10" branch="False" />
            <line number="38" hits="8" branch="False" />
            <line number="39" hits="18" branch="False" />
            <line number="41" hits="10" branch="False" />
            <line number="43" hits="10" branch="False" />
            <line number="45" hits="11" branch="True" condition-coverage="50% (2/4)">
              <conditions>
                <condition number="31" type="jump" coverage="50%" />
                <condition number="43" type="jump" coverage="50%" />
              </conditions>
            </line>
            <line number="46" hits="11" branch="False" />
            <line number="47" hits="11" branch="False" />
            <line number="48" hits="11" branch="False" />
            <line number="49" hits="11" branch="False" />
            <line number="51" hits="10" branch="False" />
            <line number="52" hits="0" branch="False" />
            <line number="53" hits="0" branch="False" />
            <line number="54" hits="10" branch="False" />
            <line number="56" hits="10" branch="False" />
            <line number="57" hits="1" branch="False" />
            <line number="58" hits="1" branch="False" />
            <line number="59" hits="11" branch="False" />
            <line number="61" hits="10" branch="False" />
            <line number="63" hits="10" branch="False" />
            <line number="64" hits="1" branch="False" />
            <line number="65" hits="1" branch="False" />
            <line number="66" hits="1" branch="False" />
            <line number="67" hits="11" branch="False" />
            <line number="69" hits="10" branch="False" />
            <line number="70" hits="2" branch="False" />
            <line number="71" hits="2" branch="False" />
            <line number="72" hits="2" branch="False" />
            <line number="73" hits="2" branch="False" />
            <line number="74" hits="2" branch="False" />
            <line number="75" hits="12" branch="False" />
            <line number="77" hits="10" branch="False" />
            <line number="78" hits="3" branch="False" />
            <line number="79" hits="3" branch="False" />
            <line number="80" hits="3" branch="False" />
            <line number="81" hits="15" branch="False" />
            <line number="82" hits="3" branch="False" />
            <line number="83" hits="3" branch="False" />
            <line number="84" hits="3" branch="False" />
            <line number="85" hits="3" branch="False" />
            <line number="86" hits="3" branch="False" />
            <line number="87" hits="3" branch="False" />
            <line number="88" hits="3" branch="False" />
            <line number="89" hits="10" branch="False" />
            <line number="90" hits="3" branch="False" />
            <line number="91" hits="13" branch="False" />
            <line number="93" hits="10" branch="False" />
            <line number="94" hits="6" branch="False" />
            <line number="95" hits="6" branch="False" />
            <line number="96" hits="6" branch="False" />
            <line number="97" hits="6" branch="False" />
            <line number="98" hits="0" branch="False" />
            <line number="99" hits="0" branch="False" />
            <line number="100" hits="10" branch="False" />
            <line number="101" hits="10" branch="False" />
            <line number="102" hits="6" branch="False" />
            <line number="103" hits="66" branch="False" />
            <line number="104" hits="6" branch="False" />
            <line number="105" hits="6" branch="False" />
            <line number="106" hits="6" branch="False" />
            <line number="107" hits="10" branch="False" />
            <line number="108" hits="6" branch="False" />
            <line number="109" hits="16" branch="False" />
            <line number="111" hits="10" branch="False" />
            <line number="112" hits="3" branch="False" />
            <line number="113" hits="3" branch="False" />
            <line number="114" hits="3" branch="False" />
            <line number="115" hits="2" branch="False" />
            <line number="116" hits="2" branch="False" />
            <line number="117" hits="10" branch="False" />
            <line number="118" hits="10" branch="False" />
            <line number="119" hits="1" branch="False" />
            <line number="120" hits="0" branch="False" />
            <line number="121" hits="0" branch="False" />
            <line number="122" hits="10" branch="False" />
            <line number="123" hits="10" branch="False" />
            <line number="124" hits="1" branch="False" />
            <line number="125" hits="13" branch="False" />
            <line number="127" hits="10" branch="False" />
            <line number="128" hits="5" branch="False" />
            <line number="129" hits="5" branch="False" />
            <line number="130" hits="1" branch="False" />
            <line number="131" hits="1" branch="False" />
            <line number="132" hits="10" branch="False" />
            <line number="133" hits="10" branch="False" />
            <line number="134" hits="4" branch="False" />
            <line number="135" hits="4" branch="False" />
            <line number="136" hits="0" branch="False" />
            <line number="137" hits="0" branch="False" />
            <line number="138" hits="10" branch="False" />
            <line number="139" hits="10" branch="False" />
            <line number="140" hits="4" branch="False" />
            <line number="141" hits="4" branch="False" />
            <line number="142" hits="4" branch="False" />
            <line number="143" hits="4" branch="False" />
            <line number="144" hits="4" branch="False" />
            <line number="145" hits="1" branch="False" />
            <line number="146" hits="1" branch="False" />
            <line number="147" hits="10" branch="False" />
            <line number="148" hits="3" branch="False" />
            <line number="149" hits="10" branch="False" />
            <line number="150" hits="3" branch="False" />
            <line number="151" hits="3" branch="False" />
            <line number="152" hits="3" branch="False" />
            <line number="153" hits="15" branch="False" />
            <line number="155" hits="10" branch="False" />
            <line number="156" hits="1" branch="False" />
            <line number="157" hits="1" branch="False" />
            <line number="158" hits="1" branch="False" />
            <line number="159" hits="0" branch="False" />
            <line number="160" hits="0" branch="False" />
            <line number="161" hits="10" branch="False" />
            <line number="162" hits="10" branch="False" />
            <line number="163" hits="1" branch="False" />
            <line number="164" hits="1" branch="False" />
            <line number="165" hits="0" branch="False" />
            <line number="166" hits="0" branch="False" />
            <line number="167" hits="10" branch="False" />
            <line number="168" hits="10" branch="False" />
            <line number="169" hits="1" branch="False" />
            <line number="170" hits="11" branch="False" />
            <line number="172" hits="10" branch="False" />
            <line number="173" hits="3" branch="False" />
            <line number="174" hits="3" branch="False" />
            <line number="175" hits="3" branch="False" />
            <line number="176" hits="0" branch="False" />
            <line number="177" hits="0" branch="False" />
            <line number="178" hits="10" branch="False" />
            <line number="179" hits="10" branch="False" />
            <line number="180" hits="3" branch="False" />
            <line number="181" hits="3" branch="False" />
            <line number="182" hits="0" branch="False" />
            <line number="183" hits="0" branch="False" />
            <line number="184" hits="10" branch="False" />
            <line number="185" hits="10" branch="False" />
            <line number="186" hits="3" branch="False" />
            <line number="187" hits="3" branch="False" />
            <line number="188" hits="3" branch="False" />
            <line number="189" hits="2" branch="False" />
            <line number="190" hits="2" branch="False" />
            <line number="191" hits="10" branch="False" />
            <line number="192" hits="10" branch="False" />
            <line number="193" hits="1" branch="False" />
            <line number="194" hits="1" branch="False" />
            <line number="195" hits="1" branch="False" />
            <line number="196" hits="13" branch="False" />
            <line number="198" hits="10" branch="False" />
            <line number="199" hits="2" branch="False" />
            <line number="200" hits="2" branch="False" />
            <line number="201" hits="1" branch="False" />
            <line number="202" hits="1" branch="False" />
            <line number="203" hits="10" branch="False" />
            <line number="204" hits="10" branch="False" />
            <line number="205" hits="1" branch="False" />
            <line number="206" hits="1" branch="False" />
            <line number="207" hits="12" branch="False" />
            <line number="209" hits="10" branch="False" />
            <line number="212" hits="12" branch="False" />
            <line number="213" hits="12" branch="False" />
            <line number="214" hits="12" branch="False" />
            <line number="215" hits="12" branch="False" />
            <line number="216" hits="12" branch="False" />
            <line number="217" hits="12" branch="False" />
            <line number="218" hits="12" branch="False" />
            <line number="219" hits="12" branch="False" />
            <line number="220" hits="12" branch="False" />
            <line number="221" hits="12" branch="False" />
            <line number="222" hits="12" branch="False" />
            <line number="225" hits="36" branch="False" />
            <line number="226" hits="39" branch="True" condition-coverage="50% (1/2)">
              <conditions>
                <condition number="6" type="jump" coverage="50%" />
              </conditions>
            </line>
            <line number="227" hits="36" branch="True" condition-coverage="100% (2/2)">
              <conditions>
                <condition number="54" type="jump" coverage="100%" />
              </conditions>
            </line>
            <line number="228" hits="36" branch="False" />
            <line number="229" hits="36" branch="False" />
            <line number="230" hits="36" branch="False" />
            <line number="231" hits="36" branch="False" />
            <line number="232" hits="36" branch="False" />
            <line number="234" hits="1" branch="False" />
            <line number="235" hits="1" branch="False" />
            <line number="236" hits="1" branch="False" />
            <line number="237" hits="1" branch="False" />
            <line number="238" hits="1" branch="False" />
            <line number="239" hits="1" branch="False" />
            <line number="241" hits="1" branch="False" />
            <line number="242" hits="1" branch="False" />
            <line number="243" hits="1" branch="False" />
            <line number="244" hits="1" branch="False" />
            <line number="245" hits="1" branch="False" />
            <line number="246" hits="1" branch="False" />
            <line number="247" hits="1" branch="False" />
            <line number="248" hits="1" branch="False" />
            <line number="249" hits="1" branch="False" />
            <line number="250" hits="1" branch="False" />
            <line number="251" hits="1" branch="False" />
            <line number="252" hits="1" branch="False" />
            <line number="253" hits="1" branch="False" />
            <line number="254" hits="1" branch="False" />
            <line number="257" hits="3" branch="False" />
            <line number="258" hits="3" branch="True" condition-coverage="100% (2/2)">
              <conditions>
                <condition number="12" type="jump" coverage="100%" />
              </conditions>
            </line>
            <line number="259" hits="1" branch="False" />
            <line number="260" hits="1" branch="True" condition-coverage="50% (4/8)">
              <conditions>
                <condition number="33" type="jump" coverage="50%" />
                <condition number="58" type="jump" coverage="50%" />
                <condition number="104" type="jump" coverage="50%" />
                <condition number="119" type="jump" coverage="50%" />
              </conditions>
            </line>
            <line number="261" hits="1" branch="False" />
            <line number="262" hits="1" branch="False" />
            <line number="263" hits="1" branch="False" />
            <line number="264" hits="1" branch="False" />
            <line number="265" hits="1" branch="False" />
            <line number="266" hits="1" branch="False" />
            <line number="267" hits="1" branch="False" />
            <line number="268" hits="1" branch="False" />
            <line number="269" hits="1" branch="False" />
            <line number="270" hits="1" branch="False" />
            <line number="271" hits="1" branch="False" />
            <line number="274" hits="2" branch="False" />
            <line number="275" hits="2" branch="True" condition-coverage="57.14% (8/14)">
              <conditions>
                <condition number="184" type="jump" coverage="100%" />
                <condition number="206" type="jump" coverage="100%" />
                <condition number="245" type="jump" coverage="50%" />
                <condition number="267" type="jump" coverage="50%" />
                <condition number="270" type="jump" coverage="50%" />
                <condition number="452" type="jump" coverage="50%" />
                <condition number="467" type="jump" coverage="0%" />
              </conditions>
            </line>
            <line number="276" hits="2" branch="False" />
            <line number="277" hits="2" branch="False" />
            <line number="278" hits="2" branch="False" />
            <line number="279" hits="2" branch="False" />
            <line number="280" hits="2" branch="False" />
            <line number="281" hits="2" branch="False" />
            <line number="282" hits="2" branch="False" />
            <line number="283" hits="2" branch="False" />
            <line number="284" hits="2" branch="False" />
            <line number="285" hits="2" branch="False" />
            <line number="286" hits="2" branch="False" />
            <line number="287" hits="2" branch="False" />
            <line number="288" hits="2" branch="False" />
            <line number="289" hits="2" branch="False" />
            <line number="290" hits="2" branch="False" />
            <line number="291" hits="0" branch="False" />
            <line number="292" hits="2" branch="False" />
            <line number="293" hits="3" branch="False" />
            <line number="295" hits="11" branch="False" />
            <line number="296" hits="11" branch="False" />
            <line number="297" hits="11" branch="False" />
            <line number="298" hits="11" branch="False" />
            <line number="299" hits="11" branch="False" />
            <line number="300" hits="11" branch="False" />
            <line number="301" hits="11" branch="False" />
            <line number="302" hits="11" branch="False" />
            <line number="303" hits="11" branch="False" />
            <line number="304" hits="11" branch="False" />
            <line number="305" hits="11" branch="False" />
            <line number="306" hits="11" branch="False" />
            <line number="307" hits="11" branch="False" />
            <line number="308" hits="11" branch="False" />
            <line number="309" hits="11" branch="False" />
            <line number="310" hits="11" branch="False" />
            <line number="311" hits="11" branch="False" />
            <line number="312" hits="11" branch="False" />
            <line number="313" hits="11" branch="False" />
            <line number="314" hits="11" branch="False" />
            <line number="315" hits="11" branch="False" />
            <line number="316" hits="11" branch="False" />
            <line number="318" hits="7" branch="False" />
            <line number="319" hits="7" branch="False" />
            <line number="320" hits="7" branch="False" />
            <line number="321" hits="7" branch="False" />
            <line number="322" hits="7" branch="False" />
            <line number="323" hits="7" branch="False" />
            <line number="324" hits="7" branch="False" />
            <line number="325" hits="7" branch="False" />
            <line number="326" hits="7" branch="False" />
            <line number="327" hits="7" branch="False" />
            <line number="328" hits="7" branch="False" />
            <line number="329" hits="7" branch="False" />
            <line number="330" hits="7" branch="False" />
            <line number="331" hits="7" branch="False" />
            <line number="332" hits="7" branch="False" />
            <line number="333" hits="7" branch="False" />
            <line number="334" hits="7" branch="False" />
            <line number="335" hits="7" branch="False" />
            <line number="336" hits="7" branch="False" />
            <line number="337" hits="7" branch="False" />
            <line number="338" hits="7" branch="False" />
            <line number="339" hits="7" branch="False" />
            <line number="341" hits="4" branch="False" />
            <line number="342" hits="4" branch="False" />
            <line number="343" hits="4" branch="False" />
            <line number="344" hits="4" branch="False" />
            <line number="346" hits="14" branch="True" condition-coverage="50% (1/2)">
              <conditions>
                <condition number="30" type="jump" coverage="50%" />
              </conditions>
            </line>
            <line number="347" hits="14" branch="False" />
            <line number="348" hits="14" branch="False" />
            <line number="349" hits="14" branch="False" />
            <line number="350" hits="14" branch="False" />
            <line number="351" hits="14" branch="False" />
            <line number="353" hits="5" branch="False" />
            <line number="355" hits="13" branch="True" condition-coverage="100% (2/2)">
              <conditions>
                <condition number="6" type="jump" coverage="100%" />
              </conditions>
            </line>
            <line number="356" hits="13" branch="False" />
            <line number="357" hits="2" branch="False" />
            <line number="358" hits="11" branch="False" />
            <line number="359" hits="13" branch="False" />
            <line number="361" hits="7" branch="True" condition-coverage="50% (1/2)">
              <conditions>
                <condition number="12" type="jump" coverage="50%" />
              </conditions>
            </line>
            <line number="362" hits="7" branch="False" />
            <line number="363" hits="7" branch="False" />
          </lines>
        </class>
        <class name="ActionRollRequest" filename="CharacterManager.Api\Program.cs" line-rate="1" branch-rate="1" complexity="1">
          <methods>
            <method name="get_Modifier" signature="()" line-rate="1" branch-rate="1" complexity="1">
              <lines>
                <line number="365" hits="2" branch="False" />
              </lines>
            </method>
          </methods>
          <lines>
            <line number="365" hits="2" branch="False" />
          </lines>
        </class>
        <class name="CreateDraftRequest" filename="CharacterManager.Api\Program.cs" line-rate="1" branch-rate="1" complexity="1">
          <methods>
            <method name="get_RulesetId" signature="()" line-rate="1" branch-rate="1" complexity="1">
              <lines>
                <line number="367" hits="18" branch="False" />
              </lines>
            </method>
          </methods>
          <lines>
            <line number="367" hits="18" branch="False" />
          </lines>
        </class>
        <class name="FinalizeDraftRequest" filename="CharacterManager.Api\Program.cs" line-rate="1" branch-rate="1" complexity="1">
          <methods>
            <method name="get_StandardRules" signature="()" line-rate="1" branch-rate="1" complexity="1">
              <lines>
                <line number="369" hits="3" branch="False" />
              </lines>
            </method>
          </methods>
          <lines>
            <line number="369" hits="3" branch="False" />
          </lines>
        </class>
        <class name="RulesetListDto" filename="CharacterManager.Api\Program.cs" line-rate="1" branch-rate="1" complexity="1">
          <methods>
            <method name="get_Items" signature="()" line-rate="1" branch-rate="1" complexity="1">
              <lines>
                <line number="371" hits="2" branch="False" />
              </lines>
            </method>
          </methods>
          <lines>
            <line number="371" hits="2" branch="False" />
          </lines>
        </class>
        <class name="RulesetSummaryDto" filename="CharacterManager.Api\Program.cs" line-rate="1" branch-rate="1" complexity="1">
          <methods>
            <method name="get_Id" signature="()" line-rate="1" branch-rate="1" complexity="1">
              <lines>
                <line number="373" hits="6" branch="False" />
              </lines>
            </method>
          </methods>
          <lines>
            <line number="373" hits="6" branch="False" />
          </lines>
        </class>
        <class name="RulesetDto" filename="CharacterManager.Api\Program.cs" line-rate="1" branch-rate="1" complexity="14">
          <methods>
            <method name="get_Id" signature="()" line-rate="1" branch-rate="1" complexity="1">
              <lines>
                <line number="376" hits="1" branch="False" />
              </lines>
            </method>
            <method name="get_Name" signature="()" line-rate="1" branch-rate="1" complexity="1">
              <lines>
                <line number="377" hits="1" branch="False" />
              </lines>
            </method>
            <method name="get_RulesetVersion" signature="()" line-rate="1" branch-rate="1" complexity="1">
              <lines>
                <line number="378" hits="1" branch="False" />
              </lines>
            </method>
            <method name="get_ContentVersion" signature="()" line-rate="1" branch-rate="1" complexity="1">
              <lines>
                <line number="379" hits="1" branch="False" />
              </lines>
            </method>
            <method name="get_LicensingStatus" signature="()" line-rate="1" branch-rate="1" complexity="1">
              <lines>
                <line number="380" hits="1" branch="False" />
              </lines>
            </method>
            <method name="get_Stats" signature="()" line-rate="1" branch-rate="1" complexity="1">
              <lines>
                <line number="381" hits="1" branch="False" />
              </lines>
            </method>
            <method name="get_StartingCharacter" signature="()" line-rate="1" branch-rate="1" complexity="1">
              <lines>
                <line number="382" hits="1" branch="False" />
              </lines>
            </method>
            <method name="get_Meters" signature="()" line-rate="1" branch-rate="1" complexity="1">
              <lines>
                <line number="383" hits="1" branch="False" />
              </lines>
            </method>
            <method name="get_Momentum" signature="()" line-rate="1" branch-rate="1" complexity="1">
              <lines>
                <line number="384" hits="1" branch="False" />
              </lines>
            </method>
            <method name="get_Ranks" signature="()" line-rate="1" branch-rate="1" complexity="1">
              <lines>
                <line number="385" hits="1" branch="False" />
              </lines>
            </method>
            <method name="get_Debilities" signature="()" line-rate="1" branch-rate="1" complexity="1">
              <lines>
                <line number="386" hits="1" branch="False" />
              </lines>
            </method>
            <method name="get_Moves" signature="()" line-rate="1" branch-rate="1" complexity="1">
              <lines>
                <line number="387" hits="1" branch="False" />
              </lines>
            </method>
            <method name="get_Assets" signature="()" line-rate="1" branch-rate="1" complexity="1">
              <lines>
                <line number="388" hits="6" branch="False" />
              </lines>
            </method>
            <method name=".ctor" signature="(System.String,System.String,System.String,System.String,System.String,System.Collections.Generic.IReadOnlyList`1&lt;CharacterManager.Core.Rules.StatDefinition&gt;,CharacterManager.Core.Rules.StartingCharacterDefinition,System.Collections.Generic.IReadOnlyList`1&lt;CharacterManager.Core.Rules.MeterDefinition&gt;,CharacterManager.Core.Rules.MomentumRules,System.Collections.Generic.IReadOnlyList`1&lt;System.String&gt;,System.Collections.Generic.IReadOnlyList`1&lt;CharacterManager.Core.Rules.DebilityDefinition&gt;,System.Collections.Generic.IReadOnlyList`1&lt;CharacterManager.Core.Rules.MoveDefinition&gt;,System.Collections.Generic.IReadOnlyList`1&lt;CharacterManager.Core.Rules.AssetDefinition&gt;)" line-rate="1" branch-rate="1" complexity="1">
              <lines>
                <line number="375" hits="1" branch="False" />
              </lines>
            </method>
          </methods>
          <lines>
            <line number="376" hits="1" branch="False" />
            <line number="377" hits="1" branch="False" />
            <line number="378" hits="1" branch="False" />
            <line number="379" hits="1" branch="False" />
            <line number="380" hits="1" branch="False" />
            <line number="381" hits="1" branch="False" />
            <line number="382" hits="1" branch="False" />
            <line number="383" hits="1" branch="False" />
            <line number="384" hits="1" branch="False" />
            <line number="385" hits="1" branch="False" />
            <line number="386" hits="1" branch="False" />
            <line number="387" hits="1" branch="False" />
            <line number="388" hits="6" branch="False" />
            <line number="375" hits="1" branch="False" />
          </lines>
        </class>
        <class name="CharacterListDto" filename="CharacterManager.Api\Program.cs" line-rate="1" branch-rate="1" complexity="1">
          <methods>
            <method name="get_Items" signature="()" line-rate="1" branch-rate="1" complexity="1">
              <lines>
                <line number="390" hits="6" branch="False" />
              </lines>
            </method>
          </methods>
          <lines>
            <line number="390" hits="6" branch="False" />
          </lines>
        </class>
        <class name="CharacterSummaryDto" filename="CharacterManager.Api\Program.cs" line-rate="1" branch-rate="1" complexity="12">
          <methods>
            <method name="get_Id" signature="()" line-rate="1" branch-rate="1" complexity="1">
              <lines>
                <line number="393" hits="3" branch="False" />
              </lines>
            </method>
            <method name="get_Name" signature="()" line-rate="1" branch-rate="1" complexity="1">
              <lines>
                <line number="394" hits="3" branch="False" />
              </lines>
            </method>
            <method name="get_DisplayName" signature="()" line-rate="1" branch-rate="1" complexity="1">
              <lines>
                <line number="395" hits="3" branch="False" />
              </lines>
            </method>
            <method name="get_Concept" signature="()" line-rate="1" branch-rate="1" complexity="1">
              <lines>
                <line number="396" hits="3" branch="False" />
              </lines>
            </method>
            <method name="get_RulesetId" signature="()" line-rate="1" branch-rate="1" complexity="1">
              <lines>
                <line number="397" hits="3" branch="False" />
              </lines>
            </method>
            <method name="get_Status" signature="()" line-rate="1" branch-rate="1" complexity="1">
              <lines>
                <line number="398" hits="3" branch="False" />
              </lines>
            </method>
            <method name="get_IsValid" signature="()" line-rate="1" branch-rate="1" complexity="1">
              <lines>
                <line number="399" hits="3" branch="False" />
              </lines>
            </method>
            <method name="get_NeedsReview" signature="()" line-rate="1" branch-rate="1" complexity="1">
              <lines>
                <line number="400" hits="3" branch="False" />
              </lines>
            </method>
            <method name="get_LastUpdatedAt" signature="()" line-rate="1" branch-rate="1" complexity="1">
              <lines>
                <line number="401" hits="3" branch="False" />
              </lines>
            </method>
            <method name="get_StateSummary" signature="()" line-rate="1" branch-rate="1" complexity="1">
              <lines>
                <line number="402" hits="3" branch="False" />
              </lines>
            </method>
            <method name="get_Error" signature="()" line-rate="1" branch-rate="1" complexity="1">
              <lines>
                <line number="403" hits="6" branch="False" />
              </lines>
            </method>
            <method name=".ctor" signature="(System.String,System.String,System.String,System.String,System.String,System.String,System.Boolean,System.Boolean,System.Nullable`1&lt;System.DateTimeOffset&gt;,CharacterStateSummaryDto,CharacterRecordErrorDto)" line-rate="1" branch-rate="1" complexity="1">
              <lines>
                <line number="392" hits="3" branch="False" />
              </lines>
            </method>
          </methods>
          <lines>
            <line number="393" hits="3" branch="False" />
            <line number="394" hits="3" branch="False" />
            <line number="395" hits="3" branch="False" />
            <line number="396" hits="3" branch="False" />
            <line number="397" hits="3" branch="False" />
            <line number="398" hits="3" branch="False" />
            <line number="399" hits="3" branch="False" />
            <line number="400" hits="3" branch="False" />
            <line number="401" hits="3" branch="False" />
            <line number="402" hits="3" branch="False" />
            <line number="403" hits="6" branch="False" />
            <line number="392" hits="3" branch="False" />
          </lines>
        </class>
        <class name="CharacterStateSummaryDto" filename="CharacterManager.Api\Program.cs" line-rate="1" branch-rate="1" complexity="7">
          <methods>
            <method name="get_Health" signature="()" line-rate="1" branch-rate="1" complexity="1">
              <lines>
                <line number="406" hits="3" branch="False" />
              </lines>
            </method>
            <method name="get_Spirit" signature="()" line-rate="1" branch-rate="1" complexity="1">
              <lines>
                <line number="407" hits="3" branch="False" />
              </lines>
            </method>
            <method name="get_Supply" signature="()" line-rate="1" branch-rate="1" complexity="1">
              <lines>
                <line number="408" hits="3" branch="False" />
              </lines>
            </method>
            <method name="get_Momentum" signature="()" line-rate="1" branch-rate="1" complexity="1">
              <lines>
                <line number="409" hits="3" branch="False" />
              </lines>
            </method>
            <method name="get_ActiveVowCount" signature="()" line-rate="1" branch-rate="1" complexity="1">
              <lines>
                <line number="410" hits="3" branch="False" />
              </lines>
            </method>
            <method name="get_MarkedDebilityCount" signature="()" line-rate="1" branch-rate="1" complexity="1">
              <lines>
                <line number="411" hits="6" branch="False" />
              </lines>
            </method>
            <method name=".ctor" signature="(System.Int32,System.Int32,System.Int32,System.Int32,System.Int32,System.Int32)" line-rate="1" branch-rate="1" complexity="1">
              <lines>
                <line number="405" hits="3" branch="False" />
              </lines>
            </method>
          </methods>
          <lines>
            <line number="406" hits="3" branch="False" />
            <line number="407" hits="3" branch="False" />
            <line number="408" hits="3" branch="False" />
            <line number="409" hits="3" branch="False" />
            <line number="410" hits="3" branch="False" />
            <line number="411" hits="6" branch="False" />
            <line number="405" hits="3" branch="False" />
          </lines>
        </class>
        <class name="CharacterRecordErrorDto" filename="CharacterManager.Api\Program.cs" line-rate="1" branch-rate="1" complexity="1">
          <methods>
            <method name="get_Code" signature="()" line-rate="1" branch-rate="1" complexity="1">
              <lines>
                <line number="413" hits="3" branch="False" />
              </lines>
            </method>
          </methods>
          <lines>
            <line number="413" hits="3" branch="False" />
          </lines>
        </class>
        <class name="CharacterDto" filename="CharacterManager.Api\Program.cs" line-rate="1" branch-rate="1" complexity="22">
          <methods>
            <method name="get_Id" signature="()" line-rate="1" branch-rate="1" complexity="1">
              <lines>
                <line number="416" hits="23" branch="False" />
              </lines>
            </method>
            <method name="get_SchemaVersion" signature="()" line-rate="1" branch-rate="1" complexity="1">
              <lines>
                <line number="417" hits="18" branch="False" />
              </lines>
            </method>
            <method name="get_RulesetId" signature="()" line-rate="1" branch-rate="1" complexity="1">
              <lines>
                <line number="418" hits="22" branch="False" />
              </lines>
            </method>
            <method name="get_RulesetVersion" signature="()" line-rate="1" branch-rate="1" complexity="1">
              <lines>
                <line number="419" hits="18" branch="False" />
              </lines>
            </method>
            <method name="get_ContentVersion" signature="()" line-rate="1" branch-rate="1" complexity="1">
              <lines>
                <line number="420" hits="18" branch="False" />
              </lines>
            </method>
            <method name="get_Status" signature="()" line-rate="1" branch-rate="1" complexity="1">
              <lines>
                <line number="421" hits="18" branch="False" />
              </lines>
            </method>
            <method name="get_Name" signature="()" line-rate="1" branch-rate="1" complexity="1">
              <lines>
                <line number="422" hits="18" branch="False" />
              </lines>
            </method>
            <method name="get_Concept" signature="()" line-rate="1" branch-rate="1" complexity="1">
              <lines>
                <line number="423" hits="18" branch="False" />
              </lines>
            </method>
            <method name="get_BackgroundNotes" signature="()" line-rate="1" branch-rate="1" complexity="1">
              <lines>
                <line number="424" hits="18" branch="False" />
              </lines>
            </method>
            <method name="get_EquipmentNotes" signature="()" line-rate="1" branch-rate="1" complexity="1">
              <lines>
                <line number="425" hits="18" branch="False" />
              </lines>
            </method>
            <method name="get_Stats" signature="()" line-rate="1" branch-rate="1" complexity="1">
              <lines>
                <line number="426" hits="18" branch="False" />
              </lines>
            </method>
            <method name="get_ConditionMeters" signature="()" line-rate="1" branch-rate="1" complexity="1">
              <lines>
                <line number="427" hits="18" branch="False" />
              </lines>
            </method>
            <method name="get_Momentum" signature="()" line-rate="1" branch-rate="1" complexity="1">
              <lines>
                <line number="428" hits="18" branch="False" />
              </lines>
            </method>
            <method name="get_Debilities" signature="()" line-rate="1" branch-rate="1" complexity="1">
              <lines>
                <line number="429" hits="18" branch="False" />
              </lines>
            </method>
            <method name="get_Assets" signature="()" line-rate="1" branch-rate="1" complexity="1">
              <lines>
                <line number="430" hits="18" branch="False" />
              </lines>
            </method>
            <method name="get_Bonds" signature="()" line-rate="1" branch-rate="1" complexity="1">
              <lines>
                <line number="431" hits="18" branch="False" />
              </lines>
            </method>
            <method name="get_Vows" signature="()" line-rate="1" branch-rate="1" complexity="1">
              <lines>
                <line number="432" hits="18" branch="False" />
              </lines>
            </method>
            <method name="get_ProgressTracks" signature="()" line-rate="1" branch-rate="1" complexity="1">
              <lines>
                <line number="433" hits="18" branch="False" />
              </lines>
            </method>
            <method name="get_Experience" signature="()" line-rate="1" branch-rate="1" complexity="1">
              <lines>
                <line number="434" hits="18" branch="False" />
              </lines>
            </method>
            <method name="get_CreatedAt" signature="()" line-rate="1" branch-rate="1" complexity="1">
              <lines>
                <line number="435" hits="18" branch="False" />
              </lines>
            </method>
            <method name="get_UpdatedAt" signature="()" line-rate="1" branch-rate="1" complexity="1">
              <lines>
                <line number="436" hits="34" branch="False" />
              </lines>
            </method>
            <method name=".ctor" signature="(System.Guid,System.Int32,System.String,System.String,System.String,System.String,System.String,System.String,System.String,System.String,System.Collections.Generic.IReadOnlyDictionary`2&lt;System.String,System.Int32&gt;,CharacterManager.Core.Characters.ConditionMeters,CharacterManager.Core.Characters.Momentum,System.Collections.Generic.IReadOnlyList`1&lt;CharacterManager.Core.Characters.DebilityState&gt;,System.Collections.Generic.IReadOnlyList`1&lt;CharacterManager.Core.Characters.SelectedAsset&gt;,System.Collections.Generic.IReadOnlyList`1&lt;CharacterManager.Core.Characters.Bond&gt;,System.Collections.Generic.IReadOnlyList`1&lt;CharacterManager.Core.Characters.Vow&gt;,System.Collections.Generic.IReadOnlyList`1&lt;CharacterManager.Core.Characters.ProgressTrack&gt;,CharacterManager.Core.Characters.Experience,System.DateTimeOffset,System.DateTimeOffset)" line-rate="1" branch-rate="1" complexity="1">
              <lines>
                <line number="415" hits="16" branch="False" />
              </lines>
            </method>
          </methods>
          <lines>
            <line number="416" hits="23" branch="False" />
            <line number="417" hits="18" branch="False" />
            <line number="418" hits="22" branch="False" />
            <line number="419" hits="18" branch="False" />
            <line number="420" hits="18" branch="False" />
            <line number="421" hits="18" branch="False" />
            <line number="422" hits="18" branch="False" />
            <line number="423" hits="18" branch="False" />
            <line number="424" hits="18" branch="False" />
            <line number="425" hits="18" branch="False" />
            <line number="426" hits="18" branch="False" />
            <line number="427" hits="18" branch="False" />
            <line number="428" hits="18" branch="False" />
            <line number="429" hits="18" branch="False" />
            <line number="430" hits="18" branch="False" />
            <line number="431" hits="18" branch="False" />
            <line number="432" hits="18" branch="False" />
            <line number="433" hits="18" branch="False" />
            <line number="434" hits="18" branch="False" />
            <line number="435" hits="18" branch="False" />
            <line number="436" hits="34" branch="False" />
            <line number="415" hits="16" branch="False" />
          </lines>
        </class>
        <class name="ValidationResultDto" filename="CharacterManager.Api\Program.cs" line-rate="1" branch-rate="1" complexity="1">
          <methods>
            <method name="get_IsValid" signature="()" line-rate="1" branch-rate="1" complexity="1">
              <lines>
                <line number="438" hits="16" branch="False" />
              </lines>
            </method>
          </methods>
          <lines>
            <line number="438" hits="16" branch="False" />
          </lines>
        </class>
        <class name="ValidationIssueDto" filename="CharacterManager.Api\Program.cs" line-rate="1" branch-rate="1" complexity="1">
          <methods>
            <method name="get_Code" signature="()" line-rate="1" branch-rate="1" complexity="1">
              <lines>
                <line number="440" hits="84" branch="False" />
              </lines>
            </method>
          </methods>
          <lines>
            <line number="440" hits="84" branch="False" />
          </lines>
        </class>
        <class name="ErrorEnvelopeDto" filename="CharacterManager.Api\Program.cs" line-rate="1" branch-rate="1" complexity="1">
          <methods>
            <method name="get_Error" signature="()" line-rate="1" branch-rate="1" complexity="1">
              <lines>
                <line number="442" hits="10" branch="False" />
              </lines>
            </method>
          </methods>
          <lines>
            <line number="442" hits="10" branch="False" />
          </lines>
        </class>
        <class name="ErrorDto" filename="CharacterManager.Api\Program.cs" line-rate="1" branch-rate="1" complexity="1">
          <methods>
            <method name="get_Code" signature="()" line-rate="1" branch-rate="1" complexity="1">
              <lines>
                <line number="444" hits="25" branch="False" />
              </lines>
            </method>
          </methods>
          <lines>
            <line number="444" hits="25" branch="False" />
          </lines>
        </class>
        <class name="Program/&lt;&gt;c/&lt;&lt;&lt;Main&gt;$&gt;b__0_10&gt;d" filename="CharacterManager.Api\Program.cs" line-rate="1" branch-rate="0.5625" complexity="16">
          <methods />
          <lines />
        </class>
        <class name="Program/&lt;&gt;c/&lt;&lt;&lt;Main&gt;$&gt;b__0_11&gt;d" filename="CharacterManager.Api\Program.cs" line-rate="1" branch-rate="0.875" complexity="8">
          <methods />
          <lines />
        </class>
        <class name="Program/&lt;&gt;c/&lt;&lt;&lt;Main&gt;$&gt;b__0_12&gt;d" filename="CharacterManager.Api\Program.cs" line-rate="1" branch-rate="0.125" complexity="16">
          <methods />
          <lines />
        </class>
        <class name="Program/&lt;&gt;c/&lt;&lt;&lt;Main&gt;$&gt;b__0_13&gt;d" filename="CharacterManager.Api\Program.cs" line-rate="1" branch-rate="0.22219999999999998" complexity="18">
          <methods />
          <lines />
        </class>
        <class name="Program/&lt;&gt;c/&lt;&lt;&lt;Main&gt;$&gt;b__0_14&gt;d" filename="CharacterManager.Api\Program.cs" line-rate="1" branch-rate="1" complexity="2">
          <methods />
          <lines />
        </class>
        <class name="Program/&lt;&gt;c/&lt;&lt;&lt;Main&gt;$&gt;b__0_7&gt;d" filename="CharacterManager.Api\Program.cs" line-rate="1" branch-rate="1" complexity="2">
          <methods />
          <lines />
        </class>
        <class name="Program/&lt;&gt;c/&lt;&lt;&lt;Main&gt;$&gt;b__0_8&gt;d" filename="CharacterManager.Api\Program.cs" line-rate="1" branch-rate="1" complexity="8">
          <methods />
          <lines />
        </class>
        <class name="Program/&lt;&gt;c/&lt;&lt;&lt;Main&gt;$&gt;b__0_9&gt;d" filename="CharacterManager.Api\Program.cs" line-rate="1" branch-rate="0.5" complexity="4">
          <methods />
          <lines />
        </class>
      </classes>
    </package>
    <package name="CharacterManager.Core" line-rate="0.7723" branch-rate="0.5493" complexity="325">
      <classes>
        <class name="CharacterManager.Core.Validation.CharacterValidator" filename="CharacterManager.Core\Validation\CharacterValidator.cs" line-rate="0.6111" branch-rate="0.5769" complexity="133">
          <methods>
            <method name="Validate" signature="(CharacterManager.Core.Characters.Character,CharacterManager.Core.Rules.Ruleset,System.Boolean)" line-rate="1" branch-rate="1" complexity="4">
              <lines>
                <line number="9" hits="6" branch="False" />
                <line number="10" hits="6" branch="False" />
                <line number="12" hits="6" branch="False" />
                <line number="13" hits="6" branch="False" />
                <line number="14" hits="6" branch="False" />
                <line number="15" hits="6" branch="False" />
                <line number="16" hits="6" branch="False" />
                <line number="17" hits="6" branch="False" />
                <line number="18" hits="6" branch="False" />
                <line number="19" hits="6" branch="False" />
                <line number="20" hits="6" branch="False" />
                <line number="21" hits="6" branch="False" />
                <line number="23" hits="6" branch="True" condition-coverage="100% (4/4)">
                  <conditions>
                    <condition number="100" type="jump" coverage="100%" />
                    <condition number="118" type="jump" coverage="100%" />
                  </conditions>
                </line>
                <line number="24" hits="1" branch="False" />
                <line number="25" hits="1" branch="False" />
                <line number="26" hits="1" branch="False" />
                <line number="28" hits="6" branch="False" />
                <line number="29" hits="6" branch="False" />
              </lines>
            </method>
            <method name="ValidateSchema" signature="(CharacterManager.Core.Characters.Character,System.Collections.Generic.List`1&lt;CharacterManager.Core.Validation.ValidationIssue&gt;)" line-rate="0.5" branch-rate="0.5" complexity="2">
              <lines>
                <line number="32" hits="6" branch="False" />
                <line number="33" hits="6" branch="True" condition-coverage="50% (1/2)">
                  <conditions>
                    <condition number="15" type="jump" coverage="50%" />
                  </conditions>
                </line>
                <line number="34" hits="0" branch="False" />
                <line number="35" hits="0" branch="False" />
                <line number="36" hits="0" branch="False" />
                <line number="37" hits="6" branch="False" />
              </lines>
            </method>
            <method name="ValidateRuleset" signature="(CharacterManager.Core.Characters.Character,CharacterManager.Core.Rules.Ruleset,System.Collections.Generic.List`1&lt;CharacterManager.Core.Validation.ValidationIssue&gt;)" line-rate="0.4" branch-rate="0.5" complexity="4">
              <lines>
                <line number="40" hits="6" branch="False" />
                <line number="41" hits="6" branch="True" condition-coverage="50% (1/2)">
                  <conditions>
                    <condition number="14" type="jump" coverage="50%" />
                  </conditions>
                </line>
                <line number="42" hits="0" branch="False" />
                <line number="43" hits="0" branch="False" />
                <line number="44" hits="0" branch="False" />
                <line number="47" hits="6" branch="True" condition-coverage="50% (1/2)">
                  <conditions>
                    <condition number="78" type="jump" coverage="50%" />
                  </conditions>
                </line>
                <line number="48" hits="0" branch="False" />
                <line number="49" hits="0" branch="False" />
                <line number="50" hits="0" branch="False" />
                <line number="51" hits="6" branch="False" />
              </lines>
            </method>
            <method name="ValidateStats" signature="(CharacterManager.Core.Characters.Character,CharacterManager.Core.Rules.Ruleset,System.Boolean,System.Collections.Generic.List`1&lt;CharacterManager.Core.Validation.ValidationIssue&gt;)" line-rate="0.8284999999999999" branch-rate="0.8332999999999999" complexity="18">
              <lines>
                <line number="54" hits="6" branch="False" />
                <line number="55" hits="36" branch="False" />
                <line number="57" hits="78" branch="True" condition-coverage="100% (2/2)">
                  <conditions>
                    <condition number="410" type="jump" coverage="100%" />
                  </conditions>
                </line>
                <line number="58" hits="30" branch="False" />
                <line number="59" hits="30" branch="True" condition-coverage="50% (1/2)">
                  <conditions>
                    <condition number="134" type="jump" coverage="50%" />
                  </conditions>
                </line>
                <line number="60" hits="0" branch="False" />
                <line number="61" hits="0" branch="False" />
                <line number="62" hits="0" branch="False" />
                <line number="65" hits="120" branch="False" />
                <line number="66" hits="30" branch="True" condition-coverage="100% (4/4)">
                  <conditions>
[...]
                <line number="90" hits="1" branch="True" condition-coverage="100% (2/2)">
                  <conditions>
                    <condition number="17" type="jump" coverage="100%" />
                  </conditions>
                </line>
                <line number="91" hits="1" branch="False" />
                <line number="92" hits="1" branch="False" />
                <line number="93" hits="1" branch="False" />
                <line number="95" hits="1" branch="False" />
                <line number="96" hits="1" branch="False" />
              </lines>
            </method>
            <method name="ExistsAsync" signature="(System.Guid,System.Threading.CancellationToken)" line-rate="1" branch-rate="1" complexity="1">
              <lines>
                <line number="99" hits="2" branch="False" />
                <line number="100" hits="2" branch="False" />
                <line number="101" hits="2" branch="False" />
              </lines>
            </method>
            <method name="GetCharacterPath" signature="(System.Guid)" line-rate="1" branch-rate="1" complexity="1">
              <lines>
                <line number="135" hits="24" branch="False" />
              </lines>
            </method>
            <method name="TryParseIdFromFileName" signature="(System.String)" line-rate="1" branch-rate="0.5" complexity="4">
              <lines>
                <line number="138" hits="1" branch="False" />
                <line number="139" hits="1" branch="False" />
                <line number="140" hits="1" branch="True" condition-coverage="50% (2/4)">
                  <conditions>
                    <condition number="21" type="jump" coverage="50%" />
                    <condition number="31" type="jump" coverage="50%" />
                  </conditions>
                </line>
                <line number="141" hits="1" branch="False" />
              </lines>
            </method>
            <method name=".ctor" signature="(System.String)" line-rate="1" branch-rate="1" complexity="1">
              <lines>
                <line number="13" hits="8" branch="False" />
                <line number="14" hits="8" branch="False" />
                <line number="15" hits="8" branch="False" />
                <line number="17" hits="8" branch="False" />
                <line number="18" hits="8" branch="False" />
                <line number="19" hits="8" branch="False" />
                <line number="20" hits="8" branch="False" />
                <line number="21" hits="8" branch="False" />
                <line number="22" hits="8" branch="False" />
                <line number="23" hits="8" branch="False" />
              </lines>
            </method>
          </methods>
          <lines>
            <line number="88" hits="1" branch="False" />
            <line number="89" hits="1" branch="False" />
            <line number="90" hits="1" branch="True" condition-coverage="100% (2/2)">
              <conditions>
                <condition number="17" type="jump" coverage="100%" />
              </conditions>
            </line>
            <line number="91" hits="1" branch="False" />
            <line number="92" hits="1" branch="False" />
            <line number="93" hits="1" branch="False" />
            <line number="95" hits="1" branch="False" />
            <line number="96" hits="1" branch="False" />
            <line number="99" hits="2" branch="False" />
            <line number="100" hits="2" branch="False" />
            <line number="101" hits="2" branch="False" />
            <line number="135" hits="24" branch="False" />
            <line number="138" hits="1" branch="False" />
            <line number="139" hits="1" branch="False" />
            <line number="140" hits="1" branch="True" condition-coverage="50% (2/4)">
              <conditions>
                <condition number="21" type="jump" coverage="50%" />
                <condition number="31" type="jump" coverage="50%" />
              </conditions>
            </line>
            <line number="141" hits="1" branch="False" />
            <line number="13" hits="8" branch="False" />
            <line number="14" hits="8" branch="False" />
            <line number="15" hits="8" branch="False" />
            <line number="17" hits="8" branch="False" />
            <line number="18" hits="8" branch="False" />
            <line number="19" hits="8" branch="False" />
            <line number="20" hits="8" branch="False" />
            <line number="21" hits="8" branch="False" />
            <line number="22" hits="8" branch="False" />
            <line number="23" hits="8" branch="False" />
          </lines>
        </class>
        <class name="CharacterManager.Infrastructure.Characters.LocalJsonCharacterRepository/&lt;&gt;c" filename="CharacterManager.Infrastructure\Characters\LocalJsonCharacterRepository.cs" line-rate="1" branch-rate="0.5" complexity="2">
          <methods>
            <method name="&lt;ListAsync&gt;b__4_0" signature="(CharacterManager.Core.Characters.CharacterListEntry)" line-rate="1" branch-rate="0.5" complexity="2">
              <lines>
                <line number="57" hits="3" branch="True" condition-coverage="50% (1/2)">
                  <conditions>
                    <condition number="14" type="jump" coverage="50%" />
                  </conditions>
                </line>
              </lines>
            </method>
          </methods>
          <lines>
            <line number="57" hits="3" branch="True" condition-coverage="50% (1/2)">
              <conditions>
                <condition number="14" type="jump" coverage="50%" />
              </conditions>
            </line>
          </lines>
        </class>
        <class name="CharacterManager.Infrastructure.Characters.LocalJsonCharacterRepository/&lt;GetAsync&gt;d__5" filename="CharacterManager.Infrastructure\Characters\LocalJsonCharacterRepository.cs" line-rate="1" branch-rate="1" complexity="2">
          <methods>
            <method name="MoveNext" signature="()" line-rate="1" branch-rate="1" complexity="2">
              <lines>
                <line number="62" hits="11" branch="False" />
                <line number="63" hits="11" branch="False" />
                <line number="64" hits="11" branch="True" condition-coverage="100% (2/2)">
                  <conditions>
                    <condition number="57" type="jump" coverage="100%" />
                  </conditions>
                </line>
                <line number="65" hits="2" branch="False" />
                <line number="66" hits="2" branch="False" />
                <line number="69" hits="9" branch="False" />
                <line number="70" hits="11" branch="False" />
              </lines>
            </method>
          </methods>
          <lines>
            <line number="62" hits="11" branch="False" />
            <line number="63" hits="11" branch="False" />
            <line number="64" hits="11" branch="True" condition-coverage="100% (2/2)">
              <conditions>
                <condition number="57" type="jump" coverage="100%" />
              </conditions>
            </line>
            <line number="65" hits="2" branch="False" />
            <line number="66" hits="2" branch="False" />
            <line number="69" hits="9" branch="False" />
            <line number="70" hits="11" branch="False" />
          </lines>
        </class>
        <class name="CharacterManager.Infrastructure.Characters.LocalJsonCharacterRepository/&lt;ListAsync&gt;d__4" filename="CharacterManager.Infrastructure\Characters\LocalJsonCharacterRepository.cs" line-rate="1" branch-rate="0.625" complexity="16">
          <methods>
            <method name="MoveNext" signature="()" line-rate="1" branch-rate="0.625" complexity="16">
              <lines>
                <line number="26" hits="3" branch="False" />
                <line number="27" hits="3" branch="False" />
                <line number="29" hits="3" branch="False" />
                <line number="30" hits="15" branch="True" condition-coverage="100% (2/2)">
                  <conditions>
                    <condition number="565" type="jump" coverage="100%" />
                  </conditions>
                </line>
                <line number="31" hits="3" branch="False" />
                <line number="32" hits="3" branch="False" />
                <line number="33" hits="3" branch="True" condition-coverage="100% (2/2)">
                  <conditions>
                    <condition number="265" type="jump" coverage="100%" />
                  </conditions>
                </line>
                <line number="34" hits="2" branch="False" />
                <line number="35" hits="2" branch="True" condition-coverage="50% (2/4)">
                  <conditions>
                    <condition number="352" type="jump" coverage="50%" />
                    <condition number="375" type="jump" coverage="50%" />
                  </conditions>
                </line>
                <line number="36" hits="2" branch="False" />
                <line number="37" hits="2" branch="False" />
                <line number="38" hits="2" branch="False" />
                <line number="39" hits="2" branch="False" />
                <line number="40" hits="2" branch="False" />
                <line number="41" hits="2" branch="False" />
                <line number="42" hits="2" branch="False" />
                <line number="43" hits="2" branch="False" />
                <line number="46" hits="1" branch="True" condition-coverage="50% (4/8)">
                  <conditions>
                    <condition number="455" type="jump" coverage="50%" />
                    <condition number="467" type="jump" coverage="50%" />
                    <condition number="487" type="jump" coverage="50%" />
                    <condition number="499" type="jump" coverage="50%" />
                  </conditions>
                </line>
                <line number="47" hits="1" branch="False" />
                <line number="48" hits="1" branch="False" />
                <line number="49" hits="1" branch="False" />
                <line number="50" hits="1" branch="False" />
                <line number="51" hits="1" branch="False" />
                <line number="52" hits="1" branch="False" />
                <line number="53" hits="1" branch="False" />
                <line number="54" hits="1" branch="False" />
                <line number="56" hits="3" branch="False" />
                <line number="58" hits="3" branch="False" />
                <line number="59" hits="3" branch="False" />
              </lines>
            </method>
          </methods>
          <lines>
            <line number="26" hits="3" branch="False" />
            <line number="27" hits="3" branch="False" />
            <line number="29" hits="3" branch="False" />
            <line number="30" hits="15" branch="True" condition-coverage="100% (2/2)">
              <conditions>
                <condition number="565" type="jump" coverage="100%" />
              </conditions>
            </line>
            <line number="31" hits="3" branch="False" />
            <line number="32" hits="3" branch="False" />
            <line number="33" hits="3" branch="True" condition-coverage="100% (2/2)">
              <conditions>
                <condition number="265" type="jump" coverage="100%" />
              </conditions>
            </line>
            <line number="34" hits="2" branch="False" />
            <line number="35" hits="2" branch="True" condition-coverage="50% (2/4)">
              <conditions>
                <condition number="352" type="jump" coverage="50%" />
                <condition number="375" type="jump" coverage="50%" />
              </conditions>
            </line>
            <line number="36" hits="2" branch="False" />
            <line number="37" hits="2" branch="False" />
            <line number="38" hits="2" branch="False" />
            <line number="39" hits="2" branch="False" />
            <line number="40" hits="2" branch="False" />
            <line number="41" hits="2" branch="False" />
            <line number="42" hits="2" branch="False" />
            <line number="43" hits="2" branch="False" />
            <line number="46" hits="1" branch="True" condition-coverage="50% (4/8)">
              <conditions>
                <condition number="455" type="jump" coverage="50%" />
                <condition number="467" type="jump" coverage="50%" />
                <condition number="487" type="jump" coverage="50%" />
                <condition number="499" type="jump" coverage="50%" />
              </conditions>
            </line>
            <line number="47" hits="1" branch="False" />
            <line number="48" hits="1" branch="False" />
            <line number="49" hits="1" branch="False" />
            <line number="50" hits="1" branch="False" />
            <line number="51" hits="1" branch="False" />
            <line number="52" hits="1" branch="False" />
            <line number="53" hits="1" branch="False" />
            <line number="54" hits="1" branch="False" />
            <line number="56" hits="3" branch="False" />
            <line number="58" hits="3" branch="False" />
            <line number="59" hits="3" branch="False" />
          </lines>
        </class>
        <class name="CharacterManager.Infrastructure.Characters.LocalJsonCharacterRepository/&lt;LoadFromPathAsync&gt;d__9" filename="CharacterManager.Infrastructure\Characters\LocalJsonCharacterRepository.cs" line-rate="0.5" branch-rate="0.6666" complexity="6">
          <methods>
            <method name="MoveNext" signature="()" line-rate="0.5" branch-rate="0.6666" complexity="6">
              <lines>
                <line number="104" hits="12" branch="False" />
                <line number="106" hits="12" branch="False" />
                <line number="107" hits="12" branch="False" />
                <line number="108" hits="12" branch="False" />
                <line number="109" hits="11" branch="True" condition-coverage="50% (1/2)">
                  <conditions>
                    <condition number="234" type="jump" coverage="50%" />
                  </conditions>
                </line>
                <line number="110" hits="0" branch="False" />
                <line number="111" hits="0" branch="False" />
                <line number="114" hits="11" branch="True" condition-coverage="50% (1/2)">
                  <conditions>
                    <condition number="298" type="jump" coverage="50%" />
                  </conditions>
                </line>
                <line number="115" hits="0" branch="False" />
                <line number="116" hits="0" branch="False" />
                <line number="119" hits="11" branch="True" condition-coverage="100% (2/2)">
                  <conditions>
                    <condition number="387" type="jump" coverage="100%" />
                  </conditions>
                </line>
                <line number="120" hits="0" branch="False" />
                <line number="121" hits="1" branch="False" />
                <line number="122" hits="1" branch="False" />
                <line number="123" hits="1" branch="False" />
                <line number="125" hits="0" branch="False" />
                <line number="126" hits="0" branch="False" />
                <line number="127" hits="0" branch="False" />
                <line number="129" hits="0" branch="False" />
                <line number="130" hits="0" branch="False" />
                <line number="131" hits="0" branch="False" />
                <line number="133" hits="12" branch="False" />
              </lines>
            </method>
          </methods>
          <lines>
            <line number="104" hits="12" branch="False" />
            <line number="106" hits="12" branch="False" />
            <line number="107" hits="12" branch="False" />
            <line number="108" hits="12" branch="False" />
            <line number="109" hits="11" branch="True" condition-coverage="50% (1/2)">
              <conditions>
                <condition number="234" type="jump" coverage="50%" />
              </conditions>
            </line>
            <line number="110" hits="0" branch="False" />
            <line number="111" hits="0" branch="False" />
            <line number="114" hits="11" branch="True" condition-coverage="50% (1/2)">
              <conditions>
                <condition number="298" type="jump" coverage="50%" />
              </conditions>
            </line>
            <line number="115" hits="0" branch="False" />
            <line number="116" hits="0" branch="False" />
            <line number="119" hits="11" branch="True" condition-coverage="100% (2/2)">
              <conditions>
                <condition number="387" type="jump" coverage="100%" />
              </conditions>
            </line>
            <line number="120" hits="0" branch="False" />
            <line number="121" hits="1" branch="False" />
            <line number="122" hits="1" branch="False" />
            <line number="123" hits="1" branch="False" />
            <line number="125" hits="0" branch="False" />
            <line number="126" hits="0" branch="False" />
            <line number="127" hits="0" branch="False" />
            <line number="129" hits="0" branch="False" />
            <line number="130" hits="0" branch="False" />
            <line number="131" hits="0" branch="False" />
            <line number="133" hits="12" branch="False" />
          </lines>
        </class>
        <class name="CharacterManager.Infrastructure.Characters.LocalJsonCharacterRepository/&lt;SaveAsync&gt;d__6" filename="CharacterManager.Infrastructure\Characters\LocalJsonCharacterRepository.cs" line-rate="1" branch-rate="1" complexity="2">
          <methods>
            <method name="MoveNext" signature="()" line-rate="1" branch-rate="1" complexity="2">
              <lines>
                <line number="73" hits="10" branch="False" />
                <line number="74" hits="10" branch="False" />
                <line number="76" hits="10" branch="False" />
                <line number="77" hits="10" branch="False" />
                <line number="78" hits="10" branch="False" />
                <line number="79" hits="10" branch="False" />
                <line number="80" hits="10" branch="False" />
                <line number="81" hits="10" branch="False" />
                <line number="82" hits="10" branch="True" condition-coverage="100% (2/2)">
                  <conditions>
                    <condition number="486" type="jump" coverage="100%" />
                  </conditions>
                </line>
                <line number="84" hits="10" branch="False" />
                <line number="85" hits="10" branch="False" />
              </lines>
            </method>
          </methods>
          <lines>
            <line number="73" hits="10" branch="False" />
            <line number="74" hits="10" branch="False" />
            <line number="76" hits="10" branch="False" />
            <line number="77" hits="10" branch="False" />
            <line number="78" hits="10" branch="False" />
            <line number="79" hits="10" branch="False" />
            <line number="80" hits="10" branch="False" />
            <line number="81" hits="10" branch="False" />
            <line number="82" hits="10" branch="True" condition-coverage="100% (2/2)">
              <conditions>
                <condition number="486" type="jump" coverage="100%" />
              </conditions>
            </line>
            <line number="84" hits="10" branch="False" />
            <line number="85" hits="10" branch="False" />
          </lines>
        </class>
      </classes>
    </package>
  </packages>
</coverage>